  "https://dl.google.com/dl/android/aosp/shamu-lrx21o-factory-e028f5ea.tgz"
  "https://dl.google.com/dl/android/aosp/shamu-lrx22c-factory-ff173fc6.tgz"
  "https://dl.google.com/dl/android/aosp/shamu-lmy47d-factory-6c44d402.tgz"
  "https://dl.google.com/dl/android/aosp/shamu-lmy47e-factory-cf313164.tgz"
  "https://dl.google.com/dl/android/aosp/shamu-lmy47i-factory-c8afc588.tgz"
  "https://dl.google.com/dl/android/aosp/fugu-lrx21m-factory-aeed3bef.tgz"
  "https://dl.google.com/dl/android/aosp/fugu-lrx21v-factory-64050f47.tgz"
  "https://dl.google.com/dl/android/aosp/fugu-lmy47d-factory-f6d66f35.tgz"
  "https://dl.google.com/dl/android/aosp/fugu-lmy47v-factory-d83f363e.tgz"
  "https://dl.google.com/dl/android/aosp/volantisg-lrx22c-factory-a9668749.tgz"
  "https://dl.google.com/dl/android/aosp/volantisg-lrx22l-factory-b65cdb0f.tgz"
  "https://dl.google.com/dl/android/aosp/volantis-lrx21q-factory-10521789.tgz"
  "https://dl.google.com/dl/android/aosp/volantis-lrx21r-factory-ac87eba2.tgz"
  "https://dl.google.com/dl/android/aosp/volantis-lrx22c-factory-8d83cd9b.tgz"
  "https://dl.google.com/dl/android/aosp/volantis-lrx22l-factory-62276615.tgz"
  "https://dl.google.com/dl/android/aosp/volantis-lmy47x-factory-3efdc8d4.tgz"
  "https://dl.google.com/dl/android/aosp/hammerhead-krt16m-factory-bd9c39de.tgz"
  "https://dl.google.com/dl/android/aosp/hammerhead-kot49h-factory-02006b99.tgz"
  "https://dl.google.com/dl/android/aosp/hammerhead-ktu84m-factory-53ff95bf.tgz"
  "https://dl.google.com/dl/android/aosp/hammerhead-ktu84p-factory-35ea0277.tgz"
  "https://dl.google.com/dl/android/aosp/hammerhead-ktu84q-factory-ae475293.tgz"
  "https://dl.google.com/dl/android/aosp/hammerhead-lrx21o-factory-01315e08.tgz"
  "https://dl.google.com/dl/android/aosp/hammerhead-lrx22c-factory-0f9eda1b.tgz"
  "https://dl.google.com/dl/android/aosp/hammerhead-lmy47d-factory-6c1ad81e.tgz"
  "https://dl.google.com/dl/android/aosp/hammerhead-lmy47i-factory-df127988.tgz"
  "https://dl.google.com/dl/android/aosp/razor-jss15q-factory-4f77b811.tgz"
  "https://dl.google.com/dl/android/aosp/razor-jss15r-factory-ec2d4f76.tgz"
  "https://dl.google.com/dl/android/aosp/razor-krt16s-factory-7235eb0d.tgz"
  "https://dl.google.com/dl/android/aosp/razor-kot49h-factory-ebb4918e.tgz"
  "https://dl.google.com/dl/android/aosp/razor-ktu84l-factory-afe3afc8.tgz"
  "https://dl.google.com/dl/android/aosp/razor-ktu84p-factory-b1b2c0da.tgz"
  "https://dl.google.com/dl/android/aosp/razor-lrx21p-factory-ba55c6ab.tgz"
  "https://dl.google.com/dl/android/aosp/razor-lrx22c-factory-a9c6e55f.tgz"
  "https://dl.google.com/dl/android/aosp/razor-lrx22g-factory-bff2093e.tgz"
  "https://dl.google.com/dl/android/aosp/razor-lmy47o-factory-ae3d97f9.tgz"
  "https://dl.google.com/dl/android/aosp/razor-lmy47v-factory-a58e6175.tgz"
  "https://dl.google.com/dl/android/aosp/razorg-JLS36C-factory-fb03a89f.tgz"
  "https://dl.google.com/dl/android/aosp/razorg-jls36i-factory-ecb320cd.tgz"
  "https://dl.google.com/dl/android/aosp/razorg-krt16s-factory-bd6c9241.tgz"
  "https://dl.google.com/dl/android/aosp/razorg-kot49h-factory-49789b24.tgz"
  "https://dl.google.com/dl/android/aosp/razorg-kvt49l-factory-65bdbe0a.tgz"
  "https://dl.google.com/dl/android/aosp/razorg-ktu84l-factory-9f9b9ef2.tgz"
  "https://dl.google.com/dl/android/aosp/razorg-ktu84p-factory-f21762aa.tgz"
  "https://dl.google.com/dl/android/aosp/razorg-lrx22g-factory-2ce5202c.tgz"
  "https://dl.google.com/dl/android/aosp/razorg-lmy47o-factory-4fa870e1.tgz"
  "https://dl.google.com/dl/android/aosp/mantaray-jdq39-factory-d79f489e.tgz"
  "https://dl.google.com/dl/android/aosp/mantaray-jwr66y-factory-3d8252dd.tgz"
  "https://dl.google.com/dl/android/aosp/mantaray-krt16s-factory-94413961.tgz"
  "https://dl.google.com/dl/android/aosp/mantaray-kot49h-factory-174ba74f.tgz"
  "https://dl.google.com/dl/android/aosp/mantaray-ktu84l-factory-8fefbb27.tgz"
  "https://dl.google.com/dl/android/aosp/mantaray-ktu84p-factory-74e52998.tgz"
  "https://dl.google.com/dl/android/aosp/mantaray-lrx21p-factory-ad2499ea.tgz"
  "https://dl.google.com/dl/android/aosp/mantaray-lrx22c-factory-1a7ae5d1.tgz"
  "https://dl.google.com/dl/android/aosp/mantaray-lrx22g-factory-81af84cb.tgz"
  "https://dl.google.com/dl/android/aosp/mantaray-lmy47d-factory-63eade7f.tgz"
  "https://dl.google.com/dl/android/aosp/mantaray-lmy47v-factory-91a865a6.tgz"
  "https://dl.google.com/dl/android/aosp/occam-jdq39-factory-345dc199.tgz"
  "https://dl.google.com/dl/android/aosp/occam-jwr66y-factory-74b1deab.tgz"
  "https://dl.google.com/dl/android/aosp/occam-krt16s-factory-2006f418.tgz"
  "https://dl.google.com/dl/android/aosp/occam-kot49h-factory-02e344de.tgz"
  "https://dl.google.com/dl/android/aosp/occam-ktu84l-factory-0d3fd624.tgz"
  "https://dl.google.com/dl/android/aosp/occam-ktu84p-factory-b6ac3ad6.tgz"
  "https://dl.google.com/dl/android/aosp/occam-lrx21t-factory-51cee750.tgz"
  "https://dl.google.com/dl/android/aosp/occam-lrx22c-factory-86c04af6.tgz"
  "https://dl.google.com/dl/android/aosp/occam-lmy47o-factory-cae68e81.tgz"
  "https://dl.google.com/dl/android/aosp/nakasi-jzo54k-factory-973f190e.tgz"
  "https://dl.google.com/dl/android/aosp/nakasi-jdq39-factory-c317339e.tgz"
  "https://dl.google.com/dl/android/aosp/nakasi-jwr66y-factory-1e503532.tgz"
  "https://dl.google.com/dl/android/aosp/nakasi-krt16s-factory-da7dee49.tgz"
  "https://dl.google.com/dl/android/aosp/nakasi-kot49h-factory-5e9db5e1.tgz"
  "https://dl.google.com/dl/android/aosp/nakasi-ktu84l-factory-44e9f4f9.tgz"
  "https://dl.google.com/dl/android/aosp/nakasi-ktu84p-factory-2c6e4d6f.tgz"
  "https://dl.google.com/dl/android/aosp/nakasi-lrx21p-factory-15ed139f.tgz"
  "https://dl.google.com/dl/android/aosp/nakasi-lrx22g-factory-30701477.tgz"
  "https://dl.google.com/dl/android/aosp/nakasi-lmy47d-factory-ee97ce42.tgz"
  "https://dl.google.com/dl/android/aosp/nakasi-lmy47v-factory-b48bd71d.tgz"
  "https://dl.google.com/dl/android/aosp/nakasig-jdq39-factory-0798439d.tgz"
  "https://dl.google.com/dl/android/aosp/nakasig-jwr66y-factory-bdbb7bd7.tgz"
  "https://dl.google.com/dl/android/aosp/nakasig-krt16s-factory-1e882585.tgz"
  "https://dl.google.com/dl/android/aosp/nakasig-kot49h-factory-83d93b5f.tgz"
  "https://dl.google.com/dl/android/aosp/nakasig-ktu84l-factory-ee1670c9.tgz"
  "https://dl.google.com/dl/android/aosp/nakasig-ktu84p-factory-ef6aaa76.tgz"
  "https://dl.google.com/dl/android/aosp/nakasig-lrx22g-factory-99b25f67.tgz"
  "https://dl.google.com/dl/android/aosp/nakasig-lmy47d-factory-f665cb16.tgz"
  "https://dl.google.com/dl/android/aosp/tungsten-ian67k-factory-468d9865.tgz"
  "https://dl.google.com/dl/android/aosp/takju-imm76i-factory-e8c33767.tgz"
  "https://dl.google.com/dl/android/aosp/takju-jzo54k-factory-92830c0b.tgz"
  "https://dl.google.com/dl/android/aosp/takju-jdq39-factory-5e273f02.tgz"
  "https://dl.google.com/dl/android/aosp/takju-jwr66y-factory-5104ab1d.tgz"
  "https://dl.google.com/dl/android/aosp/yakju-imm76i-factory-8001e72f.tgz"
  "https://dl.google.com/dl/android/aosp/yakju-jzo54k-factory-92ff9457.tgz"
  "https://dl.google.com/dl/android/aosp/yakju-jdq39-factory-b2ebb5f3.tgz"
  "https://dl.google.com/dl/android/aosp/yakju-jwr66y-factory-09207065.tgz"
  "https://dl.google.com/dl/android/aosp/mysid-imm76k-factory-98d21321.tgz"
  "https://dl.google.com/dl/android/aosp/mysid-jro03o-factory-f17426e6.tgz"
  "https://dl.google.com/dl/android/aosp/mysid-jdq39-factory-e365033f.tgz"
  "https://dl.google.com/dl/android/aosp/mysidspr-fh05-factory-8cb5208b.tgz"
  "https://dl.google.com/dl/android/aosp/mysidspr-ga02-factory.tgz"
  "https://dl.google.com/dl/android/aosp/soju-grk39f-factory-5ab09c98.tgz"
  "https://dl.google.com/dl/android/aosp/soju-imm76d-factory-ca4ae9ee.tgz"
  "https://dl.google.com/dl/android/aosp/soju-jzo54k-factory-36602333.tgz"
  "https://dl.google.com/dl/android/aosp/sojua-grk39f-factory-5d73a09d.tgz"
  "https://dl.google.com/dl/android/aosp/sojua-imm76d-factory-76ad4959.tgz"
  "https://dl.google.com/dl/android/aosp/sojua-jzo54k-factory-1121b619.tgz"
  "https://dl.google.com/dl/android/aosp/sojuk-grk39f-factory-4d5663c0.tgz"
  "https://dl.google.com/dl/android/aosp/sojuk-imm76d-factory-422adc36.tgz"
  "https://dl.google.com/dl/android/aosp/sojuk-jro03e-factory-93a21b70.tgz"
  "https://dl.google.com/dl/android/aosp/sojus-gwk74-factory-4a34b67a.tgz"
  "https://dl.google.com/dl/android/aosp/sojus-imm76d-factory-10660f4c.tgz"
  "https://dl.google.com/dl/android/aosp/sojus-jro03r-factory-59a247f5.tgz"
