C6603
1
3.4.0-g183bce7
4.2.2
msm8960
Nexus 7
1
3.4.0-gd613a6a
4.3.1
msm8960
HTC6435LVW
1
3.4.10-CM-gf32cee4
4.3.1
msm8960
C5503
1
3.4.0-g76f935e
4.3.1
msm8960
LG-E970
1
3.4.0-CM+
4.3.1
msm8960
HTC One X
1
3.1.10-cyanogenmod+
4.3.1
tegra
Nexus 7
1
3.4.0-gd613a6a
4.3.1
msm8960
SAMSUNG-SGH-T989
1
3.0.89-cyanogenmod-g53452f3
4.3.1
msm8660
One
1
3.4.10-CM-gf32cee4
4.3.1
msm8960
Nexus 4
1
3.4.0-cyanogenmod-gd613a6a
4.3.1
msm8960
Nexus 10
1
3.4.39-g3027e99
4.3.1
exynos5
C6503
1
3.4.0-g76f935e
4.3.1
msm8960
SGP321
1
3.4.0-g76f935e
4.3.1
msm8960
SAMSUNG-SGH-I727
1
3.0.89-cyanogenmod-g53452f3
4.3.1
msm8660
GT-I9260
1
3.0.31-CM-g4bd98f8
4.3.1
omap4
GT-N7105
1
3.0.64-CM-gd6f2f4a
4.3.1
exynos4
Nexus 7
1
3.1.10-g30c5396
4.3.1
tegra3
Xperia Z Ultra
1
3.4.0-T
4.3.1
msm8974
Galaxy Nexus
1
3.0.72-cyanogenmod-g5054657
4.3.1
omap4
Galaxy Nexus
1
3.0.72-cyanogenmod-g5054657
4.3.1
omap4
C6603
1
3.4.0-g76f935e
4.3.1
msm8960
Nexus 7
1
3.4.0-cyanogenmod-gb7efce1
4.3.1
msm8960
Nexus 7
1
3.1.10-g30c5396
4.3.1
tegra3
One
1
3.4.10-CM-gf32cee4
4.3.1
msm8960
Galaxy Nexus
1
3.0.72-cyanogenmod-g5054657
4.3.1
omap4
Nexus 4
1
3.4.0-cyanogenmod-gb7efce1
4.3.1
msm8960
Nexus 10
1
3.4.39-g3027e99
4.3.1
exynos5
C6503
1
3.4.0-g694a127
4.3.1
msm8960
LG-P760
1
3.0.31-CM+
4.3.1
omap4
LG-P930
1
3.0.31-cyanogenmod+
4.3.1
msm8660
SGP311
1
3.4.0-g694a127
4.3.1
msm8960
Nexus Q
1
3.0.8-CM+
4.3.1
omap4
GT-I9260
1
3.0.31-CM-g3c497ac
4.3.1
omap4
Nexus 7
1
3.1.10-g30c5396
4.3.1
tegra3
Galaxy Nexus
1
3.0.72-cyanogenmod-g5054657
4.3.1
omap4
XT897
1
3.0.101-g5588e23
4.3.1
msm8960
XT926
1
3.0.101-g5588e23
4.3.1
msm8960
C6603
1
3.4.0-g694a127
4.3.1
msm8960
One M8
1
3.4.0-g001341f
4.4.4
msm8974
One Mini 2
1
3.4.0-g001341f
4.4.4
msm8226
Xperia ZL
1
3.4.0-cm-g561cc06
4.4.4
msm8960
Xperia Tablet Z Wi-Fi
1
3.4.0-cm-g561cc06
4.4.4
msm8960
Xperia Tablet Z LTE
1
3.4.0-cm-g561cc06
4.4.4
msm8960
Xperia Z2
1
3.4.0-cy
4.4.4
msm8974
One S
1
3.4.82-gd559526
4.4.4
msm8960
Xperia Z
1
3.4.0-cm-g561cc06
4.4.4
msm8960
Nexus 7
1
3.4.0-cyanogenmod-gd0183c8
4.4.4
msm8960
LG-E975
1
3.4.0-CM+
4.4.4
msm8960
LG-E980
1
3.4.0-CM+
4.4.4
msm8960
Nexus 7
1
3.4.0-cyanogenmod-gd0183c8
4.4.4
msm8960
GT-I9300
1
3.0.64-CM-g4ca83ff
4.4.4
exynos4
Galaxy Nexus
1
3.0.101-cyanogenmod-g951c918
4.4.4
omap4
Nexus 4
1
3.4.0-cyanogenmod-gd0183c8
4.4.4
msm8960
Xperia Z1 Compact
1
3.4.0-cm-gce894ad
5.0.2
msm8974
Xperia Z2 Tablet Wifi
1
3.4.0-cm-gce894ad
5.0.2
msm8974
Xperia Z2 Tablet LTE
1
3.4.0-cm-gce894ad
5.0.2
msm8974
Nexus 7
1
3.4.0-cyanogenmod-g0be838e
5.0.2
msm8960
HTC6435LVW
1
3.4.10-CM-gbe9c61cA
5.0.2
msm8960
LG-E970
1
3.4.0-CM+
5.0.2
msm8960
One X
1
3.4.105-ge9505b7
5.0.2
msm8960
Find 5
1
3.4.76-cyanogenmod-ge5edb18
5.0.2
msm8960
Nexus 7
1
3.4.0-cyanogenmod-g0be838e
5.0.2
msm8960
Nexus 7
1
3.1.10-g087f181
5.0.2
tegra3
Nexus 5 CAF
1
3.4.0-cyanogenmod-g5dc9740
5.0.2
msm8974
Nexus 5
1
3.4.0-cyanogenmod-g7b71fd5
5.0.2
msm8974
Xperia Z1
1
3.4.0-cm-gce894ad
5.0.2
msm8974
SCH-I605
1
3.0.64-CM-ga0d78f8
5.0.2
exynos4
EVO
1
3.4.105-ge9505b7
5.0.2
msm8960
SM-T700
1
3.4.105-g1cb7a84
5.0.2
exynos5
RAZR HD
1
3.0.101-ge119199
5.0.2
msm8960
Xperia Z3C
1
3.4.0-cm-gce894ad
5.0.2
msm8974
Xperia Z3
1
3.4.0-cm-gce894ad
5.0.2
msm8974
