LG-P930
1
3.0.31-cyanogenmod+
4.4.4
msm8660
LG-P930
1
3.0.31-cyanogenmod+
4.2.2
msm8660
LG-P500
1
2.6.35.10-cyanogenmod
2.3.7
msm7k
LG-P500
1
2.6.35.10-cyanogenmod
2.3.7
msm7k
LG-E975
1
3.4.0-CM+
5.1.1
msm8960
LG-P930
1
3.0.31-mokee+
4.4.3
msm8660
LG-E975
1
3.4.0-CM+
4.2.2
msm8960
LG-P500
1
2.6.35.10-cyanogenmod
2.3.7
msm7k
LG-E975
1
3.4.0-mokee+
5.1.1
msm8960
LG-P500
1
2.6.35.10-cyanogenmod
2.3.7
msm7k
LG-E975
1
3.4.0-CM+
4.2.2
msm8960
LG-E975
1
3.4.0-MIUI-Rogue
4.2.2
msm8960
LG-E975
1
3.4.0-CM+
4.3.1
msm8960
LG-P500
1
2.6.35.10-cyanogenmod
2.3.7
msm7k
LG-P930
1
3.0.31-cyanogenmod
4.3.1
msm8660
LG-E975
1
3.4.0
4.4.2
msm8960
LG-E975
1
3.4.0-CM+
4.2.2
msm8960
LG-E510
1
2.6.35.10-cyanogenmod
2.3.7
msm7k
LG-E980
1
3.4.0-CM+
4.4.4
msm8960
LG-E975
1
3.4.0-CM+
4.4.3
msm8960
G Watch R
1
3.10.0-g8b779e0
5.0.2
msm8226
LG-E975
1
3.4.0-CM+
4.3.1
msm8960
LG-E980
1
3.4.0
4.4.2
msm8960
LG Optimus G
1
3.4.85-SlimKat_4.4_2.5
4.4.2
msm8960
LG-P760
1
3.0.31-mikegapinski+
4.2.2
omap4
LG-P760
1
3.0.31-CM+
4.3.1
omap4
LG-E980
1
3.4.0-CM+
4.4.4
msm8960
LG-P760
1
3.0.31-CM+
4.2.2
omap4
LG-P760
1
3.0.31-CM+
4.3.1
omap4
LG-C660
1
2.6.35.10-cyanogenmod
2.3.7
msm7k
LG-P930
1
3.0.31-cyanogenmod+
4.3.1
msm8660
LG-P760
1
3.0.31-mikegapinski+
4.2.2
omap4
LG-D802
1
3.4.102-cloudykernelA
4.4.2
msm8974
LG-E610
1
3.4.0-CM
4.1.2
msm7x27a
LG-D802
1
3.4.102-cloudykernelA
4.4.2
msm8974
LG-P350
1
2.6.32.9-Cyanogenmod
2.3.7
msm7k
LG-P930
1
3.0.31-mokee+
4.4.4
msm8660
LG-C660
1
2.6.35.10-cyanogenmod
2.3.7
msm7k
LG-LU6200
1
3.4.59beta1
4.4.4
msm8660
LG-P760
1
3.4.0-
4.1.2
msm8660
LG-LU6200
1
3.4.0-
4.1.2
msm8660
LG-LU6200
1
3.0.8-perf
4.0.4
msm8660
