Coolpad 5950
1
3.4.0-perf
4.1.2
msm7627a
U707T
1
3.4.5
4.2.1
MT6589
U705T
1
3.4.0
4.1.1
MT6577
OPPO
1
3.4.0-perf-svn5249
4.2.2
msm8960
OPPO
1
3.4.0-perf-svn4666
4.2.2
msm8960
Coolpad 8297W
1
3.4.39
4.2.2
mt6582
Coolpad 7295C
1
3.4.5
4.2.2
mt6582
OPPO
1
3.4.0-svn7392
4.3
msm8974
OPPO
1
3.4.0-svn7920
4.3
msm8974
R8007
1
3.4.0
4.3
msm8226
R2017
1
3.4.0
4.3
msm8226
R831T
1
3.4.5
4.2.2
MT6572
Coolpad 5951
1
3.4.0-perf
4.1.2
msm7627a
R821T
1
3.4.5
4.2.2
MT6572
Coolpad 8675
1
3.4.67
4.4.2
MT6592
Coolpad 8730L
1
3.4.0-g1e451e8-04485-g36593cb
4.3
msm8226
R827T
1
3.4.5
4.2.2
MT6582
Coolpad 8702
1
3.4.0-g1e451e8-04482-g89d8c9c
4.3
msm8226
Coolpad 7270_W00
1
3.4.5
4.2.2
MT6589
Coolpad 8670
1
3.4.67
4.4.2
msm8916_32
R8107
1
3.10.28
4.4.4
msm8916
Coolpad8295M
1
3.4.5
4.2.1
MT6589
OPPO
1
3.4.0
4.4.4
msm8974
Coolpad 5892
1
3.4.0-g1e451e8-03880-gda98128-dirty
4.3
msm8226
Coolpad 7620L
1
3.4.0-g1e451e8-04462-gb503644
4.3
msm8226
Coolpad 8297-T01
1
3.10.28
4.4.4
msm8916
X907
1
3.0.8-perf-svn7840
4.0.3
msm8660
R829T
1
3.4.5
4.2.2
MT6582
Coolpad 8297
1
3.4.39
4.2.2
MT6592
R833T
1
3.4.5
4.2.2
MT6582
HUAWEI G700-U00
1
3.4.5
4.2.1
MT6589
HUAWEI G610-T00
1
3.4.5
4.2.1
MT6589
HUAWEI G520-T10
1
3.4.5
4.2.1
MT6589
HUAWEI Y511-T00
1
3.4.5
4.2.2
MT6572
