Lenovo P700i
1
3.0.13
4.0.4
MT6577
Lenovo S720
1
3.0.13
4.0.4
MT6577
ZTE U930
1
2.6.39.4-00001-g32d2384
4.0.3
tegra
ZTE U970
1
2.6.39.4
4.0.3
tegra
ZTE U950
1
3.1.10
4.0.4
tegra
ZTE N881F
1
3.0.21-perf
4.0.4
msm7627a
Lenovo A65
1
2.6.35.7
2.3.5
MT6573
ZTE V970
1
3.0.13
4.0.4
MT6577
HUAWEI Y210-2010
1
2.6.38.6-perf
2.3.6
msm7k
Lenovo K860i
1
3.0.15+
4.2.1
exynos4
ZTE V987
1
3.4.5
4.2.1
MT6589
HUAWEI G510-0010
1
3.4.0-perf-g0d04852-00781-g74027e0
4.1.1
msm7627a
ZTE N5
1
3.4.0
4.1.2
msm8960
HUAWEI U8950D
1
3.0.21-perf-g07d599d-00206-g2be561d
4.0.4
msm7627a
ZTE N909
1
3.4.0-perf
4.1.2
msm7627a
Lenovo A798t
1
3.0.13
4.0.4
MT6577
ZTE U956
1
3.4.5
4.1.2
MT6589
Lenovo A800
1
3.0.13
4.0.4
MT6577
Lenovo A820t
1
3.4.5
4.1.2
MT6589
Lenovo S820
1
3.4.5
4.2.1
MT6589
Lenovo A60+
1
2.6.35.7
2.3.6
MT6575
Lenovo A820
1
3.4.5
4.1.2
MT6589
Lenovo A830
1
3.4.5
4.2.1
MT6589
ZTE V967S
1
3.4.5
4.2.1
MT6589
ZTE U795
1
3.0.13
4.0.4
MT6575
Lenovo S890
1
3.4.0
4.1.1
MT6577
Lenovo A690
1
2.6.35.7
2.3.6
MT6575
ZTE V889M
1
3.0.13
4.0.4
MT6577
ZTE V889S
1
3.4.0
4.1.1
MT6577
Lenovo A780
1
3.0.8-perf
4.0.4
msm7627a
ZTE V818
1
3.4.5
4.2.2
MT6572
Lenovo A630t
1
3.0.13
4.0.4
MT6577
Lenovo A850
1
3.4.5
4.2.2
MT6582
ZTE N986
1
3.4.5
4.2.1
MT6589
ZTE U5
1
3.1.10-gb679445
4.1.2
tegra
Lenovo A760
1
3.4.0-g8c71b5a-57232-gb00ef5a
4.1.2
msm7627a
Lenovo A770e
1
3.4.0+
4.1.2
msm7627a
ZTE V955
1
3.0.21-perf
4.0.4
msm7627a
Lenovo P780
1
3.4.5
4.2.1
MT6589
HUAWEI G520-T10
1
3.4.5
4.2.1
MT6589
ZTE Grand S
1
3.4.0
4.1.2
msm8960
Lenovo S920
1
3.4.5
4.2.2
MT6589
ZTE N919
1
3.4.0-perf
4.1.2
msm7627a
ZTE U817
1
3.0.13
4.0.4
MT6577
ZTE U819
1
3.4.5
4.1.2
MT6589
Lenovo A820e
1
3.4.0+
4.1.2
msm7627a
H30-T10
1
3.4.5
4.2.2
mtk
ZTE U879
1
3.4.5
4.2.2
MT6572
Lenovo P770
1
3.4.0
4.1.1
MT6577
U9180
1
3.4.0-g7f45615-00083-g8b08b45
4.3
msm8226
V9180
1
3.4.0-g7f45615-00083-g8b08b45
4.3
msm8226
ZTE STAR
1
3.4.0-g14dd776-dirty
4.4.2
msm8226
ZTE U985
1
3.1.10-00001-g1f6c322
4.0.4
tegra
ZTE Grand S
1
3.4.0
4.1.2
msm8960
N9180
1
3.4.0-g7f45615-00072-g45871b9
4.3
msm8226
Lenovo S898t+
1
3.4.67
4.4.2
MT6592
Lenovo S898t
1
3.4.5
4.2.2
MT6589
Lenovo A308t
1
3.4.5
2.3.6
MT6572
Lenovo A670t
1
3.4.5
4.2.1
MT6589
Lenovo A808t
1
3.4.67
4.4.2
MT6592
ZTE U807
1
3.0.13
4.0.4
MT6577
HUAWEI Y511-T00
1
3.4.5
4.2.2
MT6572
Lenovo A708t
1
3.4.5
4.2.2
MT6582
Lenovo A360t
1
3.4.67
4.4.2
MT6582
ZTE G717C
1
3.4.39
4.2.2
MT6592
U8860
1
3.0.8-perf-00052-g7da4379
4.0.3
msm7630_surf
ZTE-C N880S
1
2.6.32.9-perf
2.2.2
msm7k
ZTE Q505T
1
3.4.0
4.3
msm8226
U8860
1
3.0.8-perf-00052-g7da4379
4.0.3
msm7630_surf
Lenovo A320t
1
3.4.67
4.4.2
MT6582
HUAWEI C8812
1
3.0.8-perf-00037-gb818f1a
4.0.3
msm7627a
HUAWEI C8813
1
3.4.0-perf-g659f716-00027-g813a100
4.1.1
msm7627a
Hol-T00
1
3.4.5
4.2.2
MT6582
Lenovo K30-T
1
3.10.28-g6c1c2c5
4.4.4
msm8916
ZTE-U V960
1
2.6.35.7-perf+
2.3.5
msm7k
Lenovo A366t
1
2.6.35.7
2.3.6
MT6573
HUAWEI G700-U00
1
3.4.5
4.2.1
MT6589
HUAWEI G610-T00
1
3.4.5
4.2.1
MT6589
HUAWEI G520-T10
1
3.4.5
4.2.1
MT6589
HUAWEI Y511-T00
1
3.4.5
4.2.2
MT6572
