"http://oss.reflected.net/jenkins/110033/cm-11-20150510-NIGHTLY-p930.zip"
"http://shmain.fcloud.store.qq.com/store_raw_download?buid=17021&uuid=31297&key=49E21F05AD638E3098AD677ACBF5290BB4B07D6216AAE8892808E25B0F38482B&fsname=LG+Nitro+HD+P930+%E6%B5%81%E7%95%85%E7%9C%81%E7%94%B5%E9%A1%BA%E6%BB%91%E4%B8%8D%E5%8F%91%E7%83%AD.zip"
"http://shmain.fcloud.store.qq.com/store_raw_download?buid=17021&uuid=19604&key=9CEBA743DD18CB4162D50FB3B99CB2CD051EEBCFC660E3228D5C8CC0A5CCD7AB&fsname=LG+P930+%E9%AD%94%E8%B6%A3Mokee+43.1+for+LG+P930.zip"
"http://shmain.fcloud.store.qq.com/store_raw_download?buid=17021&uuid=54807&key=4C76E4EF8F51EB8A5F9BFBED45CC8C520F80504F8DA51A5030082744A9F1B569&fsname=LG+G+Watch+R+%E6%9C%80%E6%96%B0%E5%AE%98%E6%96%B9ROM+%E5%8D%A1%E5%88%B7%E5%8C%85.zip"
"http://oss.reflected.net/jenkins/57378/cm-10.2.1-p930.zip"
"http://shmain.fcloud.store.qq.com/store_raw_download?buid=17021&uuid=28474&key=F8F7D5DF96BFC74B0F61CA966FD2855FC2A7E2DCCC17BC0E6280C6A7101BE864&fsname=%5BMK44.4+%E6%AD%A3%E5%BC%8F%E7%89%88%5D+Mokee+Opensource+for+LG+Nitro+HD+%28P930%29.zip"
"http://shmain.fcloud.store.qq.com/store_raw_download?buid=17021&uuid=34003&key=15A0E82DB564F49323794A411B8EB9E1306E2423F3C267DCF2BCDEB0CD9B62BD&fsname=LG+Optimus+G+Pro+%28E986%29+ColorOS+2.0+%E9%80%82%E9%85%8D%E7%89%88.zip"
"http://get.cm/get/jenkins/41206/cm-10.2-20130911-NIGHTLY-e986.zip"
"http://miuirom.xiaomi.com/rom/u10091389/4.5.9/miui_gpro_ws008_4.5.9_2bf1a020f1_4.2.zip"
"http://shmain.fcloud.store.qq.com/store_raw_download?buid=17021&uuid=51478&key=0F87985613C482987610B80114AD45092DE978268A9FBC3658ED3B1B1D2E290E&fsname=LG+LS980+Remix5.0.2+V5.3.9+%E5%BD%92%E5%B1%9E%E5%9C%B0%E5%92%8CT9+%E6%9C%AC%E5%9C%B0%E5%A2%9E%E5%BC%BA%E7%89%88+%E9%80%9A%E8%AF%9D%E5%BD%95%E9%9F%B3+%E5%A4%9A%E5%8A%9F%E8%83%BD%E7%AD%89.zip"
"http://shmain.fcloud.store.qq.com/store_raw_download?buid=17021&uuid=28017&key=801B3AB44E131C0BC5749344B4F059C0276323440846C20ED996A07BD80DA754&fsname=%5B%E5%AE%89%E6%9E%81ROM%E5%A4%A7%E8%B5%9B%2B126%5DG+PRO+CM11+%E7%8A%B6%E6%80%81%E6%A0%8F%E7%BD%91%E9%80%9F+%E8%99%9A%E6%8B%9F%E5%86%85%E5%AD%98+%E8%99%9A%E6%8B%9F%E6%8C%89%E9%94%AE+%E8%A7%A6%E5%B1%8F%E5%8F%8C%E5%87%BB%E8%A7%A3%E9%94%81+%E7%9C%81%E7%94%B5%E7%A8%B3%E5%AE%9A%E6%B5%81%E7%95%85.zip"
"http://shmain.fcloud.store.qq.com/store_raw_download?buid=17021&uuid=48651&key=6D3E086296FA231B34EAB179C4BB382F1250C7B7785FABF705B7F0CA39B15093&fsname=LG+LS980+Pacman5.0.2+V3.1+%E7%94%B5%E8%AF%9D%E7%9F%AD%E4%BF%A1%E5%BD%92%E5%B1%9E%E5%92%8CT9+%E6%9C%AC%E5%9C%B0%E5%A2%9E%E5%BC%BA%E7%89%88.zip"
"http://shmain.fcloud.store.qq.com/store_raw_download?buid=17021&uuid=53051&key=83C33EFF79879F8F6D61B873281FB6F0ED20BD7F9EDEEF399A75C75A72D97956&fsname=LG+LS980+RemixV5.4.1+%E5%AE%89%E5%8D%935.1+%E5%BD%92%E5%B1%9E%E5%9C%B0%E5%92%8CT9+%E6%9C%AC%E5%9C%B0%E5%A2%9E%E5%BC%BA%E7%89%88+%E9%80%9A%E8%AF%9D%E5%BD%95%E9%9F%B3+%E5%A4%9A%E5%8A%9F%E8%83%BD%E7%AD%89+.zip"
"http://shmain.fcloud.store.qq.com/store_raw_download?buid=17021&uuid=47920&key=759ED567897BEBC31195C9FEBFAC73BFCDA04F2C26858BF474BFA15CFCA0F35D&fsname=LG+LS980+CrDroid+%E5%AE%89%E5%8D%935.0.2+Beta4.0+%E7%94%B5%E8%AF%9D%E7%9F%AD%E4%BF%A1%E5%BD%92%E5%B1%9E%E5%92%8CT9+%E5%86%9C%E5%8E%86+%E5%A4%9A%E5%8A%9F%E8%83%BD+%E7%A8%B3%E5%AE%9A%E5%AE%9E%E7%94%A8.zip"
"http://shmain.fcloud.store.qq.com/store_raw_download?buid=17021&uuid=48258&key=F7F25EC7408CC8A876C2F008521B3A15C753C4C1CA1F9A0376900F6A7DBA1FC9&fsname=LG+LS980+BlissPop+%E5%AE%89%E5%8D%935.0.2+V1.9%E6%AD%A3%E5%BC%8F%E7%A8%B3%E5%AE%9A%E7%89%88+%E5%BD%92%E5%B1%9E%E5%9C%B0%E5%92%8CT9+%E6%9C%AC%E5%9C%B0%E5%A2%9E%E5%BC%BA.zip"
"http://shmain.fcloud.store.qq.com/store_raw_download?buid=17021&uuid=46505&key=4F416D6F62F9624C89B5D42B4C507B51938957019502CE4E0C9E3C50E53D66E9&fsname=LG+LS980+BlissPop+%E5%AE%89%E5%8D%935.0.2+V1.7+%E7%94%B5%E8%AF%9D%E7%9F%AD%E4%BF%A1%E5%BD%92%E5%B1%9E%E5%92%8CT9%E6%8B%A8%E5%8F%B7+%E4%BC%97%E5%A4%9A%E5%8A%9F%E8%83%BD.zip"
"http://shmain.fcloud.store.qq.com/store_raw_download?buid=17021&uuid=5795&key=927357FAFF6DA5B29FC2C01E2CDAB283C64FEB14BF4A46B7A3FB6E4068B392A1&fsname=LG+Optimus+One%28P500%29+CM10+Jelly+Bean+Android4.1+Yang+Build5.zip"
"http://shmain.fcloud.store.qq.com/store_raw_download?buid=17021&uuid=32232&key=9F5E72172BC4AF02F83BF4F350E8A71FB015027DCB21E12EDE3307CCB61E718F&fsname=+LG+P500+Lewa%E4%B9%90%E8%9B%99rom%E6%9C%80%E7%BB%88%E7%89%88+%E5%85%A8%E9%83%A8%E4%B9%90%E8%9B%99%E5%8A%9F%E8%83%BD%E5%B7%B2%E5%AE%9E%E7%8E%B0.zip"
"http://shmain.fcloud.store.qq.com/store_raw_download?buid=17021&uuid=52654&key=62169514054DC6F8145352B878175E1F473A0CC5A65B0B0712A5CEADF5619A26&fsname=LG+LS980+CM12.1%E5%A2%9E%E5%BC%BA%E7%89%88+%E5%AE%89%E5%8D%935.1+Beta1.0+%E5%BD%92%E5%B1%9E%E5%9C%B0%E5%92%8CT9%E6%8B%A8%E5%8F%B7+%E9%80%9A%E8%AF%9D%E5%BD%95%E9%9F%B3+%E5%86%9C%E5%8E%86%E7%AD%89.zip"
"http://oss.reflected.net/jenkins/40549/cm-10.1.3-RC2-p930.zip"
"http://shmain.fcloud.store.qq.com/store_raw_download?buid=17021&uuid=9129&key=00CA8E752CDD652B68353273D6CE8B69471356CA0E22C5A1D8A1CE55FC3367C1&fsname=LG+P500+MIUI+%E4%BF%AE%E5%A4%8DUSB%E6%8C%82%E8%BD%BD%E9%87%8D%E5%90%AF%E9%97%AE%E9%A2%98+%E8%B6%85%E8%B6%8A%E5%90%8C%E7%B1%BBMIui-2.3%E5%9F%BA%E5%B8%A6.zip"
"http://shmain.fcloud.store.qq.com/store_raw_download?buid=17021&uuid=2802&key=A6B5D8E032A4E14CD1ABA9BBACF49885D52F1163B9F16966B7FD8930C8AE007F&fsname=LG+Optimus+One+P500+%E5%9F%BA%E4%BA%8EJoyos+1.1.8+%E7%A7%BB%E6%A4%8D%E7%89%88%E6%9C%AC.zip"
"http://shmain.fcloud.store.qq.com/store_raw_download?buid=17021&uuid=4783&key=036A09D13EF09755A290C9F82AE18994C24175CF9C24622F519EB4CCB41C2F35&fsname=LG+P500+%E7%BA%AF%E5%87%80%E7%89%88+%E7%82%B9%E5%BF%83OS+%E7%A7%BB%E6%A4%8D%E7%89%88+%E5%AE%8C%E7%BE%8E%E6%97%A0BUG+%E6%B5%81%E7%95%85%E7%9C%81%E7%94%B5.zip"
"http://shmain.fcloud.store.qq.com/store_raw_download?buid=17021&uuid=4468&key=6F7CCBB8589E9C39669371171207A502EC5E851B8856D3C4338EA4805F5102B1&fsname=+LG+P500+2.3%E5%9F%BA%E5%B8%A6+Miui.us-V4-2.6.29+%E7%A7%BB%E6%A4%8D%E7%89%88+%E5%AE%89%E5%8D%934.0.4.zip"
"http://shmain.fcloud.store.qq.com/store_raw_download?buid=17021&uuid=1007&key=76088191D7F2A80D3F58EA7F1386DE7F9FB876765FF574EDDDCBC4CEB2FB5157&fsname=LG+P500+2.3.4%E7%B2%BE%E7%AE%80%E5%AE%9A%E5%88%B6%E7%89%88%EF%BC%8C%E6%B7%BB%E5%8A%A0%E6%90%9C%E7%B4%A2%E9%94%AE%E9%94%81%E5%B1%8F.zip"
"http://shmain.fcloud.store.qq.com/store_raw_download?buid=17021&uuid=50157&key=34B00259CCD213C3E84DA43A37C5812C251823CF058F6DFEC50C75F53D5F6AB2&fsname=LG+LS980+CM12+%E5%AE%89%E5%8D%935.0.2+Beta5.1+%E7%94%B5%E8%AF%9D%E7%9F%AD%E4%BF%A1%E5%BD%92%E5%B1%9E%E5%92%8CT9%E6%8B%A8%E5%8F%B7+%E5%A2%9E%E5%BC%BA%E7%89%88+%E9%80%9A%E8%AF%9D%E5%BD%95%E9%9F%B3.zip"
"http://shmain.fcloud.store.qq.com/store_raw_download?buid=17021&uuid=1014&key=4BB005C034F886B54F596D667919B69A16E7DC3806FEAD416EA9140DD21CCFB7&fsname=NightlyFourE+V3.7%E6%9C%80%E6%96%B0ROM%EF%BC%8C%E7%BE%8E%E5%8C%96%E4%B8%8D%E9%94%99.zip"
"http://download.cyanogenmod.com/get/jenkins/21419/cm-7-20130301-NIGHTLY-p500.zip"
"http://oss.reflected.net/jenkins/110510/cm-12.1-20150515-NIGHTLY-e975.zip"
"http://miuirom.xiaomi.com/rom/u3573209/4.5.10/miui_f180_rogue_4.5.10_41e0ff582e_4.2.zip"
"http://shmain.fcloud.store.qq.com/store_raw_download?buid=17021&uuid=2620&key=80455AABAB18ECFF32ABCE7538F679F36BBB0A5115137AD34DF9D304617D4059&fsname=LG+Optimus+One+P500+Miui+Beta5.1+2.3.7+ROM.zip"
"http://shmain.fcloud.store.qq.com/store_raw_download?buid=17021&uuid=15225&key=8C0BDD22B0DD7E1BD2B69D99C3ADE8072B8E5FD13D2CB5DC1A8F5EB2781D9FEE&fsname=LG+E975+F180L+S+K+4.2.2+Avatar3.0+%E6%9C%AC%E5%9C%B0%E5%8C%96+%E5%8F%AF%E4%BD%BF%E7%94%A8%E7%B1%BBMIUI%E5%9C%A8%E7%BA%BF%E4%B8%BB%E9%A2%98.zip"
"http://shmain.fcloud.store.qq.com/store_raw_download?buid=17021&uuid=18744&key=00775FB04D667010652194F81E63AEE5A26E8917FCFEC79E0591337BCA62B5AB&fsname=%5BMK51.1+%E6%AD%A3%E5%BC%8F%E7%89%88%5D+Mokee+Opensource+for+LG+Optimus+G+%28E975%29.zip"
"http://shmain.fcloud.store.qq.com/store_raw_download?buid=17021&uuid=4671&key=06F95D58CBD9700F6BF6F1F81B412201B1548BD7DC96B27796AEC88D55F8186C&fsname=LG+P500+%E7%A7%BB%E6%A4%8D%E7%89%88+Miui2.3.7+A1.3+%280726%29+%E6%B5%81%E7%95%85+%E7%9C%81%E7%94%B5+%E6%AD%A3%E5%BC%8F%E7%89%88.zip"
"http://shmain.fcloud.store.qq.com/store_raw_download?buid=17021&uuid=15603&key=BC7592877AC49400750ACAFD7B5221561D57C9E9F8C48FB9DF2F1B7C016B6032&fsname=LG+E975+F180+Slim+4.2.2.build.7.2%E6%B1%89%E5%8C%96%E4%BC%98%E5%8C%96%E7%89%88+%E4%B8%9D%E6%BB%91%E6%B5%81%E7%95%85+%E9%85%B7%E9%BB%91%E7%BE%8E%E5%8C%96.zip"
"http://shmain.fcloud.store.qq.com/store_raw_download?buid=17021&uuid=35412&key=DDA114F3104175769DB9C105EB1C01B4BD01E52CC35C96548E7EB62D18C77BF5&fsname=LG+Optimus+G+%28E975%29+ColorOS+2.0+%E9%80%82%E9%85%8D%E7%89%88.zip"
"http://shmain.fcloud.store.qq.com/store_raw_download?buid=17021&uuid=24311&key=550A993337FC693CB380D01C9BB9CDF6877FCDC67C4F800A5BDD73137324C93F&fsname=LG+E975+COLOR_OS_MRMA_140223.zip"
"http://oss.reflected.net/jenkins/49861/cm-10.2.0-e975.zip"
"http://shmain.fcloud.store.qq.com/store_raw_download?buid=17021&uuid=4833&key=6E81B7A8AC5FD6569B39D7BE541CEBAC0EBB42831DE51E29EE89F4B1BBB8A8DD&fsname=LG+P500+%E7%AC%AC%E5%9B%9B%E5%8D%81%E6%9C%9F+%E4%B9%90%E8%9B%99OS+120803+%E5%BC%80%E5%8F%91%E7%89%88+%E5%85%A8%E6%96%B0%E5%A4%96%E8%A7%82+%E7%9C%81%E7%94%B5%E6%B5%81%E7%95%85.zip"
"http://shmain.fcloud.store.qq.com/store_raw_download?buid=17021&uuid=37851&key=DB32544EF79E6CCF3148BC0809E9E335141D77269E0B4F8ED5A00AD122FE144F&fsname=LG+Optimus+G++E975+F180+4.4%E7%9C%81%E7%94%B5%E5%94%AF%E7%BE%8E%E6%B5%81%E7%95%85%E7%A8%B3%E5%AE%9A%E4%BC%98%E5%8C%96%E7%89%88.zip"
"http://shmain.fcloud.store.qq.com/store_raw_download?buid=17021&uuid=14751&key=18E045714828E031F5A3FBEF972D3A3A2BB17104FF80F9A1AE56C7163C15C921&fsname=LG+E975+F180LSK+%E9%9F%A9%E5%9B%BDCarbonRom+%E6%9C%AC%E5%9C%B0%E5%8C%96+%E7%B4%A2%E5%B0%BC%E9%A3%8E%E6%A0%BC+%E8%B6%85%E7%BA%A7%E5%BC%BA%E5%A4%A7+%E4%B8%9D%E6%BB%91%E6%B5%81%E7%95%85.zip"
"http://shmain.fcloud.store.qq.com/store_raw_download?buid=17021&uuid=29166&key=30C345C9A1B3E3AC0BCB576B684DEB33951D92E3F8BAB94453F68ABF69319702&fsname=%5B%E5%AE%89%E6%9E%81ROM%E5%A4%A7%E8%B5%9B%2B146%E5%8F%B7%5DGPRO%E9%80%9A%E5%88%B7+CM11%E9%80%8F%E6%98%8E%E7%BE%8E%E5%8C%96%E7%89%88+%E7%8A%B6%E6%80%81%E6%A0%8F%E7%BD%91%E9%80%9F+%E8%99%9A%E6%8B%9F%E5%86%85%E5%AD%98+%E5%8F%8C%E5%87%BB%E5%88%92%E5%B1%8F%E8%A7%A3%E9%94%81+%E7%A8%B3%E5%AE%9A%E6%B5%81%E7%95%85.zip"
"http://download.cyanogenmod.com/get/jenkins/21404/cm-7-20130301-NIGHTLY-e510.zip"
"http://download.cyanogenmod.com/get/jenkins/5934/cm-9.0.0-e739.zip"
"http://shmain.fcloud.store.qq.com/store_raw_download?buid=17021&uuid=43982&key=C4F96E6470BDBF9D41C9D11EAF5C7ECF69D95898FC12E500D91CF1C15D26A826&fsname=LG+pro+e980+%E7%B2%BE%E7%AE%80+%E6%9C%AC%E5%9C%B0%E5%8C%96+%E6%9D%9C%E6%AF%94+beats%E9%9F%B3%E6%95%88+%E8%87%AA%E5%AE%9A%E4%B9%89%E8%B6%85%E5%BC%BA%E7%9A%84ROM.zip"
"http://shmain.fcloud.store.qq.com/store_raw_download?buid=17021&uuid=31295&key=8175DF28084BBFD90B0863B8E39E21BAC4B6794CD3305FAD376B46F3CA1D50FD&fsname=LG+Optimus+G+E975%E6%B5%81%E7%95%85%E7%9C%81%E7%94%B5%E9%A1%BA%E6%BB%91%E4%B8%8D%E5%8F%91%E7%83%AD.zip"
"http://oss.reflected.net/jenkins/43074/cm-9-20130929-NIGHTLY-e739.zip"
"http://download.cyanogenmod.com/get/jenkins/5799/cm-9.0.0-e730.zip"
"http://download.mokeedev.com/yfrpmx"
"http://oss.reflected.net/jenkins/49130/cm-10.2.0-RC1-e975.zip"
"http://shmain.fcloud.store.qq.com/store_raw_download?buid=17021&uuid=44560&key=A70BE6746F406EDE09AC6E95F6EA97F188DFC3625BB781D6C5F1F1A983C51912&fsname=LG+E980+G3+OPTIMUS.G.PRO+v5.5+%E7%B2%BE%E7%AE%80+%E6%9C%AC%E5%9C%B0%E5%8C%96+%E6%9D%9C%E6%AF%94+%E7%BD%91%E9%80%9F+%E7%BE%8E%E5%8C%96+G3Tweak.zip"
"http://shmain.fcloud.store.qq.com/store_raw_download?buid=17021&uuid=27538&key=8300871BF92BF04C09B6F5C12D08453588A6C516C21FA489E2398F278CCB4C45&fsname=LG+Optimus+G+E970+Slim-E970-4.4.2-UNOFFICIAL.zip"
"http://miuirom.xiaomi.com/rom/u51027496/4.4.7/miui_p760_z25_4.4.7_d5b2f045c1_4.2.zip"
"http://oss.reflected.net/jenkins/43073/cm-9-20130929-NIGHTLY-e730.zip"
"http://oss.reflected.net/jenkins/64488/cm-10.2-20140406-NIGHTLY-p760.zip"
"http://shmain.fcloud.store.qq.com/store_raw_download?buid=17021&uuid=45410&key=1615455CA9C2EBCE9F2C9146A31B1603211D745A5BC8771ED225E201C74BAA50&fsname=LG+CM11-e980+beats%E9%9F%B3%E6%95%88+%E6%9D%9C%E6%AF%94+ART+%E6%9D%A5%E7%94%B5%E5%BD%92%E5%B1%9E%E5%9C%B0+%E7%9F%AD%E4%BF%A1%E5%BD%92%E5%B1%9E%E5%9C%B0+%E7%BD%91%E9%80%9F+%E6%97%A5%E5%8E%86%E5%86%9C%E5%8E%86.zip"
"http://oss.reflected.net/jenkins/40547/cm-10.1.3-RC2-p760.zip"
"http://oss.reflected.net/jenkins/57377/cm-10.2.1-p760.zip"
"http://download.cyanogenmod.com/get/jenkins/2819/cm-7.2.0-c660.zip"
"http://oss.reflected.net/jenkins/21355/cm-7-20130301-NIGHTLY-p999.zip"
"http://shmain.fcloud.store.qq.com/store_raw_download?buid=17021&uuid=37846&key=BB6031B9A0351391F1BE2302F507744E0A3BC2CC63E77FDD138FFC474638E096&fsname=LG+Optimus+L9++P760+4.2.2%E7%9C%81%E7%94%B5%E5%94%AF%E7%BE%8E%E6%B5%81%E7%95%85%E7%A8%B3%E5%AE%9A%E4%BC%98%E5%8C%96%E7%89%88.zip"
"http://shmain.fcloud.store.qq.com/store_raw_download?buid=17021&uuid=51538&key=80F54A9EFB1A639E8E6498977FABE9105F08179323FE8C3FF83DE34984D23DB5&fsname=D802+Lucky+ROM+%E5%8D%A1%E7%89%87%E5%BC%8F%E4%BB%BB%E5%8A%A1%E5%90%8E%E5%8F%B0+ios%E8%A7%A6%E6%8E%A7+%E6%9B%B4%E6%B5%81%E7%95%85.zip"
"http://shmain.fcloud.store.qq.com/store_raw_download?buid=17021&uuid=54625&key=3936F0DC4823065B8C5BB5920B50CBB6D41AD83B0A1B94DDC7E4DA232CC350B5&fsname=LG+Optimus+G2+D802+%E6%B5%81%E7%95%85%E7%9C%81%E7%94%B5%E9%A1%BA%E6%BB%91%E4%B8%8D%E5%8F%91%E7%83%AD.zip"
"http://shmain.fcloud.store.qq.com/store_raw_download?buid=17021&uuid=40533&key=6A786767593F3871B2ABCF80EBB7562263DF827E03A737A0388E40EF8D18A960&fsname=LG+G2+d802+CloudyG3+2.0+1111%E7%B2%BE%E7%AE%80+%E6%9C%AC%E5%9C%B0%E5%8C%96+%E6%9D%9C%E6%AF%94+%E7%8A%B6%E6%80%81%E6%A0%8F%E7%BD%91%E9%80%9F+%E7%BE%8E%E5%8C%96+G3TweaksBox+.zip"
"http://oss.reflected.net/jenkins/43821/cm-10-20131006-NIGHTLY-e610.zip"
"http://shmain.fcloud.store.qq.com/store_raw_download?buid=17021&uuid=41585&key=5B8FCC1F84214C971AC39B4DE64271546D3C89DD4C0061461E848C482C01AD77&fsname=LG+G2+d802+CloudyG3+2.1%E7%B2%BE%E7%AE%80+%E6%9C%AC%E5%9C%B0%E5%8C%96+%E6%9D%9C%E6%AF%94+%E7%8A%B6%E6%80%81%E6%A0%8F%E7%BD%91%E9%80%9F+%E7%BE%8E%E5%8C%96+%E5%A4%9A%E7%89%B9%E6%95%88+G3TweaksBox.zip"
"http://oss.reflected.net/jenkins/110476/cm-12-20150514-NIGHTLY-d802.zip"
"http://download.cyanogenmod.com/get/jenkins/21418/cm-7-20130301-NIGHTLY-p350.zip"
"http://shmain.fcloud.store.qq.com/store_raw_download?buid=17021&uuid=55337&key=4317C0739A0BFCB34E5239AE98F1874AFB20B467EE276D9E978A162A237F0FE8&fsname=LG+G2%2FD802+Remix5.4.4+%E5%AE%89%E5%8D%935.1.1+%E5%BD%92%E5%B1%9E%E5%9C%B0%E5%92%8CT9+%E6%9C%AC%E5%9C%B0%E5%A2%9E%E5%BC%BA+%E9%80%9A%E8%AF%9D%E5%BD%95%E9%9F%B3%E7%AD%89.zip"
"http://shmain.fcloud.store.qq.com/store_raw_download?buid=17021&uuid=42011&key=399C3A5B94C0C0997F536045699AD2DA6A426EA9BF3241EAE993A30CC4271C35&fsname=Flyme+OS+3.8.4+D802++%E7%B2%BE%E7%AE%80+%E6%B5%81%E7%95%85+%E5%8F%8C%E5%87%BB%E5%94%A4%E9%86%92+%E5%BD%92%E5%B1%9E%E5%9C%B0+%E6%9D%9C%E6%AF%94%E9%9F%B3%E6%95%88+%E9%AD%94%E8%B6%A3%E5%8A%A8%E7%94%BB.zip"
"http://shmain.fcloud.store.qq.com/store_raw_download?buid=17021&uuid=55023&key=55A9CF4B144E90DA3822CDD509B6AC9B61B7BD43334DEBD49413E085E40263CF&fsname=LG+G2%2FD802+Temasek+%E5%AE%89%E5%8D%935.1.1+V11.2+%E5%BD%92%E5%B1%9E%E5%9C%B0%E5%92%8CT9+%E6%9C%AC%E5%9C%B0%E5%A2%9E%E5%BC%BA+%E9%80%9A%E8%AF%9D%E5%BD%95%E9%9F%B3.zip"
"http://shmain.fcloud.store.qq.com/store_raw_download?buid=17021&uuid=28297&key=9A1A3327D1456A6FC7C2AFBE05EDA633E0DB52D34D11BFD4EB56A8131585DC18&fsname=%5BMK50.2+%E6%AD%A3%E5%BC%8F%E7%89%88%5D+Mokee+Opensource+for+LG+Optimus+G2+%28D802%29.zip"
"http://shmain.fcloud.store.qq.com/store_raw_download?buid=17021&uuid=47995&key=BCDD3B4CADB06FE329652CDAFCCA456FF1AA42321E51C9BDB4465173B127B4D2&fsname=LG+G2+D802+BlissPop+%E5%AE%89%E5%8D%935.0.2+V1.9%E6%AD%A3%E5%BC%8F%E7%A8%B3%E5%AE%9A%E7%89%88+%E5%BD%92%E5%B1%9E%E5%9C%B0%E5%92%8CT9+%E6%9C%AC%E5%9C%B0%E5%A2%9E%E5%BC%BA.zip"
"http://download.cyanogenmod.com/get/jenkins/21398/cm-7-20130301-NIGHTLY-c660.zip"
"http://shmain.fcloud.store.qq.com/store_raw_download?buid=17021&uuid=29718&key=C10334CB897ACB4399BCA8B654113F5239CCC6C1418DAA2346FE61FC2F292F43&fsname=+%E5%AE%98%E6%96%B9%E5%BA%95%E5%8C%85+miui%EF%BC%AC%EF%BC%A7+lu6200+Yinji+4.5.23+iso7%E9%A3%8E%E6%A0%BC.zip"
"http://shmain.fcloud.store.qq.com/store_raw_download?buid=17021&uuid=50616&key=C817903CA0349F81190A22AE51CBF30EB7F727CE8A4718E0B832565507EC8457&fsname=%E5%91%8A%E5%88%AB%E4%B9%8B%E4%BD%9C+LU6200+%E6%9E%81%E9%99%90%E7%89%88187v5.0.zip"
"http://shmain.fcloud.store.qq.com/store_raw_download?buid=17021&uuid=36211&key=6A0BA55CC8F22CA94C5D0E7284B579B53A6285143BE51FE695AA5CDB51C02C8E&fsname=LG+LU6200+%E5%88%B7%E6%9C%BA%E5%8C%85+%E5%AE%98%E6%96%B9187%E7%B2%BE%E7%AE%80%E7%BE%8E%E5%8C%96%E7%A8%B3%E5%AE%9A%E6%B5%81%E7%95%85%E7%9C%81%E7%94%B54.1+ROM%E5%AE%8C%E7%BE%8E%E7%89%88.zip"
"http://shmain.fcloud.store.qq.com/store_raw_download?buid=17021&uuid=35917&key=A32C87110471E0BE7EE2BC47657DFE9B1854A04237F324C0FE9503493E3B6960&fsname=LG+LU6200+%E5%AE%98%E6%96%B9167ROM+%E7%B2%BE%E7%AE%80%E4%BC%98%E5%8C%96+%E6%B5%81%E7%95%85%E7%9C%81%E7%94%B5+%E7%BB%88%E7%BB%93%E7%89%88+%E5%8F%AF%E9%95%BF%E6%9C%9F%E4%BD%BF%E7%94%A8+%E6%97%A0BUG.zip"
"http://shmain.fcloud.store.qq.com/store_raw_download?buid=17021&uuid=52280&key=9958019F2000F82B9C9C0CC8DB41684CF7513A3E3919D03CF6726124320CDB05&fsname=LG+LU6200+Optimus+LTE+MIUI+%E4%BB%BFV6%E9%A3%8E%E6%A0%BC+%E8%84%9A%E6%9C%AC%E4%BC%98%E5%8C%96+%E6%B5%81%E7%95%85%E4%BD%93%E9%AA%8C.zip"
"http://shmain.fcloud.store.qq.com/store_raw_download?buid=17021&uuid=54695&key=0DD1D0D386A6169487D151AB6DC961D7788B549A215A92602AFD71C10002A47A&fsname=IUNI+OS+for+LG+G2+D802+%E7%AC%AC30%E7%89%88%E5%85%AC%E6%B5%8B%E5%8F%91%E5%B8%83+.zip"
"http://shmain.fcloud.store.qq.com/store_raw_download?buid=17021&uuid=32326&key=31160AD6D50F36C1EBFEBABF861B21723F4758CE244017F9ABAD98DA1F41CE8D&fsname=PA+LGlu6200+4.4.4%E5%AE%8C%E7%BE%8E%E7%89%88.zip"
"http://shmain.fcloud.store.qq.com/store_raw_download?buid=17021&uuid=28109&key=AE26BE8DEBB2C645AF574DDA7C918AEAFF334F75A60F9F4FD6343FCA8869DAB1&fsname=LG+lu6200+miui+4.4.23+%E7%B2%BE%E7%AE%80%E6%9C%80%E6%B5%81%E7%95%85.zip"
"http://shmain.fcloud.store.qq.com/store_raw_download?buid=17021&uuid=36212&key=364DE55A1328AD25EEB5226B33B5AD56229F3A6356D25DEA3A1220EDDFC6EA62&fsname=LG+Optimus+2x+P990+CM10+%E5%AE%89%E5%8D%934.2.2%E7%B3%BB%E7%BB%9F+%E7%B2%BE%E7%AE%80%E4%BC%98%E5%8C%96+%E6%B5%81%E7%95%85%E7%A8%B3%E5%AE%9A.zip"
"http://shmain.fcloud.store.qq.com/store_raw_download?buid=17021&uuid=36218&key=25A80B03DC367227811A0444E7F3A318D1614C1746B5A3359E2A62C347A06EB0&fsname=LG+LU6200+ROM%E5%88%B7%E6%9C%BA%E5%8C%85+MIUI+V6+%E4%BD%93%E9%AA%8C%E7%89%88+%E8%B6%85%E7%BA%A7%E6%89%81%E5%B9%B3%E5%8C%96%E5%A4%84%E7%90%86+%E5%8D%8E%E4%B8%BD%E9%AB%98%E7%AB%AF+%E6%B5%81%E7%95%85%E7%A8%B3%E5%AE%9A.zip"
"http://shmain.fcloud.store.qq.com/store_raw_download?buid=17021&uuid=35631&key=0862C7A684CEBC395B10BFFFB8E11FA70D86BA8472265A41F5614004E47639D5&fsname=LG+LU6200+%E5%88%B7%E6%9C%BA%E5%8C%85+%E5%9F%BA%E4%BA%8E%E6%9C%80%E6%96%B04.1.2+%E4%BB%BFiOS7+%E6%B7%B1%E5%BA%A6%E4%BC%98%E5%8C%96+%E6%9E%81%E8%87%B4%E7%BB%86%E8%85%BB+%E7%89%B9%E6%BC%82%E4%BA%AE.zip"
"http://shmain.fcloud.store.qq.com/store_raw_download?buid=17021&uuid=7913&key=37D717C6B21CB98CE3B1938EAF8E03FF02887E9729DD441D78BEBD4103642B55&fsname=LG+P990+MIUI+%E8%B6%85%E6%B5%81%E7%95%85+%E4%BC%98%E5%8C%96%E4%BF%AE%E5%A4%8D%E5%AE%8C%E7%BE%8E%E7%89%88.zip"
"http://shmain.fcloud.store.qq.com/store_raw_download?buid=17021&uuid=36381&key=8117DFB7DD2C2D3AC49E4D0BF63A26809179626CB96B3C059E4C247977FE656D&fsname=LG+Optimus+LTE++LU6200+MIUI+v4+%E7%B2%BE%E7%AE%80%E4%BC%98%E5%8C%96+%E6%8E%A8%E5%AD%98%E4%BD%BF%E7%94%A8.zip"
"http://shmain.fcloud.store.qq.com/store_raw_download?buid=17021&uuid=34451&key=CF219113FD15C5B08D684C11D78763302FFFBDCC5C648CFECBF48D0452147A51&fsname=LG+Optimus+2x+P990+%E5%88%B7%E6%9C%BA%E5%8C%85+MIUI+2.3.7rom%E7%B2%BE%E7%AE%80+%E7%A8%B3%E5%AE%9A+%E6%B5%81%E7%95%85+%E7%9C%81%E7%94%B5.zip"
"http://miuirom.xiaomi.com/rom/u67857581/4.5.9/miui_p990x_gtbluesky_4.5.9_79cdb20ac5_4.1.zip"
"http://shmain.fcloud.store.qq.com/store_raw_download?buid=17021&uuid=5042&key=395CC8E771F3F6CFD0227C01132FCA12EC37135B957D6EE8411DA3C67CFBC74B&fsname=LG+P990+MIUI.US-Kenton-p990%E5%85%A8%E6%96%B0%E5%8A%9F%E8%83%BD+%E9%BD%90%E5%85%A8%E7%89%88%E6%9C%AC.zip"
"http://shmain.fcloud.store.qq.com/store_raw_download?buid=17021&uuid=44256&key=2FF13192248C6C56B7AB30FE8399C4BF90B459916430832DE3A40F64A396B5A1&fsname=%E5%B0%8F%E8%89%BE+%E7%A5%9E%E6%9C%BA%E5%86%8D%E7%8E%B0+LU6200+MIUIv6%E7%A8%B3%E5%AE%9A%E7%89%88.zip"
"http://shmain.fcloud.store.qq.com/store_raw_download?buid=17021&uuid=34960&key=13EF3D3E05CE08446D7B5C0C4D131C72D778B2DC8C5A4EA752928DEE561592CA&fsname=LG+P990+%E5%88%B7%E6%9C%BA%E5%8C%85+%E8%AF%B7%E5%9C%A84.0%E5%88%86%E5%8C%BA%E4%B8%8B%E5%88%B7%E5%85%A5+%E5%88%B7%E6%9C%BA%E5%8C%85+ROM+%E7%B2%BE%E7%AE%80%E4%BC%98%E5%8C%96+%E7%BE%8E%E5%8C%96+ios7%E9%A3%8E%E6%A0%BC+%E9%AB%98%E7%AB%AF%E5%A4%A7%E6%B0%94%E4%B8%8A%E6%A1%A3%E6%AC%A1.zip"
"http://shmain.fcloud.store.qq.com/store_raw_download?buid=17021&uuid=40642&key=BE08E040F3306D86DCD9D36478B5F74F0DCD85CEB87CCE54A145480D8726C8F0&fsname=%E5%B0%8F%E8%89%BE+%E9%A2%A0%E8%A6%86%E4%BC%A0%E7%BB%9F+LU6200+color+v2.0.zip"
"http://shmain.fcloud.store.qq.com/store_raw_download?buid=17021&uuid=502&key=08FB8739A9A1D0AFBBD2D518B50DAA9722DF8FCF5EE3A194CF720E957C981DC8&fsname=LG+Optimus+2x+Android2.2.2%E7%B3%BB%E5%88%97%E6%9C%80%E7%BB%88%E7%89%88+%E7%9C%81%E7%94%B5+%E6%B5%81%E7%95%85.zip"
"http://shmain.fcloud.store.qq.com/store_raw_download?buid=17021&uuid=37315&key=4B6BF62556D1C14C74EB4EFAF3D2CD23D9D6971378357B76555F4B3D7370933D&fsname=LG+L22+4.42+tot+%E8%87%AA%E5%88%B6tot%E7%9B%B4%E5%88%B7%E5%8C%85+%E4%B8%80%E6%AC%A1%E7%9B%B4%E5%88%B7.rar"
"http://shmain.fcloud.store.qq.com/store_raw_download?buid=17021&uuid=37848&key=E867B473DFDE1245896042E0F390119CC29DADB98ACBBEAD14223A591F687EE6&fsname=LG+L22+4.2.2%E7%9C%81%E7%94%B5%E5%94%AF%E7%BE%8E%E6%B5%81%E7%95%85%E7%A8%B3%E5%AE%9A%E4%BC%98%E5%8C%96%E7%89%88.zip"
"http://shmain.fcloud.store.qq.com/store_raw_download?buid=17021&uuid=29572&key=1F73E854677821CB6C16519DAD729C9DFFC0AE8F645916C27A5E0045CE42BA6B&fsname=LG+L22+10B%E5%AE%98%E6%96%B9ROM%E6%9C%AC%E5%9C%B0%E5%8C%96%E7%B2%BE%E7%AE%80%E4%BC%98%E5%8C%96%E7%89%88+v1.4.zip"
"http://shmain.fcloud.store.qq.com/store_raw_download?buid=17021&uuid=36213&key=209A491508A15795DCA8E79F6D13BDA4886AAA3E63D9D77D12EDAE2F8C97A459&fsname=LG+Optimus+Black++P970+CM10+4.2+ROM+%E7%B2%BE%E7%AE%80%E4%BC%98%E5%8C%96%E7%A8%B3%E5%AE%9A%E6%B5%81%E7%95%85+%E5%8F%AF%E9%95%BF%E6%9C%9F%E4%BD%BF%E7%94%A8.zip"
"http://shmain.fcloud.store.qq.com/store_raw_download?buid=17021&uuid=38638&key=0C5B57987E76563EBA3C300BCC9CB9D32815BCD5F37FB82C8C14CC1E5FB9ED0D&fsname=LG+Optimus+Black++P970+++AreiLite+for+LG+4.0.4.zip"
"http://shmain.fcloud.store.qq.com/store_raw_download?buid=17021&uuid=5493&key=88172BB40781C56E8AB747D194F5BA75306CBED3E41A04E699B7DC04BC554231&fsname=LG+P990++Miui_v4_2.8.29+%E7%A8%B3%E5%AE%9A%E6%B5%81%E7%95%85+%E5%8F%82%E8%B5%9B%E7%89%88.zip"
"http://shmain.fcloud.store.qq.com/store_raw_download?buid=17021&uuid=18116&key=3DB74EC2CD1DB94B524438D26E708842B5E862AA79DA124BB3BB2B03DAD7F893&fsname=LG+P970+%E5%9F%BA%E4%BA%8E+ShenDu-v4.1.2%E6%9C%80%E7%BB%88%E7%89%88%E6%9C%AC%E4%BC%98%E5%8C%96+%E7%A8%B3%E5%AE%9A%E5%A5%BD%E7%94%A8%E7%9A%84ROM.zip"
"http://shmain.fcloud.store.qq.com/store_raw_download?buid=17021&uuid=34113&key=9E196846694A6509E76AD743BCD0EC5C5655507E160176A1EF8D916DCC90F1A4&fsname=AreiGlass+for++LG+Optimus+Black+P970+4.04+V2.zip"
"http://shmain.fcloud.store.qq.com/store_raw_download?buid=17021&uuid=38640&key=A53C982B3929FE582619CEAAF91625DFF464CB872820BAD6DC2F412CB68BFFBB&fsname=LG+P970+AreiGlass+for++LG+Optimus+Black+P970.zip"
"http://shmain.fcloud.store.qq.com/store_raw_download?buid=17021&uuid=37499&key=7129AA35199390AB543E3CD9F1CF8C579A4AD95F6DCDB223C63DBE34E252C84E&fsname=LG+P970+%E5%88%B7%E6%9C%BA%E5%8C%85+rom+%E7%B2%BE%E7%AE%80%E4%BC%98%E5%8C%96+%E8%B6%85%E6%B5%81%E7%95%85+%E7%B2%BE%E4%BB%BFv6%E4%BD%93%E9%AA%8C%E7%89%88+%E5%8A%A0%E5%85%A5v6%E7%89%B9%E6%95%88+%E5%8D%8E%E4%B8%BD%E9%AB%98%E7%AB%AF.zip"
"http://download.shendu.com/downloads/shenduos/packages/p970/ShenDu-P970-v4.1.2-130719.zip"
"http://shmain.fcloud.store.qq.com/store_raw_download?buid=17021&uuid=1130&key=CF06093D5F5B09672E54B727A45A7303E42C30EC4A2F94CBB6A398FA22670F9A&fsname=LG+Optimus+Black+P970+%E5%9F%BA%E4%BA%8E%E5%BE%B7%E7%89%88V20N+2.3.4.zip"
"http://shmain.fcloud.store.qq.com/store_raw_download?buid=17021&uuid=18295&key=FC0167E78D6CC878E1107D02638199D2091596C3AD2BC977ABB328F89FB9867D&fsname=LG+P970+ROM%E5%88%B7%E6%9C%BA%E5%8C%85%E5%9F%BA%E4%BA%8ECM10.1%E6%9C%80%E6%96%B0%E7%89%88%E6%9C%AC%E4%BC%98%E5%8C%96%E5%8F%91%E5%B8%83+%E6%B5%81%E7%95%85%E7%9A%844.2%E5%80%BC%E5%BE%97%E4%BD%A0%E5%88%B7%E5%85%A5.zip"
"http://shmain.fcloud.store.qq.com/store_raw_download?buid=17021&uuid=37852&key=33CCB46011EBF7784808BB39ACCE9BF2AA7FD12029F0E3C29408B226248C4EB3&fsname=LG+Optimus+Black++P970+4.1.2%E7%9C%81%E7%94%B5%E5%94%AF%E7%BE%8E%E6%B5%81%E7%95%85%E7%A8%B3%E5%AE%9A%E4%BC%98%E5%8C%96%E7%89%88.zip"
"http://shmain.fcloud.store.qq.com/store_raw_download?buid=17021&uuid=5828&key=68D6E06419054BECFA5E814CBE806B608DEFB099422959C2F22E35D07EADBF38&fsname=%E4%B9%90%E4%BC%97ROM+LeZo_2.3.7_1.10.19%E7%89%88+for+P970.zip"
"http://shmain.fcloud.store.qq.com/store_raw_download?buid=17021&uuid=5318&key=4CC5E5AFF927B89FE91E55DA53556CE3BD6C7F5DDD5C7E310C3E576B5F91D749&fsname=LG+P990+%E4%B8%83%E5%A4%95%E7%89%B9%E7%8C%AE+cm-7-20120819-kenton-p990+%E7%BB%99%E4%BD%A0%E7%88%B1%E6%83%85%E7%9A%84%E6%BB%8B%E5%91%B3.zip"
"http://oss.reflected.net/jenkins/42567/cm-10.1.3-vs920.zip"
"http://oss.reflected.net/jenkins/40572/cm-10.1.3-RC2-vs920.zip"
"http://shmain.fcloud.store.qq.com/store_raw_download?buid=17021&uuid=51092&key=8CB0FEC7C5FDC9C54FF7E0E0DD42C8FD1D3CC4269E808D3D009426F9462D5DC4&fsname=LG+D855+CrDroid+%E5%AE%89%E5%8D%935.0.2+Beta5.0+%E5%BD%92%E5%B1%9E%E5%9C%B0%E5%92%8CT9+%E5%AE%9E%E7%94%A8%E7%A8%B3%E5%AE%9A+%E9%80%9A%E8%AF%9D%E5%BD%95%E9%9F%B3%E7%AD%89.zip"
"http://shmain.fcloud.store.qq.com/store_raw_download?buid=17021&uuid=8208&key=E2692D6A03360D5CF38876C2F8B0EFF1D1854E97FB3ED2CF10C8C1A2D2B8033B&fsname=LG+P990+%E5%AE%8C%E7%BE%8E%E7%A7%BB%E6%A4%8D%E4%BF%AE%E5%A4%8D+%E7%BA%AF%E5%87%80%E6%9D%82%E4%BA%A4%E7%89%88+%E7%82%B9%E5%BF%83OS.zip"
"http://shmain.fcloud.store.qq.com/store_raw_download?buid=17021&uuid=50277&key=95C5E5B6C8A76B7C630EDF2CC82DC5E3593C163252F5A316B294888C4A0ACBA5&fsname=LG+D855+CM12+%E5%AE%89%E5%8D%935.0.2+Beta5.2+%E7%94%B5%E8%AF%9D%E7%9F%AD%E4%BF%A1%E5%BD%92%E5%B1%9E%E5%92%8CT9%E6%8B%A8%E5%8F%B7+%E5%A2%9E%E5%BC%BA%E7%89%88+%E9%80%9A%E8%AF%9D%E5%BD%95%E9%9F%B3.zip"
"http://shmain.fcloud.store.qq.com/store_raw_download?buid=17021&uuid=47912&key=5F7F417AC7FD693E2FDECAE77C2E557809356BBFBAF908A75EF5F59F67CC35E6&fsname=LG+D855+CrDroid+%E5%AE%89%E5%8D%935.0.2+Beta4.0+%E7%94%B5%E8%AF%9D%E7%9F%AD%E4%BF%A1%E5%BD%92%E5%B1%9E%E5%92%8CT9+%E5%86%9C%E5%8E%86+%E5%A4%9A%E5%8A%9F%E8%83%BD+%E7%A8%B3%E5%AE%9A%E5%AE%9E%E7%94%A8.zip"
"http://shmain.fcloud.store.qq.com/store_raw_download?buid=17021&uuid=51238&key=1B152BD976DE0C8B0718435EDC27EA45007DC1C46AAFD1272511BA0DE124849C&fsname=LG+D855+Remix5.0.2+V5.3.9+%E5%BD%92%E5%B1%9E%E5%9C%B0%E5%92%8CT9+%E6%9C%AC%E5%9C%B0%E5%A2%9E%E5%BC%BA%E7%89%88+%E9%80%9A%E8%AF%9D%E5%BD%95%E9%9F%B3+%E5%A4%9A%E5%8A%9F%E8%83%BD%E7%AD%89.zip"
"http://shmain.fcloud.store.qq.com/store_raw_download?buid=17021&uuid=48310&key=C9D647B2735BD683FDF9D00855EF7AB97CBA8A61250C1927AE3BABF1B4D7069B&fsname=LG+D855+BlissPop+%E5%AE%89%E5%8D%935.0.2+V1.91%E6%AD%A3%E5%BC%8F%E7%A8%B3%E5%AE%9A%E7%89%88+%E5%BD%92%E5%B1%9E%E5%9C%B0%E5%92%8CT9+%E6%9C%AC%E5%9C%B0%E5%A2%9E%E5%BC%BA.zip"
"http://shmain.fcloud.store.qq.com/store_raw_download?buid=17021&uuid=993&key=0BDA41C6F71E030F2BC3E407D806241496AEAC6108DF36BA3307311F306D71C8&fsname=2.3.5+%E5%AE%8C%E7%BE%8E%E5%85%A8%E9%80%8F+%E7%B2%BE%E7%AE%80+%E7%BE%8E%E5%8C%96%E9%99%84%E4%BB%B6.zip"
"http://download.cyanogenmod.com/get/jenkins/2852/cm-7.2.0-p920.zip"
"http://oss.reflected.net/jenkins/110041/cm-11-20150510-NIGHTLY-vs920.zip"
"http://shmain.fcloud.store.qq.com/store_raw_download?buid=17021&uuid=53053&key=B1EA3C91172072E30C41A7315CD841597A3DDBBF362A969D43F9778E712D60EB&fsname=LG+VS980+RemixV5.4.1+%E5%AE%89%E5%8D%935.1+%E5%BD%92%E5%B1%9E%E5%9C%B0%E5%92%8CT9+%E6%9C%AC%E5%9C%B0%E5%A2%9E%E5%BC%BA%E7%89%88+%E9%80%9A%E8%AF%9D%E5%BD%95%E9%9F%B3+%E5%A4%9A%E5%8A%9F%E8%83%BD%E7%AD%89.zip"
"http://rom.ligux.com/devices/lg-p990/Test/LiGux-v4.1-U1-Optimus2X-121228-DBkLgJEl.zip"
"http://shmain.fcloud.store.qq.com/store_raw_download?buid=17021&uuid=51138&key=0289319A24F2E676983E432CEC12CD86EACD1990E083C170786E351B3FF6C91C&fsname=LG+VS980+CrDroid+%E5%AE%89%E5%8D%935.0.2+Beta5.0+%E5%BD%92%E5%B1%9E%E5%9C%B0%E5%92%8CT9+%E5%AE%9E%E7%94%A8%E7%A8%B3%E5%AE%9A+%E9%80%9A%E8%AF%9D%E5%BD%95%E9%9F%B3%E7%AD%89.zip"
"http://shmain.fcloud.store.qq.com/store_raw_download?buid=17021&uuid=50160&key=D5810C218E128DA929080CB0F8C053A2B36DD7392F27EBB12D8CEC528800A377&fsname=LG+VS980+CM12+%E5%AE%89%E5%8D%935.0.2+Beta5.1+%E7%94%B5%E8%AF%9D%E7%9F%AD%E4%BF%A1%E5%BD%92%E5%B1%9E%E5%92%8CT9%E6%8B%A8%E5%8F%B7+%E5%A2%9E%E5%BC%BA%E7%89%88+%E9%80%9A%E8%AF%9D%E5%BD%95%E9%9F%B3.zip"
"http://shmain.fcloud.store.qq.com/store_raw_download?buid=17021&uuid=48652&key=1DD16B6975D297B9C8063D20E548F79E23F6A815C9E343812C4B2E2B1AB125E0&fsname=LG+VS980+Pacman5.0.2+V3.1+%E7%94%B5%E8%AF%9D%E7%9F%AD%E4%BF%A1%E5%BD%92%E5%B1%9E%E5%92%8CT9+%E6%9C%AC%E5%9C%B0%E5%A2%9E%E5%BC%BA%E7%89%88.zip"
"http://shmain.fcloud.store.qq.com/store_raw_download?buid=17021&uuid=52655&key=8C2C93D25624FB3E996C8702D3E334065DD185ABE414AE57638E583DD24B284D&fsname=LG+VS980+CM12.1%E5%A2%9E%E5%BC%BA%E7%89%88+%E5%AE%89%E5%8D%935.1+Beta1.0+%E5%BD%92%E5%B1%9E%E5%9C%B0%E5%92%8CT9%E6%8B%A8%E5%8F%B7+%E9%80%9A%E8%AF%9D%E5%BD%95%E9%9F%B3+%E5%86%9C%E5%8E%86%E7%AD%89.zip"
"http://shmain.fcloud.store.qq.com/store_raw_download?buid=17021&uuid=46675&key=6A638B0833B727BE0D3AB6FB96A47186A383647D704284A197F5AE0F532A2FD9&fsname=LG+VS980+BlissPop+%E5%AE%89%E5%8D%935.0.2+V1.7+%E7%94%B5%E8%AF%9D%E7%9F%AD%E4%BF%A1%E5%BD%92%E5%B1%9E%E5%92%8CT9%E6%8B%A8%E5%8F%B7+%E4%BC%97%E5%A4%9A%E5%8A%9F%E8%83%BD+%E5%AE%8C%E6%95%B4%E4%B8%AD%E6%96%87.zip"
"http://shmain.fcloud.store.qq.com/store_raw_download?buid=17021&uuid=38657&key=F85175DDD5FC4BD624533E9EB518F8E168F4E1CC12A7D65BA3FE6918A53C013C&fsname=LG+Optimus+4X+HD++p880+CM11+4.4+ROM+%E7%B2%BE%E7%AE%80%E4%BC%98%E5%8C%96%E7%A8%B3%E5%AE%9A%E6%B5%81%E7%95%85+%E5%8F%AF%E9%95%BF%E6%9C%9F%E4%BD%BF%E7%94%A8.zip"
"http://shmain.fcloud.store.qq.com/store_raw_download?buid=17021&uuid=46122&key=84581328815CC46898902994621B769522CA088533B56AE6CCC864A1790AFC39&fsname=LG+Optimus+4X+HD++P880+%E5%88%B7%E6%9C%BA%E5%8C%85+rom+%E7%B2%BE%E7%AE%80%E4%BC%98%E5%8C%96+%E8%B6%85%E6%B5%81%E7%95%85+%E7%B2%BE%E4%BB%BFv6%E4%BD%93%E9%AA%8C%E7%89%88+%E5%8A%A0%E5%85%A5v6%E7%89%B9%E6%95%88+%E5%8D%8E%E4%B8%BD%E9%AB%98%E7%AB%AF.zip"
"http://shmain.fcloud.store.qq.com/store_raw_download?buid=17021&uuid=51479&key=87258712385DCBF4C24F5DD1030B7D8B5B1FCB72BC0FFAF221CAEADDD6718C3D&fsname=LG+VS980+Remix5.0.2+V5.3.9+%E5%BD%92%E5%B1%9E%E5%9C%B0%E5%92%8CT9+%E6%9C%AC%E5%9C%B0%E5%A2%9E%E5%BC%BA%E7%89%88+%E9%80%9A%E8%AF%9D%E5%BD%95%E9%9F%B3+%E5%A4%9A%E5%8A%9F%E8%83%BD%E7%AD%89.zip"
"http://oss.reflected.net/jenkins/110032/cm-11-20150510-NIGHTLY-p880.zip"
"http://shmain.fcloud.store.qq.com/store_raw_download?buid=17021&uuid=41474&key=8BD4FF2F387BCFA9D479384E9CCA0188EC59E44B22DC201CB2D4B1B53EB0C110&fsname=LG+P880+CM11+V7.0+CM11S%E9%94%81%E5%B1%8F+L%E4%B8%BB%E9%A2%98+%E5%BD%92%E5%B1%9E%E5%92%8CT9+%E7%8A%B6%E6%80%81%E6%A0%8F%E5%8F%98%E8%89%B2+%E9%80%9A%E8%AF%9D%E5%BD%95%E9%9F%B3.zip"
"http://shmain.fcloud.store.qq.com/store_raw_download?buid=17021&uuid=40259&key=E5C9AE5E1A632F0211B2E9149AEB384A96A012DF8EA580509463F5E36D9DE378&fsname=LG+P880+Pacman4.4+RC3+V4.0+%E5%BD%92%E5%B1%9E%E5%92%8CT9+o3%E4%BC%98%E5%8C%96+%E9%80%9A%E8%AF%9D%E5%BD%95%E9%9F%B3+%E7%8A%B6%E6%80%81%E6%A0%8F%E5%8F%98%E8%89%B2%E9%BE%99.zip"
"http://shmain.fcloud.store.qq.com/store_raw_download?buid=17021&uuid=18745&key=6BA64280F922439F1BBE9E5B1865588B3B52694CD19CF12A6A1A8F4F392ADD4C&fsname=%5BMK44.4+%E6%AD%A3%E5%BC%8F%E7%89%88%5D+Mokee+Opensource+for+LG+Optimus+4X+HD+%28P880%29.zip"
"http://shmain.fcloud.store.qq.com/store_raw_download?buid=17021&uuid=40850&key=D1634D17B6561DDE996EBA4453F429ABBECC67382CBF263B4C07E34E87124FE2&fsname=LG+G2+D802+CrDroid4.4+V4.0+%E5%BD%92%E5%B1%9E%E5%9C%B0%E5%92%8CT9+%E9%80%9A%E8%AF%9D%E5%BD%95%E9%9F%B3+%E7%8A%B6%E6%80%81%E6%A0%8F%E5%8F%98%E8%89%B2%E9%BE%99+%E7%A8%B3%E5%AE%9A.zip"
"http://shmain.fcloud.store.qq.com/store_raw_download?buid=17021&uuid=38662&key=16A63F1A17F5BC5EDAFA616A2B3A5555C42EC2811ADBE84239705D3688F54D7B&fsname=LG+P880+CrDroid+V3.0+%E5%AE%8C%E7%BE%8E%E5%BD%92%E5%B1%9E%E5%92%8CT9+%E7%BD%91%E9%80%9F+%E9%94%81%E5%B1%8F%E9%80%9A%E7%9F%A5+%E7%A8%B3%E5%AE%9A%E7%9C%81%E7%94%B5+%E5%BD%95%E9%9F%B3.zip"
"http://shmain.fcloud.store.qq.com/store_raw_download?buid=17021&uuid=38541&key=55659713ACC4E5D0790598A25B42AD5803E2CB72AE9202114F87B36E36091DB4&fsname=LG+P880+Omni4.4.4+V4.0+%E5%AE%8C%E7%BE%8ET9%E5%92%8C%E5%BD%92%E5%B1%9E+%E7%8A%B6%E6%80%81%E6%A0%8F%E5%8F%98%E8%89%B2%E9%BE%99+%E7%A8%B3%E5%AE%9A.zip"
"http://shmain.fcloud.store.qq.com/store_raw_download?buid=17021&uuid=43367&key=8E0394D1D9BFA4C93DB5BB2D783B669C6CD766D6C9CA391DFDD82944BF03D4E8&fsname=LG+P880+Pacman4.4+RC3+V5.1+%E5%BD%92%E5%B1%9E%E5%92%8CT9+o3%E4%BC%98%E5%8C%96+%E9%80%9A%E8%AF%9D%E5%BD%95%E9%9F%B3+%E7%8A%B6%E6%80%81%E6%A0%8F%E5%8F%98%E8%89%B2%E7%AD%89.zip"
"http://shmain.fcloud.store.qq.com/store_raw_download?buid=17021&uuid=40852&key=1ED782EBB2EB8CC76CCEA48B927C7119E66DED80053A737225CE2DF77AAA78B3&fsname=LG+P880+CrDroid4.4+V4.0+%E5%BD%92%E5%B1%9E%E5%9C%B0%E5%92%8CT9+%E9%80%9A%E8%AF%9D%E5%BD%95%E9%9F%B3+%E7%8A%B6%E6%80%81%E6%A0%8F%E5%8F%98%E8%89%B2%E9%BE%99+%E7%A8%B3%E5%AE%9A.zip"
"http://shmain.fcloud.store.qq.com/store_raw_download?buid=17021&uuid=36754&key=9D144221EA69488DE723976CFAE7FB11929D36E4B3CD4DB794C2F50811E99791&fsname=LG+SU640+ROM%E5%88%B7%E6%9C%BA%E5%8C%85+MIUI+V6+%E4%BD%93%E9%AA%8C%E7%89%88+%E8%B6%85%E7%BA%A7%E6%89%81%E5%B9%B3%E5%8C%96%E5%A4%84%E7%90%86+%E5%8D%8E%E4%B8%BD%E9%AB%98%E7%AB%AF+%E6%B5%81%E7%95%85%E7%A8%B3%E5%AE%9A.zip"
"http://miuirom.xiaomi.com/rom/u78794093/4.4.4/miui_su640_sdycxg_4.4.4_32d3a805e3_4.1.zip"
"http://shmain.fcloud.store.qq.com/store_raw_download?buid=17021&uuid=28966&key=6A9FA2F8527D7DEBEC2788DC8B58BF3EF849186C3B4A222648FA3DE36D554192&fsname=LG+SU640+ROM%E5%88%B7%E6%9C%BA%E5%8C%85+%E5%9F%BA%E4%BA%8E%E6%9C%80%E6%96%B04.1.2%E5%85%A8%E6%A1%86%E6%9E%B6%E7%BE%8E%E5%8C%96++%E4%BB%BF%E8%8B%B9%E6%9E%9C5%E9%A3%8E%E6%A0%BC++%E7%89%B9%E6%BC%82%E4%BA%AE+%E7%89%B9%E6%B5%81%E7%95%85.zip"
"http://shmain.fcloud.store.qq.com/store_raw_download?buid=17021&uuid=37059&key=6E083B6F16CA59D4499450B50BAD24E15EBE774416B9E66B7D2A5CA32D92DA17&fsname=LG+P880+N5X+R9.2+%E5%AE%89%E5%8D%934.4.4+%E5%AE%8C%E7%BE%8E%E5%BD%92%E5%B1%9E%E5%9C%B0+%E7%A8%B3%E5%AE%9A%E7%9C%81%E7%94%B5+%E9%80%9A%E8%AF%9D%E5%BD%95%E9%9F%B3.zip"
"http://oss.reflected.net/jenkins/40559/cm-10.1.3-RC2-su640.zip"
"http://download.cyanogenmod.com/get/jenkins/12622/cm-10.0.0-su640.zip"
"http://shmain.fcloud.store.qq.com/store_raw_download?buid=17021&uuid=33426&key=F39DE3D221B8799E476CCFB3591E12E31BDCDEA75F2530E35756A00440C87A3C&fsname=LG+SU640+ROM%E5%88%B7%E6%9C%BA%E5%8C%85+%E5%9F%BA%E4%BA%8E%E6%9C%80%E6%96%B04.1.2+%E4%BB%BFiOS7+%E4%B8%AD%E5%BA%A6%E4%BC%98%E5%8C%96+%E6%9E%81%E8%87%B4%E7%BB%86%E8%85%BB+%E7%89%B9%E6%B5%81%E7%95%85+%E7%89%B9%E6%BC%82%E4%BA%AE.zip"
"http://oss.reflected.net/jenkins/59369/cm-10.1-20140216-NIGHTLY-su640.zip"
"http://shmain.fcloud.store.qq.com/store_raw_download?buid=17021&uuid=5435&key=075729773F5BFF3E53AF3B6A7AC342E8B7D0E41E915909713E4358E3ED1C4049&fsname=LG+P990+%E5%9F%BA%E4%BA%8E2.3.4%E6%B8%AF%E8%A1%8C+v20F%E4%BC%98%E5%8C%96ROM+%E6%9C%80%E7%BB%88%E7%89%88.zip"
"http://shmain.fcloud.store.qq.com/store_raw_download?buid=17021&uuid=55024&key=10C8D3BDA73001864AFD727A12A83F1F7513294FBA3810F2F9F6762B4DA6A72E&fsname=LG+VS980+Temasek+%E5%AE%89%E5%8D%935.1.1+V11.2+%E5%BD%92%E5%B1%9E%E5%9C%B0%E5%92%8CT9+%E6%9C%AC%E5%9C%B0%E5%A2%9E%E5%BC%BA+%E9%80%9A%E8%AF%9D%E5%BD%95%E9%9F%B3%E7%AD%89.zip"
"http://oss.reflected.net/jenkins/42554/cm-10.1.3-su640.zip"
"http://shmain.fcloud.store.qq.com/store_raw_download?buid=17021&uuid=20886&key=F4E97768C2E27A61B747F8A63383A6419FD19E107EB0A68C1F6ACFF404388D17&fsname=LG+SU640+%E7%A7%BB%E6%A4%8D%E4%B9%90%E8%9B%99OS+5+%E7%AC%AC101%E6%9C%9F+%E6%9B%B4%E6%96%B0CM3.4%E5%86%85%E6%A0%B8+Build2.zip"
"http://shmain.fcloud.store.qq.com/store_raw_download?buid=17021&uuid=42899&key=BDB32B9DEE92F80D694E354F55236AB1EB28BB9EE3C4EEFFDDC328087EB2D43B&fsname=LG+LS970+E975%E9%80%9A%E5%88%B7+%E8%87%AA%E7%94%A8G3UI+%E5%86%85%E5%BB%BAGMS.zip"
"http://shmain.fcloud.store.qq.com/store_raw_download?buid=17021&uuid=51356&key=90E3501952F38332FC740AEB6AFF07C511A7A62A053B52B760ADE62E1DD2D90B&fsname=LG+LS970+Remix5.0.2+V5.3.9+%E5%BD%92%E5%B1%9E%E5%9C%B0%E5%92%8CT9+%E6%9C%AC%E5%9C%B0%E5%A2%9E%E5%BC%BA%E7%89%88+%E9%80%9A%E8%AF%9D%E5%BD%95%E9%9F%B3+%E5%A4%9A%E5%8A%9F%E8%83%BD%E7%AD%89.zip"
"http://shmain.fcloud.store.qq.com/store_raw_download?buid=17021&uuid=54507&key=1326DC269E3C611FEC2673BD39E8290BACB26445EFD2335E5A79B77A9642A165&fsname=LG+LS970+GeePower+CM+%E6%89%A9%E5%B1%95%E7%BB%84%E4%BB%B6+%E6%B5%81%E7%95%85%E4%BC%98%E5%8C%96.zip"
"http://shmain.fcloud.store.qq.com/store_raw_download?buid=17021&uuid=50960&key=1046AE6720E749F3FCD6789EE9A657781400FD8B71B3F20FA3704914FFA57528&fsname=LG+LS970+CrDroid+%E5%AE%89%E5%8D%935.0.2+Beta5.0+%E5%BD%92%E5%B1%9E%E5%9C%B0%E5%92%8CT9+%E5%AE%9E%E7%94%A8%E7%A8%B3%E5%AE%9A+%E9%80%9A%E8%AF%9D%E5%BD%95%E9%9F%B3%E7%AD%89.zip"
"http://shmain.fcloud.store.qq.com/store_raw_download?buid=17021&uuid=50806&key=1C42F1F47E79C9E18B3B648F7C0B485589B104EF706C5FFC0894B4B38DB8A064&fsname=LG+LS970+BlissPop+V2.2%E7%A8%B3%E5%AE%9A%E7%89%88+%E5%BD%92%E5%B1%9E%E5%9C%B0%E5%92%8CT9+%E6%9C%AC%E5%9C%B0%E5%A2%9E%E5%BC%BA+%E9%80%9A%E8%AF%9D%E5%BD%95%E9%9F%B3%E7%AD%89.zip"
"http://rom.ligux.com/release/LiGux-v4.1-U1-OptimusBlack-121229-ps3TQUlr.zip"
"http://shmain.fcloud.store.qq.com/store_raw_download?buid=17021&uuid=48975&key=BF5610DE9328016A8A0CF3DDA431451968E5315F0C531F9C4BB8331FCAEEF131&fsname=LG+P880+NamelessROM+%E5%AE%89%E5%8D%935.0.2+Beta6.0+%E5%BD%92%E5%B1%9E%E5%92%8CT9%E6%8B%A8%E5%8F%B7+%E7%BD%91%E9%80%9F+%E7%A8%B3%E5%AE%9A%E5%A2%9E%E5%BC%BA.zip"
"http://shmain.fcloud.store.qq.com/store_raw_download?buid=17021&uuid=48647&key=47A45FBD8DB357DDEAD07E8CA5FBDCA71D4F4F7DCA41C5188B3E9105E324D81E&fsname=LG+LS970+Pacman5.0.2+V3.1+%E7%94%B5%E8%AF%9D%E7%9F%AD%E4%BF%A1%E5%BD%92%E5%B1%9E%E5%92%8CT9+%E6%9C%AC%E5%9C%B0%E5%A2%9E%E5%BC%BA%E7%89%88.zip"
"http://shmain.fcloud.store.qq.com/store_raw_download?buid=17021&uuid=48260&key=7FD43447659BB6574BBC9113CC63815DD6AE3D8B19E085A287C44B5D3A7C9298&fsname=LG+LS970+BlissPop+%E5%AE%89%E5%8D%935.0.2+V1.9%E6%AD%A3%E5%BC%8F%E7%A8%B3%E5%AE%9A%E7%89%88+%E5%BD%92%E5%B1%9E%E5%9C%B0%E5%92%8CT9+%E6%9C%AC%E5%9C%B0%E5%A2%9E%E5%BC%BA.zip"
"http://shmain.fcloud.store.qq.com/store_raw_download?buid=17021&uuid=47682&key=C6586FF05BBA5C5D06BD84B2ACA08E7036D2CB08EBB09DBA64E40AF2E965DA78&fsname=LG+LS970+CrDroid+%E5%AE%89%E5%8D%935.0.2+Beta4.0+%E7%94%B5%E8%AF%9D%E7%9F%AD%E4%BF%A1%E5%BD%92%E5%B1%9E%E5%92%8CT9+%E5%86%9C%E5%8E%86+%E5%A4%9A%E5%8A%9F%E8%83%BD+%E7%A8%B3%E5%AE%9A%E5%AE%9E%E7%94%A8.zip"
"http://shmain.fcloud.store.qq.com/store_raw_download?buid=17021&uuid=41820&key=9D64A1C4846641F6EAB19D2F012CD7A1FA42C7B56403D2469EE1B65BD595CCC8&fsname=LG+LS970+E975+%E9%80%9A%E5%88%B7+%E8%87%AA%E7%94%A8Carbon+GeePower%E4%BC%98%E5%8C%96+Aroma%E5%AE%89%E8%A3%85.zip"
"http://shmain.fcloud.store.qq.com/store_raw_download?buid=17021&uuid=39874&key=615EFEA883D6F5DCFF3980B37827FEF2940B91CCC76A998DF46A081D7E091FF0&fsname=LG+LS970+ColorOS+%E9%80%82%E9%85%8D%E4%BC%98%E5%8C%96%E7%89%88%E6%9C%AC.zip"
"http://shmain.fcloud.store.qq.com/store_raw_download?buid=17021&uuid=16756&key=23A2B473452A04A9BC1A7EFAE0FF5B7E6F0163687BD641B097F71A6EC7DED607&fsname=LG+F160L%28Optimus+LTE+2%29+POST+Aroma+v2.3%E7%8B%AC%E5%AE%B6%E6%B1%89%E5%8C%96%E5%BD%92%E5%B1%9E%E5%9C%B0%E9%80%8F%E6%98%8E%E5%A4%9A%E8%87%AA%E5%AE%9A%E4%B9%89%E8%AE%BE%E7%BD%AE.zip"
"http://shmain.fcloud.store.qq.com/store_raw_download?buid=17021&uuid=24822&key=B7514B5BB080323F121A211F7E4F8F7C0F288B9AB1A18441A077A56EE868CB38&fsname=LG+SU640+color+OS+su640+%E5%85%A8%E7%90%83%E9%A6%96%E5%8F%91.zip"
"http://shmain.fcloud.store.qq.com/store_raw_download?buid=17021&uuid=4477&key=464204EE5E04E374B6AAD1C9D5F28208756974A222366F5D5DE65BEE7B8C143C&fsname=LG+LTE2+F160L-V10H_CN+%E7%A8%B3%E5%AE%9A+%E6%B5%81%E7%95%85+%E4%B8%AD%E6%96%87%E6%97%97%E8%88%B0%E7%89%88%E6%AD%A3%E5%BC%8F.zip"
"http://shmain.fcloud.store.qq.com/store_raw_download?buid=17021&uuid=37849&key=397977D3D5A885A1CA92F668DDF5BDC4FB7FD3C66AC7E49B1363464D8736359A&fsname=LG+F160+4.1%E7%9C%81%E7%94%B5%E5%94%AF%E7%BE%8E%E6%B5%81%E7%95%85%E7%A8%B3%E5%AE%9A%E4%BC%98%E5%8C%96%E7%89%88.zip"
"http://get.cm/get/jenkins/43905/cm-10-20131006-NIGHTLY-p700.zip"
"http://shmain.fcloud.store.qq.com/store_raw_download?buid=17021&uuid=3593&key=D3EE59CB68B507ED1CD32C199A814B894555186F0CCE159BFEEDF88DA12967E7&fsname=LG+SU660+%E5%AE%98%E6%96%B9V20%E7%B3%BB%E5%88%97%E7%BB%88%E6%9E%81%E4%BC%98%E5%8C%96+V2.4%E6%9C%80%E7%BB%88%E7%89%88+%E7%9B%AE%E5%89%8D%E5%B0%8F%E8%8B%8F%E6%9C%80%E5%A5%BD%E7%9A%84ROM.zip"
"http://rom.ligux.com/release/LiGux-v4.1-Su660-121223.zip"
"http://shmain.fcloud.store.qq.com/store_raw_download?buid=17021&uuid=48257&key=C5D2BE8CF718CBAC2361DCF1E41DB6C3415D17CC965C4B753BED005565525C3A&fsname=LG+VS980+BlissPop+%E5%AE%89%E5%8D%935.0.2+V1.9%E6%AD%A3%E5%BC%8F%E7%A8%B3%E5%AE%9A%E7%89%88+%E5%BD%92%E5%B1%9E%E5%9C%B0%E5%92%8CT9+%E6%9C%AC%E5%9C%B0%E5%A2%9E%E5%BC%BA.zip"
"http://shmain.fcloud.store.qq.com/store_raw_download?buid=17021&uuid=5927&key=E3A840D5511BC454C845D3F7FA9F6B4CD5E03CAAAB62A75FC51B799C166BC89D&fsname=LG+Optimus+2x%28P990%29+TONYPs+PARANOIDANDROID+for+SU660+Build11.zip"
"http://shmain.fcloud.store.qq.com/store_raw_download?buid=17021&uuid=50016&key=0587B735A88F6EA2CB699A52A7F5535B1E5E253C7462D1BA47E51CCC396CA6B0&fsname=LG+LS970+CM12+%E5%AE%89%E5%8D%935.0.2+Beta5.1+%E7%94%B5%E8%AF%9D%E7%9F%AD%E4%BF%A1%E5%BD%92%E5%B1%9E%E5%92%8CT9%E6%8B%A8%E5%8F%B7+%E5%A2%9E%E5%BC%BA%E7%89%88+%E9%80%9A%E8%AF%9D%E5%BD%95%E9%9F%B3.zip"
"http://shmain.fcloud.store.qq.com/store_raw_download?buid=17021&uuid=49336&key=0876F8A12668726CC10AA8F7190244B82D9B31C98DDD23402681D7212261EC91&fsname=LG+LS970+CM12+%E5%AE%89%E5%8D%935.0.2+Beta4.0+%E7%94%B5%E8%AF%9D%E7%9F%AD%E4%BF%A1%E5%BD%92%E5%B1%9E%E5%92%8CT9%E6%8B%A8%E5%8F%B7+%E5%A2%9E%E5%BC%BA%E7%89%88+%E9%80%9A%E8%AF%9D%E5%BD%95%E9%9F%B3.zip"
"http://shmain.fcloud.store.qq.com/store_raw_download?buid=17021&uuid=28020&key=CCE0039A8647FCD7C0059D39D2A39A518CF5CFF1C061CAE472917305E2CB8347&fsname=%5B%E5%AE%89%E6%9E%81ROM%E5%A4%A7%E8%B5%9B%2B066%5DLG-2X%E5%AE%98%E6%96%B94.0-V30H7+%E7%A8%B3%E5%AE%9A%E6%B5%81%E7%95%85%E7%9C%81%E7%94%B5.zip"
