HTC D816t
1
3.4.0-g9e1399d-dirty
4.4.4
msm8226
HTC Desire S
1
3.0.16-g62a67df
4.0.4
msm7x30
HTC DNA
1
3.4.10-gde6df47
4.2.2
msm8960
HTC6435LVW
1
3.4.10-CM-ga182507
4.4.2
msm8960
HTC6435LVW
1
3.4.10-CM-g79b70f0
4.4.4
msm8960
Sensation
1
3.4.82-g3782d49
4.4.4
msm8660
Galaxy Nexus
1
3.0.31-g9f818de
4.2.2
omap4
gucci
1
3.10.28-g7cb3146
4.4.4
msm8916
HM 1S
1
3.4.0-g6e12f86-00304-gff5ad06
4.3
msm8226
HM 1S
1
3.4.0-g6e12f86-00309-g46cb3b3
4.3
msm8226
HM NOTE 1LTE
1
3.4.0-g26e4aff-00556-g25cde7b
4.4.2
msm8226
HM NOTE 1LTE
1
3.4.0-g26e4aff-00641-g34fce22
4.4.4
msm8226
HM NOTE 1LTE
1
3.4.0-g26e4aff-00650-g822c7ea
4.4.4
msm8226
HM 1S
1
3.4.0-g6e12f86-00314-g798ea71
4.3
msm8226
HM NOTE 1S
1
3.10.28-g30c6827
4.4.4
msm8916
HM NOTE 1S
1
3.10.28-gbb1adb3
4.4.4
msm8916
HM NOTE 1S
1
3.10.28-g17267d8
4.4.4
msm8916
HM NOTE 1S
1
3.10.28-g1b50027
4.4.4
msm8916
HM NOTE 1S
1
3.10.28-g4f3c3a6
4.4.4
msm8916
HM NOTE 1S
1
3.10.28-g595f69d
4.4.4
msm8916
gucci
1
3.10.28-g67b77fb
4.4.4
msm8916
gucci
1
3.10.28-ga79f4d0
4.4.4
msm8916
HM NOTE 1LTE
1
3.4.0-g26e4aff-00660-gd874e35
4.4.4
msm8226
HM NOTE 1LTE
1
3.4.0-g26e4aff-00664-gfedcb06
4.4.4
msm8226
HM NOTE 1LTE
1
3.4.0-g26e4aff-00667-gb3286d7
4.4.4
msm8226
HM NOTE 1LTE
1
3.4.0-g26e4aff-00670-g3d51582
4.4.4
msm8226
HM NOTE 1LTE
1
3.4.0-g26e4aff-00650-g822c7ea
4.4.4
msm8226
HTC Incredible S
1
3.0.16-g693e8e9
4.0.4
msm7x30
HTC One_M8
1
3.4.0-gb1fa77f
4.4.2
msm8974
HTC One_M8
1
3.4.0-ElementalX-m8-1.08-GPE
4.4.4
msm8974
HTC One_M8
1
3.4.0-gb1fa77f
4.4.2
msm8974
MI 2
1
3.4.0-g52db9c3-01093-g24c8a6b
4.1.1
msm8960
MI 2A
1
3.4.0-g52db9c3-01093-g24c8a6b
4.1.1
msm8960
MI 2A
1
3.4.0-g52db9c3-01084-gc1b2a13
4.1.1
msm8960
MI 2A
1
3.4.0-g52db9c3-01096-gafffbf5
4.1.1
msm8960
MI 2A
1
3.4.0-g52db9c3-01094-g3ad2304
4.1.1
msm8960
MI 2
1
3.4.0-g52db9c3-01084-g2886fa5
4.1.1
msm8960
MI 2
1
3.4.0-g52db9c3-01094-g3ad2304
4.1.1
msm8960
MI 2
1
3.4.0-g52db9c3-01084-gc1b2a13
4.1.1
msm8960
MI 3W
1
3.4.0-g26e4aff-00912-g1f7263f
4.4.2
msm8974
MI 3W
1
3.4.0-g7f72d41-01372-g3a33e3f
4.4.4
msm8974
MI 3W
1
3.4.0-g7f72d41-01374-gc21b970
4.4.4
msm8974
MI 3W
1
3.4.0-g7f72d41-01359-gb28c970
4.4.4
msm8974
MI 3W
1
3.4.0-g7f72d41-01383-g1d76f18
4.4.4
msm8974
MI 3W
1
3.4.0-g7f72d41-01400-g4b7d1e8
4.4.4
msm8974
MI 3W
1
3.4.0-g7f72d41-01406-g4fa15b6
4.4.4
msm8974
MI 3W
1
3.4.0-gbb551a9-01034-g7a5f473
4.4.4
msm8974
MI 3W
1
3.4.0-g83662a8-01303-g1e5b535
4.4.4
msm8974
MI 3W
1
3.4.0-g83662a8-01304-ga8f3c78
4.4.4
msm8974
MI 3W
1
3.4.0-g83662a8-01303-g1e5b535
4.4.4
msm8974
MI 3W
1
3.4.0-g7f72d41-01377-g8c45121
4.4.4
msm8974
MI 3W
1
3.4.0-g7f72d41-01400-g4b7d1e8
4.4.4
msm8974
MI 3W
1
3.4.0-g7f72d41-01406-g4fa15b6
4.4.4
msm8974
MI 3W
1
3.4.0-g7f72d41-01377-g8c45121
4.4.4
msm8974
MI-ONE Plus
1
3.4.0-perf-g1ccebb5-00148-g5f2009a
4.1.2
msm8660
MI PAD
1
3.10.24-gf11c7b8
4.4.4
tegra
MI PAD
1
3.10.24-g5505a69
4.4.4
tegra
MI PAD
1
3.10.24-g95465bb
4.4.4
tegra
MI PAD
1
3.10.24-g54440cd
4.4.4
tegra
MI PAD
1
3.10.24-gbee58ae
4.4.4
tegra
MI PAD
1
3.10.24-g95465bb
4.4.4
tegra
Nexus 4
1
3.4.0-perf-g2cae413
4.4.2
msm8960
Nexus 5
1
3.4.0-gadb2201
4.4.2
msm8974
Nexus 7
1
3.1.10-g009b6d1
4.1.2
tegra3
Nexus 7
1
3.4.0-gac9222c
4.4.2
msm8960
Nexus S
1
3.0.31-g5894150
4.1.2
s5pc110
VLE_U
1
3.0.8-01575-gdcba118
4.0.4
msm8960
Desire S
1
3.0.93-g03b758b
4.2.2
msm7x30
IM-A850
1
3.0.21-
4.1.2
msm8960
Evo 3D GSM
1
3.0.101-HeLinChun-KK+
4.4.4
msm8660
Evo 3D GSM
1
3.0.101-MiRaGe-KK+
4.4.4
msm8660
VILLE
1
3.4.10-gae8b65e
4.1.1
msm8960
HTC Vision
1
3.0.96-g03b758b-dirty
4.2.2
msm7x30
Incredible S S710e
1
3.0.94-ck1-TESCO-v2.9++-g6699546
4.2.2
msm7x30
HUAWEI C8813Q
1
3.4.0-perf-g659f716-00546-gcee32c4
4.1.2
msm7627a
SHV-E120K
1
3.0.49-cyanogenmod
4.1.2
msm8660
SAMSUNG-SHV-E120S
1
3.0.56-space-cyanogenmod-g09f2254
4.1.2
msm8660
SHV-E210L
1
3.0.31-1229430
4.1.2
exynos4
SHV-E210L
1
3.0.31-1229430
4.1.2
exynos4
U8860
1
3.0.8-perf-00052-g7da4379
4.0.3
msm7630_surf
HUAWEI U9508
1
3.0.8-00266-gae008de
4.1.2
k3v2oem1
U8860
1
3.0.8-perf-00052-g7da4379
4.0.3
msm7630_surf
GT-I9300
1
3.0.31-368423
4.1.1
exynos4
GT-I9300
1
3.0.64-CM-g3d8b293
4.2.2
exynos4
GT-I9305
1
3.0.31-633241
4.1.1
exynos4
GT-I9308
1
3.0.64-CM-gf881fac
4.4.4
exynos4
GT-I9500
1
3.4.5-805576
4.4.2
exynos5
GT-I9502
1
3.4.5-1494240
4.4.2
exynos5
GT-I9505
1
3.4.0-805641
4.4.2
msm8960
GT-I9505
1
3.4.0-966811
4.2.2
msm8960
GT-I9300
1
3.0.64-CM-ge8aa6a7
4.2.2
exynos4
GT-I9505
1
3.4.0-cyanogenmod-g433243c-dirty
4.4.4
msm8960
MB886
1
3.0.93-gca4c45c
4.2.2
msm8960
MB860
1
3.1.10-JZ-KernelAtrix-JZ-3.1.1-Kernel-g0dd0ee2-dirty
4.2.2
tegra
GT-I9300
1
3.0.101-CM
4.4.4
exynos4
GT-I9300
1
3.0.64-CM-g4ca83ff
4.4.4
exynos4
GT-N7100
1
3.0.31-343940
4.1.1
exynos4
GT-N7100
1
3.0.64-OMNI-gbd32646
4.4.4
exynos4
SM-N900
1
3.4.39-798522
4.4.2
exynos5
HUAWEI P7-L07
1
3.0.8-00371-gcd1b44d
4.4.2
hi6620oem
SC-03E
1
3.0.31-1436304
4.1.1
exynos4
SHV-E250S
1
3.0.36-SJKernel_1.07_Eng
4.1.1
exynos4
HUAWEI C8813
1
3.4.0-perf-g659f716-00030-g146a9ac
4.1.1
msm7627a
X907
1
3.0.8-perf-svn7829
4.0.3
msm8660
U9500
1
3.0.31-02123-g103e395-dirty
4.2.2
omap4
H60-L01
1
3.10.30-00089-gb77ebbb
4.4.2
hi3630
H60-L01
1
3.10.30-g71c984b-dirty
4.4.2
hi3630
H60-L01
1
3.10.30-00054-gb149dde
4.4.2
hi3630
HONOR H30-L01
1
3.0.8-g69b9442
4.4.2
hi6620oem
HONOR H30-L01
1
3.0.8-gd2d012d
4.4.2
hi6620oem
L-01F
1
3.4.100-s
4.4.2
msm8974
L36h
1
3.4.0-
4.4.4
msm8960
LG-LU6200
1
3.0.8-perf
4.0.4
msm8660
LG-LU6200
1
3.4.0-XingFu
4.4.4
msm8660
NX40X
1
3.4.0-g407bce7
4.4.2
msm8960
ZTE N909
1
3.4.0-mkey-Inspiron-N4010
4.1.2
msm7627a
ZTE N919
1
3.4.0-perf
4.1.2
msm7627a
U9200
1
3.0.31-stable-f2fs
4.4.4
omap4
LG-P760
1
3.0.31-mikegapinski+
4.2.2
omap4
LG-P880
1
3.1.10-CM+
4.2.2
tegra
ZTE STAR
1
3.4.0-ge56de39-00001-g0523ad2
4.4.2
msm8226
ZTE STAR
1
3.4.0-g47ed7f4
4.4.2
msm8226
LG-su640
1
3.4.0-Rogue-su640
4.4.4
msm8660
LG-SU640
1
3.4.0-Miracle
4.1.2
msm8660
ZTE U5
1
3.1.10-gcedc972
4.1.2
tegra
HUAWEI G510-0010
1
3.4.0-perf-g659f716-00030-g146a9ac
4.1.2
msm7627a
HUAWEI U9510E
1
3.0.8-00269-geab12dc
4.1.2
k3v2oem1
U9200
1
3.0.31-01909-gdf65e65-dirty
4.2.2
omap4
D6503
1
3.4.0-
4.4.2
msm8974
NX501
1
3.4.0-gae08b3e
4.2.2
msm8960
NX403A
1
3.4.0-g3720aca-00082-g0ea2092
4.2.2
msm8960
NX403A
1
3.4.0-g407bce7
4.4.2
msm8960
NX403A
1
3.4.0-gf5b4e5b
4.4.2
msm8960
NX505H
1
3.4.0-perf-g1e5e5ff-00057-g33f24e5
4.4.4
msm8974
NX505J
1
3.4.0-perf-g7626e1e-00667-g3b038db
4.4.2
msm8974
NX507J
1
3.4.0-perf-g7626e1e-00680-g44a5853
4.4.2
msm8974
ZTE U988S
1
3.4.35-ga441222-dirty
4.2.2
tegra
X909
1
3.4.0-perf-svn2425
4.2.2
msm8960
Find 5
1
3.4.76-cyanogenmod-gf32a44d
4.4.4
msm8960
Find 5
1
3.4.76-cyanogenmod-gcbfcb64
4.4.2
msm8960
FIND7
1
3.4.0-g4f45b70
4.4.2
msm8974
FIND7
1
3.4.0-g100b2f9
4.4.4
msm8974
FIND7
1
3.4.0-crazyi-g7da7fa3
4.4.4
msm8974
FIND7
1
3.4.0-crazyi-g78097ad
4.4.4
msm8974
X907
1
3.0.8-perf-svn7829
4.0.3
msm8660
X907
1
3.4.0-perf-svn2519
4.1.2
msm8660
ZTE U985
1
3.1.10-g025558f
4.1.2
tegra
