"http://shmain.fcloud.store.qq.com/store_raw_download?buid=17021&uuid=43289&key=7808991D6FBE4BE3C32B0F7C30D6DE7D65C1F515653CFFDEE95A04A6FDDFC4C9&fsname=MOTO+XT901+Pacman4.4+RC3+V5.2+%E5%BD%92%E5%B1%9E%E5%92%8CT9+o3%E4%BC%98%E5%8C%96+%E9%80%9A%E8%AF%9D%E5%BD%95%E9%9F%B3+%E7%8A%B6%E6%80%81%E6%A0%8F%E5%8F%98%E8%89%B2%E7%AD%89.zip"
"http://shmain.fcloud.store.qq.com/store_raw_download?buid=17021&uuid=6227&key=AB732B1E9F5060E2B0A4E1C051BF6CD7E735AFE88012BE76294F5E354FF29434&fsname=MOTO+Droid+X+%E4%B9%90%E8%9B%99LeWa+OS+for+DroidX+v2.10.12.zip"
"http://shmain.fcloud.store.qq.com/store_raw_download?buid=17021&uuid=3292&key=4963A398686ACAD38242A857401221CBBA875D43C662B83196E4802F39082743&fsname=MOTO+XT502+5%E6%9C%8820%E6%97%A5%E9%9C%B9%E9%9B%B3%E5%B0%8F%E9%BB%84%E8%9C%822.0%E5%85%A8%E6%96%B0%E4%BD%93%E9%AA%8C+%E5%85%A8%E6%96%B0%E6%84%9F%E8%A7%89.zip"
"http://shmain.fcloud.store.qq.com/store_raw_download?buid=17021&uuid=13841&key=2B7A6089DE3242907DC658039EB49C08400B54A772702E30E6CC4DEF9724594C&fsname=MOTO+DROID+X+MIUI+2.3.7+%E6%9E%81%E9%80%9F%E6%B5%81%E7%95%85+%E4%BC%98%E5%8C%96%E7%89%88+%E6%8E%A8%E8%8D%90%E4%BD%BF%E7%94%A8.zip"
"http://shmain.fcloud.store.qq.com/store_raw_download?buid=17021&uuid=39563&key=6748949EA8BCBE687333A3D5C0A9B40E3DEB368BCB06148758FD28CD7F758AC4&fsname=MOTO+XT901+PA4.4+V3.0+%E6%9D%A5%E5%8E%BB%E7%94%B5%E7%9F%AD%E4%BF%A1%E5%BD%92%E5%B1%9E%E5%92%8CT9+%E9%80%9A%E8%AF%9D%E5%BD%95%E9%9F%B3+%E7%8A%B6%E6%80%81%E6%A0%8F%E5%8F%98%E8%89%B2%E9%BE%99.zip"
"http://shmain.fcloud.store.qq.com/store_raw_download?buid=17021&uuid=38127&key=6E04A7BE167123EB88D543197330F39CAD10BCA22CCA3B772A7D52A70C5AD92D&fsname=Moto+XT901+Carbon4.4+V6.0+o3%E4%BC%98%E5%8C%96+%E5%AE%8C%E7%BE%8E%E5%BD%92%E5%B1%9E%E5%92%8CT9+%E7%A8%B3%E5%AE%9A+%E9%80%9A%E8%AF%9D%E5%BD%95%E9%9F%B3%E7%AD%89.zip"
"http://shmain.fcloud.store.qq.com/store_raw_download?buid=17021&uuid=41446&key=F228B117D864F637690B8A77EA5CA683C5657B1190F8822E4F46274F017B0A56&fsname=MOTO+XT901+CM11+V7.0+L%E4%B8%BB%E9%A2%98+%E5%BD%92%E5%B1%9E%E5%92%8CT9+%E7%8A%B6%E6%80%81%E6%A0%8F%E5%8F%98%E8%89%B2+%E9%80%9A%E8%AF%9D%E5%BD%95%E9%9F%B3.zip"
"http://shmain.fcloud.store.qq.com/store_raw_download?buid=17021&uuid=40799&key=223C0445A7D15F5B4C6A98044776DDADC6D1836F644EE5799E4632356683C95F&fsname=MOTO+XT901+CrDroid+V4.0+%E5%BD%92%E5%B1%9E%E5%9C%B0%E5%92%8CT9+%E9%80%9A%E8%AF%9D%E5%BD%95%E9%9F%B3+%E7%8A%B6%E6%80%81%E6%A0%8F%E5%8F%98%E8%89%B2%E9%BE%99+%E7%A8%B3%E5%AE%9A.zip"
"http://download.cyanogenmod.com/get/jenkins/21361/cm-7-20130301-NIGHTLY-shadow.zip"
"http://shmain.fcloud.store.qq.com/store_raw_download?buid=17021&uuid=53980&key=B24F2D80EB38017232C3AB06A601A3CD854C94673F12DF79E5D48C598EDB201E&fsname=Moto+XT907+%E5%AE%89%E5%8D%935.1.1+V10.3+%E5%BD%92%E5%B1%9E%E5%9C%B0%E5%92%8CT9+%E6%9C%AC%E5%9C%B0%E5%A2%9E%E5%BC%BA+%E9%80%9A%E8%AF%9D%E5%BD%95%E9%9F%B3%E7%AD%89.zip"
"http://shmain.fcloud.store.qq.com/store_raw_download?buid=17021&uuid=54824&key=688FBBBBAD7FC5E1974DC34ADDBEFE1E285267EB1D613CCDEA3E9644BC93E04C&fsname=Moto+XT907+Temasek+%E5%AE%89%E5%8D%935.1.1+V11.1+%E5%BD%92%E5%B1%9E%E5%9C%B0%E5%92%8CT9+%E6%9C%AC%E5%9C%B0%E5%A2%9E%E5%BC%BA+%E9%80%9A%E8%AF%9D%E5%BD%95%E9%9F%B3%E7%AD%89.zip"
"http://shmain.fcloud.store.qq.com/store_raw_download?buid=17021&uuid=53065&key=886AE92A5B89C71C037DA8B5F91547A599504C0577BB4536EB75C55DE6431CD7&fsname=Moto+XT907+RemixV5.4.1+%E5%AE%89%E5%8D%935.1+%E5%BD%92%E5%B1%9E%E5%9C%B0%E5%92%8CT9+%E6%9C%AC%E5%9C%B0%E5%A2%9E%E5%BC%BA%E7%89%88+%E9%80%9A%E8%AF%9D%E5%BD%95%E9%9F%B3+%E5%A4%9A%E5%8A%9F%E8%83%BD%E7%AD%89.zip"
"http://shmain.fcloud.store.qq.com/store_raw_download?buid=17021&uuid=39559&key=E44C78172007E6E2DE881C3099540009B64D4DC09EA23A02D1829BBF90702211&fsname=MOTO+XT907+PA4.4+v3.0+%E6%9D%A5%E5%8E%BB%E7%94%B5%E7%9F%AD%E4%BF%A1%E5%BD%92%E5%B1%9E%E5%92%8CT9+%E9%80%9A%E8%AF%9D%E5%BD%95%E9%9F%B3+%E7%8A%B6%E6%80%81%E6%A0%8F%E5%8F%98%E8%89%B2%E9%BE%99%E7%AD%89.zip"
"http://shmain.fcloud.store.qq.com/store_raw_download?buid=17021&uuid=53391&key=0B98A1A813FA537EA5F1E12E87499BC66D6205B6193C68CB5006BC79C73A563F&fsname=Moto+XT907+BlissPop+%E5%AE%89%E5%8D%935.0.2+V2.3%E7%A8%B3%E5%AE%9A%E7%89%88+%E5%BD%92%E5%B1%9E%E5%9C%B0%E5%92%8CT9+%E6%9C%AC%E5%9C%B0%E5%A2%9E%E5%BC%BA+%E9%80%9A%E8%AF%9D%E5%BD%95%E9%9F%B3%E7%AD%89.zip"
"http://shmain.fcloud.store.qq.com/store_raw_download?buid=17021&uuid=51875&key=AADBEAE0E9DC238804287FB29C84C1E00500F79F75DE96728825DBB1B52E9FFC&fsname=Moto+XT907+CM12%E5%A2%9E%E5%BC%BA%E7%89%88+%E5%AE%89%E5%8D%935.0.2+RC1+%E5%BD%92%E5%B1%9E%E5%9C%B0%E5%92%8CT9%E6%8B%A8%E5%8F%B7+%E9%80%9A%E8%AF%9D%E5%BD%95%E9%9F%B3+%E7%A8%B3%E5%AE%9A.zip"
"http://shmain.fcloud.store.qq.com/store_raw_download?buid=17021&uuid=52656&key=F76D38CBE0A3D18F85B95C341ADDBC51CFD9BDEC5F105D55D44B4229E82CE172&fsname=Moto+XT907+CM12.1%E5%A2%9E%E5%BC%BA%E7%89%88+%E5%AE%89%E5%8D%935.1+Beta1.0+%E5%BD%92%E5%B1%9E%E5%9C%B0%E5%92%8CT9%E6%8B%A8%E5%8F%B7+%E9%80%9A%E8%AF%9D%E5%BD%95%E9%9F%B3+%E5%86%9C%E5%8E%86%E7%AD%89.zip"
"http://shmain.fcloud.store.qq.com/store_raw_download?buid=17021&uuid=54523&key=46D00C113B45210CCF1DFBDF54AAEE6CAC01DBA930061498F46DABE46EB4FBBD&fsname=Miui6+For+Moto+MB886.zip"
"http://shmain.fcloud.store.qq.com/store_raw_download?buid=17021&uuid=55480&key=26F0068B2AA83A886C2295D3C0C13059755EA73D3779CBE2D97A201F04842B39&fsname=Moto+MB886+Remix5.4.4+%E5%AE%89%E5%8D%935.1.1+%E5%BD%92%E5%B1%9E%E5%9C%B0%E5%92%8CT9+%E6%9C%AC%E5%9C%B0%E5%A2%9E%E5%BC%BA+%E9%80%9A%E8%AF%9D%E5%BD%95%E9%9F%B3%E7%AD%89.zip"
"http://shmain.fcloud.store.qq.com/store_raw_download?buid=17021&uuid=54730&key=FDC408E715A0D9744ED7C4E6925EB32CAEB3ADED0255402B121CCBE02F46A39C&fsname=Moto+MB886+Temasek+V11.1+%E5%BD%92%E5%B1%9E%E5%9C%B0%E5%92%8CT9+%E6%9C%AC%E5%9C%B0%E5%A2%9E%E5%BC%BA+%E9%80%9A%E8%AF%9D%E5%BD%95%E9%9F%B3%E7%AD%89.zip"
"http://oss.reflected.net/jenkins/110543/cm-12.1-20150515-NIGHTLY-mb886.zip"
"http://shmain.fcloud.store.qq.com/store_raw_download?buid=17021&uuid=54089&key=CB2A7EB92EE8089522AD8EAE9031F22C450D7AABC65468C2BF55B1D805B86C16&fsname=Moto+MB886+%E5%AE%89%E5%8D%935.1.1+V10.5+%E5%BD%92%E5%B1%9E%E5%9C%B0%E5%92%8CT9+%E6%9C%AC%E5%9C%B0%E5%A2%9E%E5%BC%BA+%E9%80%9A%E8%AF%9D%E5%BD%95%E9%9F%B3%E7%AD%89.zip"
"http://shmain.fcloud.store.qq.com/store_raw_download?buid=17021&uuid=54074&key=5937A7399B67F4C4443DEAF990720FC36D1C40F6360430D0820A3B501ECEF659&fsname=Moto+MB886+CM12.1%E5%A2%9E%E5%BC%BA%E7%89%88+%E5%AE%89%E5%8D%935.1.1+Beta3.0+%E5%BD%92%E5%B1%9E%E5%9C%B0%E5%92%8CT9+%E9%80%9A%E8%AF%9D%E5%BD%95%E9%9F%B3%E7%AD%89.zip"
"http://shmain.fcloud.store.qq.com/store_raw_download?buid=17021&uuid=53601&key=DF59352A426D94AB0F10F5A46B73283DE50BCE06C9FBE8130B5F00B1B385451D&fsname=Moto+MB886+BlissPop+%E5%AE%89%E5%8D%935.1+V3.1+%E5%BD%92%E5%B1%9E%E5%9C%B0%E5%92%8CT9+%E6%9C%AC%E5%9C%B0%E5%A2%9E%E5%BC%BA+%E9%80%9A%E8%AF%9D%E5%BD%95%E9%9F%B3%E7%AD%89.zip"
"http://shmain.fcloud.store.qq.com/store_raw_download?buid=17021&uuid=48765&key=0A4CE7ED67CCD6475BB7B2CFD97D805A49064FE396FF6D2D37220FA8A702EEEC&fsname=MOTO+XT901+Pacman5.0.2+V3.1+%E7%94%B5%E8%AF%9D%E7%9F%AD%E4%BF%A1%E5%BD%92%E5%B1%9E%E5%92%8CT9+%E6%9C%AC%E5%9C%B0%E5%A2%9E%E5%BC%BA%E7%89%88.zip"
"http://shmain.fcloud.store.qq.com/store_raw_download?buid=17021&uuid=54175&key=DFB2CA34788D59CA58FCEC8C0CFB088ADD10E7199D1B5D3855D88153F5C54E9B&fsname=Moto+MB886+BlissPop+%E5%AE%89%E5%8D%935.1.1+V3.2%E6%94%B9%E8%89%AF%E7%89%88+%E5%BD%92%E5%B1%9E%E5%9C%B0%E5%92%8CT9+%E6%9C%AC%E5%9C%B0%E5%A2%9E%E5%BC%BA+%E9%80%9A%E8%AF%9D%E5%BD%95%E9%9F%B3%E7%AD%89.zip"
"http://shmain.fcloud.store.qq.com/store_raw_download?buid=17021&uuid=51022&key=4678FEC3AFF8BB5B53A8E55AFCB28A6A2EC52BF514CE45B24AA0E6A92B3A732A&fsname=Moto+MB886+CrDroid+%E5%AE%89%E5%8D%935.0.2+Beta5.0+%E5%BD%92%E5%B1%9E%E5%9C%B0%E5%92%8CT9+%E5%AE%9E%E7%94%A8%E7%A8%B3%E5%AE%9A+%E9%80%9A%E8%AF%9D%E5%BD%95%E9%9F%B3%E7%AD%89.zip"
"http://shmain.fcloud.store.qq.com/store_raw_download?buid=17021&uuid=51402&key=59F7AD6F4C425493329FF46AB608A09476708FC1105388977D9CCAA2CFFE1011&fsname=Moto+MB886+Remix5.0.2+V5.3.9+%E5%BD%92%E5%B1%9E%E5%9C%B0%E5%92%8CT9+%E6%9C%AC%E5%9C%B0%E5%A2%9E%E5%BC%BA%E7%89%88+%E9%80%9A%E8%AF%9D%E5%BD%95%E9%9F%B3+%E5%A4%9A%E5%8A%9F%E8%83%BD%E7%AD%89.zip"
"http://shmain.fcloud.store.qq.com/store_raw_download?buid=17021&uuid=39042&key=8B264B4091723398300DC36939BB9AD550020BE8126606C5C34FCE93F00F5F4E&fsname=Moto+MSM8960+jbbl%E9%80%9A%E5%88%B7+Pacman4.4+RC2+V3.0+%E5%BD%92%E5%B1%9E%E5%92%8CT9+o3%E4%BC%98%E5%8C%96+%E7%A8%B3%E5%AE%9A+%E9%80%9A%E8%AF%9D%E5%BD%95%E9%9F%B3.zip"
"http://shmain.fcloud.store.qq.com/store_raw_download?buid=17021&uuid=51405&key=1D526BD9246C6EEF20BC09FDCE503ADC806DE2856F2453B301D3B29E547487A8&fsname=Moto+XT907+Remix5.0.2+V5.3.9+%E5%BD%92%E5%B1%9E%E5%9C%B0%E5%92%8CT9+%E6%9C%AC%E5%9C%B0%E5%A2%9E%E5%BC%BA%E7%89%88+%E9%80%9A%E8%AF%9D%E5%BD%95%E9%9F%B3+%E5%A4%9A%E5%8A%9F%E8%83%BD%E7%AD%89.zip"
"http://shmain.fcloud.store.qq.com/store_raw_download?buid=17021&uuid=47685&key=D9B426B51630540B400648C4C8FA1767303C2F3857BB9E2D5A2F11EB594E6186&fsname=MOTO+XT907+CrDroid+%E5%AE%89%E5%8D%935.0.2+Beta4.0+%E7%94%B5%E8%AF%9D%E7%9F%AD%E4%BF%A1%E5%BD%92%E5%B1%9E%E5%92%8CT9+%E5%86%9C%E5%8E%86+%E5%A4%9A%E5%8A%9F%E8%83%BD+%E7%A8%B3%E5%AE%9A%E5%AE%9E%E7%94%A8.zip"
"http://oss.reflected.net/jenkins/59280/cm-10.1-20140216-NIGHTLY-everest.zip"
"http://shmain.fcloud.store.qq.com/store_raw_download?buid=17021&uuid=1045&key=BE4C63316140B427B4FB2F7F9B296CFD9363812D7F964FC4057639DEDABA5843&fsname=%E4%BA%91%E8%88%9E%E5%B8%A6%E6%9D%A5%E7%BB%99%E5%8A%9B%E4%B9%90%E8%9B%9916%E6%9C%9F%E7%A7%BB%E6%A4%8D+%E5%AE%98%E6%96%B9%E6%9C%BA%E5%9E%8B%E7%BE%A1%E6%85%95%E4%B8%8D%E6%9D%A5%E7%9A%84%E6%9E%81%E8%87%B4%E8%AE%BE%E7%BD%AE.zip"
"http://shmain.fcloud.store.qq.com/store_raw_download?buid=17021&uuid=38128&key=49D3C923A04DA7ED0A5D9A7026486B2BA0357FE6B75BED4965ED5B9809296999&fsname=Moto+XT907+Carbon4.4+V6.0+o3%E4%BC%98%E5%8C%96+%E5%AE%8C%E7%BE%8E%E5%BD%92%E5%B1%9E%E5%92%8CT9+%E7%A8%B3%E5%AE%9A+%E9%80%9A%E8%AF%9D%E5%BD%95%E9%9F%B3%E7%AD%89.zip"
"http://shmain.fcloud.store.qq.com/store_raw_download?buid=17021&uuid=5138&key=38B36B42E9AFE6F9B22A63CF264D1EEF4F1514CB8F11E012EE9691680CE90F75&fsname=MOTO+Milestone+CM9-ICS4.04-%E7%A8%B3%E5%AE%9A%E7%89%88+%E7%BB%88%E6%9E%81%E7%A8%B3%E5%AE%9A%E6%B5%81%E7%95%85%E7%89%88.zip"
"http://shmain.fcloud.store.qq.com/store_raw_download?buid=17021&uuid=5143&key=54314519E1CEC5FCC54C968A82C7AA16ECB80FC8125FE39F93182378DE3CCD2E&fsname=MOTO+Milestone+Iceandfire-V4.1+%E9%9B%86%E6%B8%B8%E6%80%A7%E8%83%BD%E5%92%8C%E6%B5%81%E7%95%85+%E7%BE%8E%E8%A7%82%E4%B8%80%E4%BD%93%E4%BC%98%E5%8C%96%E7%89%88.zip"
"http://shmain.fcloud.store.qq.com/store_raw_download?buid=17021&uuid=5139&key=5E65692B4D05E258DC0C8370F1AB99FE75519A66E708FF6CE0BC40085C9E88C8&fsname=MOTO+Milestone+C.M-2.2.2+%E7%BB%88%E7%BB%93%E7%89%88+%E6%80%A7%E8%83%BD%E6%9C%80%E5%BC%BA%E5%A4%A7%E7%9A%842.2.zip"
"http://shmain.fcloud.store.qq.com/store_raw_download?buid=17021&uuid=50426&key=0EF5FB8DC46B30ABD1D546EFDEC38E90AFA3DA46727A68A83075E12464240F68&fsname=Moto+XT907+Remix5.0.2+V5.3.8+%E5%BD%92%E5%B1%9E%E5%9C%B0%E5%92%8CT9+%E6%9C%AC%E5%9C%B0%E5%A2%9E%E5%BC%BA%E7%89%88+%E9%80%9A%E8%AF%9D%E5%BD%95%E9%9F%B3+%E5%A4%9A%E5%8A%9F%E8%83%BD%E7%AD%89.zip"
"http://shmain.fcloud.store.qq.com/store_raw_download?buid=17021&uuid=536&key=FEED2D28489F428B201B49278547F127EB2CFADB3314B4B6AD0581447DFA0905&fsname=11%E6%9C%88+24%E6%97%A5%E6%9B%B4%E6%96%B0%EF%BC%8C%E9%87%8C%E7%A8%8B%E7%A2%91%E6%9C%80%E6%96%B02.37%E6%BA%90%E7%A0%81%E7%BC%96%E8%AF%91%EF%BC%8C%E4%BC%98%E5%8C%96APP%E8%AE%BE%E7%BD%AE.zip"
"http://shmain.fcloud.store.qq.com/store_raw_download?buid=17021&uuid=5142&key=C9BD55F16920BE327C17A60EBC62B7BBEE54CE009F519CDF8C426087EB3E2F4E&fsname=MOTO+Milestone+CM-6.3.9a-Final+%E5%85%A8%E5%8A%9F%E8%83%BD%E4%BC%98%E5%8C%96%E7%89%88+%E6%9E%81%E9%80%9F%E6%B5%81%E7%95%85.zip"
"http://shmain.fcloud.store.qq.com/store_raw_download?buid=17021&uuid=5108&key=6C85BAF9821B53239AF3420584B799B1C1350EE4A74612CCCA8CBCF774001E3E&fsname=MOTO+Milestone+C.M.7+2.3.5+Final+For+Milestone+%E7%A8%B3%E5%AE%9A+%E8%B6%85%E6%B5%81%E7%95%85%E7%BB%88%E6%9E%81%E7%89%88.zip"
"http://shmain.fcloud.store.qq.com/store_raw_download?buid=17021&uuid=619&key=A098EC3E08D9132990768879A1607A031A941E57E24F6CE5DE182F21F506C5E1&fsname=%E9%87%8C%E7%A8%8B%E7%A2%912.37%E6%B7%BB%E5%8A%A04.0%E7%89%B9%E5%BE%81%E6%9E%81%E5%BA%A6%E7%B2%BE%E7%AE%80+%E7%9C%81%E7%94%B5%E6%B5%81%E7%95%85%E8%BD%BB%E5%BA%A6%E7%BE%8E%E5%8C%96%E9%80%82%E5%90%88%E5%A4%A7%E4%BC%97%E5%8F%A3%E5%91%B3.zip"
"http://download.cyanogenmod.com/get/jenkins/2861/cm-7.2.0-sholes.zip"
"http://bigota.d.miui.com/2.3.7c/miui_Milestone_2.3.7c_415lds6hzl_2.3.zip"
"http://shmain.fcloud.store.qq.com/store_raw_download?buid=17021&uuid=396&key=D9FC43AB6ACD3ADCD09A9AED01707AC2B998FB21066BB960456F8FD19012783D&fsname=MOTO+Milestone+XT702+2.3.5_xuefy_GoAPK_v3_RC7+ROM.rar"
"http://shmain.fcloud.store.qq.com/store_raw_download?buid=17021&uuid=47908&key=70B71AE383404664BFEC19F3B612BE9063857FE82D4D50E4FAE999E13B03F014&fsname=MOTO+Droid+Ultra+CrDroid+%E5%AE%89%E5%8D%935.0.2+Beta4.0+%E7%94%B5%E8%AF%9D%E7%9F%AD%E4%BF%A1%E5%BD%92%E5%B1%9E%E5%92%8CT9+%E5%86%9C%E5%8E%86+%E5%A4%9A%E5%8A%9F%E8%83%BD+%E7%A8%B3%E5%AE%9A%E5%AE%9E%E7%94%A8.zip"
"http://shmain.fcloud.store.qq.com/store_raw_download?buid=17021&uuid=48139&key=5FBA5B29CB1C0CFE287788D257F17A71A130B9971821A6B66859F41C82DD2BD8&fsname=MOTO+Droid+Ultra+BlissPop+%E5%AE%89%E5%8D%935.0.2+V1.9%E6%AD%A3%E5%BC%8F%E7%A8%B3%E5%AE%9A%E7%89%88+%E5%BD%92%E5%B1%9E%E5%9C%B0%E5%92%8CT9+%E6%9C%AC%E5%9C%B0%E5%A2%9E%E5%BC%BA.zip"
"http://shmain.fcloud.store.qq.com/store_raw_download?buid=17021&uuid=48768&key=516EC5ECBC59FE3F70A2A42424C212E1094C3D9569BC1753DFB1066B621A9766&fsname=MOTO+XT907+Pacman5.0.2+V3.1+%E7%94%B5%E8%AF%9D%E7%9F%AD%E4%BF%A1%E5%BD%92%E5%B1%9E%E5%92%8CT9+%E6%9C%AC%E5%9C%B0%E5%A2%9E%E5%BC%BA%E7%89%88.zip"
"http://shmain.fcloud.store.qq.com/store_raw_download?buid=17021&uuid=48141&key=8BEA9252DC5FD5FB45F1CF4A91C0D8FE8D3AA8DEB12A38CF7BAE1BA1B519CC80&fsname=MOTO+Droid+Mini+BlissPop+%E5%AE%89%E5%8D%935.0.2+V1.9%E6%AD%A3%E5%BC%8F%E7%A8%B3%E5%AE%9A%E7%89%88+%E5%BD%92%E5%B1%9E%E5%9C%B0%E5%92%8CT9+%E6%9C%AC%E5%9C%B0%E5%A2%9E%E5%BC%BA.zip"
"http://shmain.fcloud.store.qq.com/store_raw_download?buid=17021&uuid=50186&key=A3DDBEFC804BCC6E322B4E5A162DAFADD0101DA9B6FAE9AE9C298627A774F638&fsname=Moto+MB886+CM12+%E5%AE%89%E5%8D%935.0.2+Bet5.1+%E7%94%B5%E8%AF%9D%E7%9F%AD%E4%BF%A1%E5%BD%92%E5%B1%9E%E5%92%8CT9%E6%8B%A8%E5%8F%B7+%E5%A2%9E%E5%BC%BA%E7%89%88+%E9%80%9A%E8%AF%9D%E5%BD%95%E9%9F%B3.zip"
"http://shmain.fcloud.store.qq.com/store_raw_download?buid=17021&uuid=47906&key=09BE6839F04B138EC5A0F1A15C9824B5F02A1A41E7771FAB3AD9EE47D6C99AE5&fsname=MOTO+Droid+Mini+CrDroid+%E5%AE%89%E5%8D%935.0.2+Beta4.0+%E7%94%B5%E8%AF%9D%E7%9F%AD%E4%BF%A1%E5%BD%92%E5%B1%9E%E5%92%8CT9+%E5%86%9C%E5%8E%86+%E5%A4%9A%E5%8A%9F%E8%83%BD+%E7%A8%B3%E5%AE%9A%E5%AE%9E%E7%94%A8.zip"
"http://shmain.fcloud.store.qq.com/store_raw_download?buid=17021&uuid=5140&key=CA2BDADBCAEB525B70F44A02F979C41DBF89A871B1AD1551BC0157607CE35244&fsname=MOTO+Milestone+%E5%AE%98%E6%96%B9%E5%9B%BD%E8%A1%8C2.2_%E7%BB%88%E6%9E%81%E7%89%88+%E7%A8%B3%E5%AE%9A%E5%B7%85%E5%B3%B0%E4%BC%98%E5%8C%96%E5%88%80%E9%94%8B%E4%B8%BB%E9%A2%98%E5%AE%8C%E7%BE%8E%E7%89%88.zip"
"http://shmain.fcloud.store.qq.com/store_raw_download?buid=17021&uuid=54229&key=746F1121A3FB8A6625E604175520EBA7868DB3F0E832EF023AE46E2CBC0850F2&fsname=New+Moto+G2+2nd+%E7%AC%AC%E4%BA%8C%E4%BB%A3+BlissPop+%E5%AE%89%E5%8D%935.1.1+V3.2%E6%94%B9%E8%89%AF%E7%89%88+%E5%BD%92%E5%B1%9E%E5%9C%B0%E5%92%8CT9.zip"
"http://shmain.fcloud.store.qq.com/store_raw_download?buid=17021&uuid=55020&key=A563E243D830CD9CE9394BBED825104D3EF43359157532600F21A07FA50E835C&fsname=New+Moto+G2+2nd+%E7%AC%AC%E4%BA%8C%E4%BB%A3+Temasek+%E5%AE%89%E5%8D%935.1.1+V11.2+%E5%BD%92%E5%B1%9E%E5%9C%B0%E5%92%8CT9+%E6%9C%AC%E5%9C%B0%E5%A2%9E%E5%BC%BA%E7%AD%89.zip"
"http://shmain.fcloud.store.qq.com/store_raw_download?buid=17021&uuid=5141&key=19597A8CC60BE691A8DE194F39B70FED3EC4FB26E3798D500045F5551D27E6A7&fsname=MOTO+Milestone+FroyoPlus_x2.61-Final-update_signed+%E5%B7%85%E5%B3%B0%E4%B9%8B%E4%BD%9C%E4%BC%98%E5%8C%96%E7%89%88.zip"
"http://shmain.fcloud.store.qq.com/store_raw_download?buid=17021&uuid=51371&key=272EA1309D69F0792EFDA8A06B99591B0DA2DD1ECE6CA25C87745DA2C3079B2B&fsname=Moto+Droid+Mini+Remix5.0.2+V5.3.9+%E5%BD%92%E5%B1%9E%E5%9C%B0%E5%92%8CT9+%E6%9C%AC%E5%9C%B0%E5%A2%9E%E5%BC%BA%E7%89%88+%E9%80%9A%E8%AF%9D%E5%BD%95%E9%9F%B3+%E5%A3%B0%E9%9F%B3%E5%AE%8C%E7%BE%8E.zip"
"http://shmain.fcloud.store.qq.com/store_raw_download?buid=17021&uuid=53598&key=1F325B5213211444C2377F2E45B002F2902431B217910F3A19053F7EA70632BE&fsname=New+Moto+G2+2nd+%E7%AC%AC%E4%BA%8C%E4%BB%A3+BlissPop+%E5%AE%89%E5%8D%935.1+V3.1+%E5%BD%92%E5%B1%9E%E5%9C%B0%E5%92%8CT9+%E6%9C%AC%E5%9C%B0%E5%A2%9E%E5%BC%BA+%E9%80%9A%E8%AF%9D%E5%BD%95%E9%9F%B3%E7%AD%89.zip"
"http://oss.reflected.net/jenkins/40534/cm-10.1.3-RC2-maserati.zip"
"http://oss.reflected.net/jenkins/57372/cm-10.2.1-maserati.zip"
"http://shmain.fcloud.store.qq.com/store_raw_download?buid=17021&uuid=54822&key=6C3B2400DBBC1469D543F5F72DC5DB51E47385B0B70041852C22194F3631FDC2&fsname=New+Moto+G2+2nd+%E7%AC%AC%E4%BA%8C%E4%BB%A3+%E5%AE%89%E5%8D%935.1.1+V11.1+%E5%BD%92%E5%B1%9E%E5%9C%B0%E5%92%8CT9+%E6%9C%AC%E5%9C%B0%E5%A2%9E%E5%BC%BA+%E9%80%9A%E8%AF%9D%E5%BD%95%E9%9F%B3%E7%AD%89.zip"
"http://oss.reflected.net/jenkins/110542/cm-12.1-20150515-NIGHTLY-maserati.zip"
"http://shmain.fcloud.store.qq.com/store_raw_download?buid=17021&uuid=4454&key=7897BD925C8BFA649AE9CA9301853F4866C368A1CA75A6F306DC1FB4E35D64DD&fsname=MOTO+Milestone2+MIUI_V11_S%E7%89%882.3.7%E5%8F%91%E5%B8%83+%E6%9B%B4%E7%A8%B3%E5%AE%9A+%E6%9B%B4%E6%B5%81%E7%95%85+%E6%9B%B4%E7%9C%81%E7%94%B5+%E6%9B%B4%E5%AE%8C%E7%BE%8E+07.11%E6%9B%B4%E6%96%B0.zip"
"http://shmain.fcloud.store.qq.com/store_raw_download?buid=17021&uuid=46314&key=D811F9F43D288F5BB4877ACEBCF332D5162199CF821F9641C126830E04EAC528&fsname=MOTO+Milestone2++%E5%AE%98%E6%96%B9%E7%9C%81%E7%94%B5%E7%A8%B3%E5%AE%9A+%E6%B8%B8%E6%88%8F%E6%B5%81%E7%95%85+%E5%A4%A7%E5%86%85%E5%AD%98+%E5%B7%B2ROOT.zip"
"http://shmain.fcloud.store.qq.com/store_raw_download?buid=17021&uuid=2836&key=A055AC77194A8BADFAC425DB3B3B61AE1B83713564DD51D2005833E255A66986&fsname=MOTO+Droid+2+MIUI+2.4.20.zip"
"http://shmain.fcloud.store.qq.com/store_raw_download?buid=17021&uuid=2660&key=7FBAC2E79EACC08A378CDC03DBC4054C91A7B31D4D7A062ACCA11CDCC2C1FFA5&fsname=Milestone+2+%E5%AE%8C%E7%BE%8E%E4%B8%AD%E6%96%87+%E7%B3%BB%E7%BB%9F%E6%B5%81%E7%95%85+%E7%9C%81%E7%94%B5+%5B02.21%5D.zip"
"http://shmain.fcloud.store.qq.com/store_raw_download?buid=17021&uuid=2398&key=A98C60AC3AE23E486B40569333FB50E18E1EDFF49BF774897010CF170985E840&fsname=MOTO+Milestone+2+MIUI2.3.7%E6%9C%80%E7%BB%88%E7%89%88+%E9%80%9F%E5%BA%A6+%E7%9C%81%E7%94%B5+%E6%B5%81%E7%95%85+%E7%BB%99%E5%8A%9B.zip"
"http://shmain.fcloud.store.qq.com/store_raw_download?buid=17021&uuid=770&key=BC6C01B83A4101CB1C98B178AA7D3279822B0FFD45A907A262AB425720A20DAA&fsname=Milestone+2+%E6%9C%80%E6%96%B0CM9+Android+4.0.3+Beta%E7%89%88%E5%8F%91%E5%B8%83%EF%BC%81%E7%B3%BB%E7%BB%9F%E6%B5%81%E7%95%85%E8%BF%90%E8%A1%8C.zip"
"http://shmain.fcloud.store.qq.com/store_raw_download?buid=17021&uuid=4343&key=BCE0C93465B5F752456DCCFC8CA1533AECA0A5BA419485C034CEC79AFEFB8817&fsname=MoKeeOS+Beta+1.10+For+MileStone+2+%5B08.19%5D.zip"
"http://shmain.fcloud.store.qq.com/store_raw_download?buid=17021&uuid=1868&key=68CEDC360D699DD7351A07A0EB24C071F442580A2CCE98CAF942304045D343B8&fsname=MOTO+Milestone+2+wiui+2.3.7+%E6%A0%B9%E6%8D%AEdefy%E7%A7%BB%E6%A4%8D.zip"
"http://shmain.fcloud.store.qq.com/store_raw_download?buid=17021&uuid=13868&key=0AF2E26F44703C971A1088B10C7D9C74AD5F67C3BD8E70BA9F9DDA023FE52299&fsname=MOTO+Droid2+Globa+2.3.4+A956+%E7%B2%BE%E7%AE%80%E6%B5%81%E7%95%85%E4%BC%98%E5%8C%96%E7%89%88.zip"
"http://shmain.fcloud.store.qq.com/store_raw_download?buid=17021&uuid=5994&key=652928CB0C862E889754E0E355305DEE2E3E5390A95A2C5DD8A259FBFCDCDF39&fsname=MOTO+Milestone2+CM10+Jelly+Bean+ParanoidAndroid2.14+for+Bravo+MS2+Latest.zip"
"http://download.cyanogenmod.com/get/jenkins/21402/cm-7-20130301-NIGHTLY-droid2.zip"
"http://shmain.fcloud.store.qq.com/store_raw_download?buid=17021&uuid=48781&key=0AC48C6FB3B12921CC47015684B7ADC09D04483FFAA7A0E68A69898FB05A1811&fsname=Moto+G+4G%E7%89%88+Pacman5.0.2+V3.1+%E7%94%B5%E8%AF%9D%E7%9F%AD%E4%BF%A1%E5%BD%92%E5%B1%9E%E5%92%8CT9+%E6%9C%AC%E5%9C%B0%E5%A2%9E%E5%BC%BA%E7%89%88+%E7%A8%B3%E5%AE%9A%E5%AE%9E%E7%94%A8.zip"
"http://shmain.fcloud.store.qq.com/store_raw_download?buid=17021&uuid=54004&key=B43B2B1758C45E9A1CA31250DB45C6C2B093B9986517F139B46B272737FF7E6A&fsname=Moto+G+4G%E7%89%88+Temasek+%E5%AE%89%E5%8D%935.1.1+V10.4+%E5%BD%92%E5%B1%9E%E5%9C%B0%E5%92%8CT9+%E6%9C%AC%E5%9C%B0%E5%A2%9E%E5%BC%BA+%E9%80%9A%E8%AF%9D%E5%BD%95%E9%9F%B3%E7%AD%89.zip"
"http://shmain.fcloud.store.qq.com/store_raw_download?buid=17021&uuid=53060&key=71F6C686CC35BEEF0E0667C1BC0EE85062480CDA4B4B3B9F7BAC55466ED0E554&fsname=Moto+G+4G%E7%89%88+RemixV5.4.1+%E5%AE%89%E5%8D%935.1+%E5%BD%92%E5%B1%9E%E5%9C%B0%E5%92%8CT9+%E6%9C%AC%E5%9C%B0%E5%A2%9E%E5%BC%BA%E7%89%88+%E9%80%9A%E8%AF%9D%E5%BD%95%E9%9F%B3+%E5%A4%9A%E5%8A%9F%E8%83%BD%E7%AD%89.zip"
"http://shmain.fcloud.store.qq.com/store_raw_download?buid=17021&uuid=52651&key=017891889687A1EE390AF550E975280096E20F81AD4EBA61177BD056AE980A65&fsname=Moto+G+4G%E7%89%88+CM12.1%E5%A2%9E%E5%BC%BA%E7%89%88+%E5%AE%89%E5%8D%935.1+Beta1.0+%E5%BD%92%E5%B1%9E%E5%9C%B0%E5%92%8CT9%E6%8B%A8%E5%8F%B7+%E9%80%9A%E8%AF%9D%E5%BD%95%E9%9F%B3+%E5%86%9C%E5%8E%86%E7%AD%89.zip"
"http://shmain.fcloud.store.qq.com/store_raw_download?buid=17021&uuid=51412&key=30383BDA88142FC1FCC1B990D6C77BEEF5D31E22DB8EC59AB249FCB9CFB8B553&fsname=Moto+G+4G%E7%89%88+Remix5.0.2+V5.3.9+%E5%BD%92%E5%B1%9E%E5%9C%B0%E5%92%8CT9+%E6%9C%AC%E5%9C%B0%E5%A2%9E%E5%BC%BA%E7%89%88+%E9%80%9A%E8%AF%9D%E5%BD%95%E9%9F%B3+%E5%A4%9A%E5%8A%9F%E8%83%BD%E7%AD%89.zip"
"http://shmain.fcloud.store.qq.com/store_raw_download?buid=17021&uuid=50801&key=100B76B96E02DB170BE5DB305D38358F7EA3AB9983B920EDAAC52BCEA2962473&fsname=Moto+G+4G%E7%89%88+BlissPop+%E5%AE%89%E5%8D%935.0.2+V2.2%E7%A8%B3%E5%AE%9A%E7%89%88+%E5%BD%92%E5%B1%9E%E5%9C%B0%E5%92%8CT9+%E6%9C%AC%E5%9C%B0%E5%A2%9E%E5%BC%BA+%E9%80%9A%E8%AF%9D%E5%BD%95%E9%9F%B3%E7%AD%89.zip"
"http://shmain.fcloud.store.qq.com/store_raw_download?buid=17021&uuid=50153&key=3C1612C42CF460FD4C2A94BC4A476DC5E76ADE7F8C6D936B56F37B617245CBEC&fsname=Moto+G+4G%E7%89%88+CM12+%E5%AE%89%E5%8D%935.0.2+Beta5.1+%E7%94%B5%E8%AF%9D%E7%9F%AD%E4%BF%A1%E5%BD%92%E5%B1%9E%E5%92%8CT9%E6%8B%A8%E5%8F%B7+%E5%A2%9E%E5%BC%BA%E7%89%88+%E9%80%9A%E8%AF%9D%E5%BD%95%E9%9F%B3.zip"
"http://shmain.fcloud.store.qq.com/store_raw_download?buid=17021&uuid=39101&key=10715FACEDEE019D8D94E1C0B4E00F1A7DC27BA7714BBF41F01D4F56EF8C1758&fsname=Moto+G+4G%E7%89%88+Pacman4.4+RC2+V3.0+%E5%BD%92%E5%B1%9E%E5%92%8CT9+o3%E4%BC%98%E5%8C%96+%E7%A8%B3%E5%AE%9A+%E9%80%9A%E8%AF%9D%E5%BD%95%E9%9F%B3.zip"
"http://shmain.fcloud.store.qq.com/store_raw_download?buid=17021&uuid=38774&key=DB856C6B79295F936A9BCBDF26EEAA7E9AD542909700A70C089347E2BB5BE835&fsname=Moto+G+4G%E7%89%88+CrDroid4.4+V3.0+%E5%BD%92%E5%B1%9E%E5%9C%B0%E5%92%8CT9+%E7%BD%91%E9%80%9F+%E9%94%81%E5%B1%8F%E9%80%9A%E7%9F%A5%E7%AD%89+%E7%A8%B3%E5%AE%9A%E7%9C%81%E7%94%B5.zip"
"http://shmain.fcloud.store.qq.com/store_raw_download?buid=17021&uuid=2035&key=132F21CE9D56C1494986DC85334694EB76A0C1832BA248A225B833BEB1F151D3&fsname=%5B25-03-2012%5D%5BALPHA%5DCM9+for+Motorola+Milestone+2.zip"
"http://shmain.fcloud.store.qq.com/store_raw_download?buid=17021&uuid=38124&key=1F42B9A0EC15965215E9A23C4842DFF1D6539E6C288CB921B38F907E292595BA&fsname=Moto+G+4G%E7%89%88+Carbon4.4+V6.0+o3%E4%BC%98%E5%8C%96+%E5%AE%8C%E7%BE%8E%E5%BD%92%E5%B1%9E%E5%92%8CT9+%E7%A8%B3%E5%AE%9A+%E9%80%9A%E8%AF%9D%E5%BD%95%E9%9F%B3%E7%AD%89.zip"
"http://down.cnanzhi.com/rom/moto/d2g/MOTO-Droid2-Global-TSF-1.zip"
"http://shmain.fcloud.store.qq.com/store_raw_download?buid=17021&uuid=37872&key=C1C6741ACAB7BE54536CECB653AD19E075A4B91368110080F05276C05AC81CA9&fsname=Moto+G+4G%E7%89%88+CM11+V6.0+CM11S%E9%94%81%E5%B1%8F+L%E4%B8%BB%E9%A2%98+%E5%AE%8C%E7%BE%8E%E5%BD%92%E5%B1%9E+%E9%80%9A%E8%AF%9D%E5%BD%95%E9%9F%B3+%E7%A8%B3%E5%AE%9A.zip"
"http://shmain.fcloud.store.qq.com/store_raw_download?buid=17021&uuid=53950&key=FF798701C8E3D61236B86CE1FEEA3602771F614449EF212601146B03BE3AE8E4&fsname=Moto+E%E9%80%9A%E5%88%B7+%E5%AE%89%E5%8D%935.1.1+V10.3+%E5%BD%92%E5%B1%9E%E5%9C%B0%E5%92%8CT9+%E6%9C%AC%E5%9C%B0%E5%A2%9E%E5%BC%BA+%E9%80%9A%E8%AF%9D%E5%BD%95%E9%9F%B3%E7%AD%89.zip"
"http://shmain.fcloud.store.qq.com/store_raw_download?buid=17021&uuid=36964&key=A4C38ECF5820CC8DD6CBF26DC85110F65C8A3D7F48C938F32C5D75FB67879A64&fsname=Moto+G+4G%E7%89%88+AOSB+1.3.7%E7%A8%B3%E5%AE%9A%E7%89%88+%E6%9D%A5%E5%8E%BB%E7%94%B5%E5%BD%92%E5%B1%9E+%E5%88%86%E5%B1%8F+%E5%8D%A1%E7%89%87%E5%90%8E%E5%8F%B0+%E9%80%9A%E8%AF%9D%E5%BD%95%E9%9F%B3%E7%AD%89.zip"
"http://shmain.fcloud.store.qq.com/store_raw_download?buid=17021&uuid=53272&key=C565794DB4B09DCB6386E31EF58EB5D7FE80A4E1E9B9022254D90D00FC44B01A&fsname=Moto+E%E9%80%9A%E5%88%B7+RemixV5.4.1+%E5%AE%89%E5%8D%935.1+%E5%BD%92%E5%B1%9E%E5%9C%B0%E5%92%8CT9+%E6%9C%AC%E5%9C%B0%E5%A2%9E%E5%BC%BA%E7%89%88+%E9%80%9A%E8%AF%9D%E5%BD%95%E9%9F%B3+%E5%A4%9A%E5%8A%9F%E8%83%BD%E7%AD%89.zip"
"http://shmain.fcloud.store.qq.com/store_raw_download?buid=17021&uuid=2399&key=FFFEE4C39F0DEB40A01C9CCBB395C3D1D4165E3B7D472E338FE6FB5EB3153C6D&fsname=MOTO+XT720+2.3.7+RC2.1+%E7%A8%B3%E5%AE%9A%E7%AE%80%E5%8C%96%E7%89%88.zip"
"http://shmain.fcloud.store.qq.com/store_raw_download?buid=17021&uuid=1892&key=5AD2366168C8DD9E700CEA53273067A33C10992D9FC8C17958E22A895D7DDFFA&fsname=%5B2012.03.03%5DMOTO+XT720+MIUI_2.3.2.zip"
"http://shmain.fcloud.store.qq.com/store_raw_download?buid=17021&uuid=504&key=B85D6AFF218FCB12C40CEA2EF80DCF3C20DC343D0C9D83039B99C22D65C537D9&fsname=MOTO+Milestone+XT720+%5B11.15%5DMIUI.zip"
"http://shmain.fcloud.store.qq.com/store_raw_download?buid=17021&uuid=499&key=71066BC262F9F8D662194047BE6B9842F2CDCBEE21534447AC1BBD44AEF0DCC5&fsname=MOTO+XT720+JM%27s+full+cn1%E7%AE%80%E4%BD%93%E4%B8%AD%E6%96%87%E7%89%88%E5%8F%91%E5%B8%83.rar"
"http://oss.reflected.net/jenkins/110564/cm-12.1-20150515-NIGHTLY-targa.zip"
"http://oss.reflected.net/jenkins/57386/cm-10.2.1-targa.zip"
"http://shmain.fcloud.store.qq.com/store_raw_download?buid=17021&uuid=23338&key=3A5D3281B8B3B6E292D7C552ADCFDB9BE5372891A2ECF00A7F959C71CAF47ACD&fsname=MOTO+XT865+CyanogenMod11_Targa.zip"
"http://shmain.fcloud.store.qq.com/store_raw_download?buid=17021&uuid=4298&key=2F019969BDA171DDCBFAE4290B93F959E09D4A7E15015610AADF0D2F3DFB75E3&fsname=MOTO+Milestone+2+%E5%90%8C%E6%AD%A5%E5%AE%98%E6%96%B92.7.6MIUI_V4-4.04%E6%9C%80%E6%96%B0%E7%89%88+%E5%9B%BD%E8%A1%8C2.3%E5%86%85%E6%A0%B8%E5%90%AF%E5%8A%A8+0707%E6%9B%B4%E6%96%B0.zip"
"http://oss.reflected.net/jenkins/59365/cm-10.1-20140216-NIGHTLY-solana.zip"
"http://shmain.fcloud.store.qq.com/store_raw_download?buid=17021&uuid=53599&key=959A10F73C9912BA960B5C2D63E028F500581E3DC450EEBC41DD74778C7BF556&fsname=Moto+E%E9%80%9A%E5%88%B7+BlissPop+%E5%AE%89%E5%8D%935.1+V3.1+%E5%BD%92%E5%B1%9E%E5%9C%B0%E5%92%8CT9+%E6%9C%AC%E5%9C%B0%E5%A2%9E%E5%BC%BA+%E9%80%9A%E8%AF%9D%E5%BD%95%E9%9F%B3%E7%AD%89.zip"
"http://shmain.fcloud.store.qq.com/store_raw_download?buid=17021&uuid=43994&key=59C3BE711ACD3FAFAA5DAFE2C64D5E4D487F185B15F04EE737BF48E1C8871620&fsname=MOTO+XT894+LP5.0ROM%E6%9D%A5%E8%A2%AD+%E6%B0%B8%E4%B9%85Root+%E5%BD%92%E5%B1%9E%E5%9C%B0+100%25%E5%AE%8C%E7%BE%8E%E5%B7%A5%E4%BD%9CROM%E4%B9%8B%E5%AE%B6%E9%A6%96%E5%8F%91.zip"
"http://shmain.fcloud.store.qq.com/store_raw_download?buid=17021&uuid=55007&key=7A9E7A604C74AB45941AF0B882720872CAA701E23F348730D28BE3074B8B752C&fsname=Moto+X%E5%9B%BD%E8%A1%8C+XT1085+Temasek+%E5%AE%89%E5%8D%935.1.1+V11.2+%E5%BD%92%E5%B1%9E%E5%9C%B0%E5%92%8CT9+%E6%9C%AC%E5%9C%B0%E5%A2%9E%E5%BC%BA+%E9%80%9A%E8%AF%9D%E5%BD%95%E9%9F%B3%E7%AD%89.zip"
"http://shmain.fcloud.store.qq.com/store_raw_download?buid=17021&uuid=53274&key=01E3E03FE21AE237039B25F66DDB6C75F64CDBF83259B47AA235A39D2E2746E0&fsname=Moto+G2+2nd+%E7%AC%AC%E4%BA%8C%E4%BB%A3+RemixV5.4.1+%E5%AE%89%E5%8D%935.1+%E5%BD%92%E5%B1%9E%E5%9C%B0%E5%92%8CT9+%E6%9C%AC%E5%9C%B0%E5%A2%9E%E5%BC%BA%E7%89%88+%E9%80%9A%E8%AF%9D%E5%BD%95%E9%9F%B3+%E5%A4%9A%E5%8A%9F%E8%83%BD%E7%AD%89.zip"
"http://shmain.fcloud.store.qq.com/store_raw_download?buid=17021&uuid=40237&key=7DA34157E8E31E13C5FF501D600345C3B357FCBCC1CFEAA9BB0F07D353836120&fsname=MOTO+XT925+Pacman4.4+RC3+V4.0+%E5%BD%92%E5%B1%9E%E5%92%8CT9+o3%E4%BC%98%E5%8C%96+%E9%80%9A%E8%AF%9D%E5%BD%95%E9%9F%B3+%E7%8A%B6%E6%80%81%E6%A0%8F%E5%8F%98%E8%89%B2%E9%BE%99%E7%AD%89.zip"
"http://shmain.fcloud.store.qq.com/store_raw_download?buid=17021&uuid=48769&key=AB4D04F98E06DD7D3E0123571E822B9B5341EA88C3CC4E0639C32DF83E6F475C&fsname=MOTO+XT925+Pacman5.0.2+V3.1+%E7%94%B5%E8%AF%9D%E7%9F%AD%E4%BF%A1%E5%BD%92%E5%B1%9E%E5%92%8CT9+%E6%9C%AC%E5%9C%B0%E5%A2%9E%E5%BC%BA%E7%89%88.zip"
"http://shmain.fcloud.store.qq.com/store_raw_download?buid=17021&uuid=48130&key=4B9C5984A67A66FEB22D6495F4C8083DD5F0438FD515443A6B47CE78B37067F8&fsname=MOTO+XT925+BlissPop+%E5%AE%89%E5%8D%935.0.2+V1.9%E6%AD%A3%E5%BC%8F%E7%89%88+%E5%BD%92%E5%B1%9E%E5%9C%B0%E5%92%8CT9+%E6%9C%AC%E5%9C%B0%E5%A2%9E%E5%BC%BA.zip"
"http://shmain.fcloud.store.qq.com/store_raw_download?buid=17021&uuid=51372&key=8F873EE5565EC15161A19FD038A3C102792FC66F491DB6D98A459EE2EBA2E385&fsname=Moto+Droid+Ultra+Remix5.0.2+V5.3.9+%E5%BD%92%E5%B1%9E%E5%9C%B0%E5%92%8CT9+%E6%9C%AC%E5%9C%B0%E5%A2%9E%E5%BC%BA%E7%89%88+%E9%80%9A%E8%AF%9D%E5%BD%95%E9%9F%B3+%E5%A3%B0%E9%9F%B3%E5%AE%8C%E7%BE%8E.zip"
"http://shmain.fcloud.store.qq.com/store_raw_download?buid=17021&uuid=47211&key=3AC98370D3D07184F8E3176D417D5B1F24D72B1DEB376A58FAE98BF951BB369C&fsname=MOTO+XT925+Remix+V5.3+%E5%AE%89%E5%8D%935.0.2+%E7%94%B5%E8%AF%9D%E7%9F%AD%E4%BF%A1%E5%BD%92%E5%B1%9E%E5%92%8CT9+%E5%A4%9A%E5%8A%9F%E8%83%BD+%E7%A8%B3%E5%AE%9A%E5%AE%9E%E7%94%A8.zip"
"http://shmain.fcloud.store.qq.com/store_raw_download?buid=17021&uuid=55329&key=3CE17FA22AAC5560F1BA12B59BF246C01CC23FFDD57D02DF27510EEAE6F88C73&fsname=Moto+X%E5%9B%BD%E8%A1%8C+XT1085+Remix5.4.4+%E5%AE%89%E5%8D%935.1.1+%E5%BD%92%E5%B1%9E%E5%9C%B0%E5%92%8CT9+%E6%9C%AC%E5%9C%B0%E5%A2%9E%E5%BC%BA+%E9%80%9A%E8%AF%9D%E5%BD%95%E9%9F%B3%E7%AD%89.zip"
"http://shmain.fcloud.store.qq.com/store_raw_download?buid=17021&uuid=38671&key=2EE26CCF20064E2831A99D9C25D2D41F48C70F301807738231034AD979B0018F&fsname=MOTO+XT925+CrDroid+V3.0+%E5%AE%8C%E7%BE%8E%E5%BD%92%E5%B1%9E%E5%92%8CT9+%E7%BD%91%E9%80%9F+%E9%94%81%E5%B1%8F%E9%80%9A%E7%9F%A5%E7%AD%89+%E7%A8%B3%E5%AE%9A%E7%9C%81%E7%94%B5.zip"
"http://shmain.fcloud.store.qq.com/store_raw_download?buid=17021&uuid=54823&key=B8A63D14CC0A351730929337508CBCBBB092101F78622025075A726FDC409BB1&fsname=Moto+E%E9%80%9A%E5%88%B7+Temasek+%E5%AE%89%E5%8D%935.1.1+V11.1+%E5%BD%92%E5%B1%9E%E5%9C%B0%E5%92%8CT9+%E6%9C%AC%E5%9C%B0%E5%A2%9E%E5%BC%BA+%E9%80%9A%E8%AF%9D%E5%BD%95%E9%9F%B3%E7%AD%89+.zip"
"http://shmain.fcloud.store.qq.com/store_raw_download?buid=17021&uuid=38130&key=651423E1DFBA6941CBA38891C4A68E136AFEEC587642988CAB2B86E83378B741&fsname=Moto+XT925+Carbon4.4+V6.0+o3%E4%BC%98%E5%8C%96+%E5%AE%8C%E7%BE%8E%E5%BD%92%E5%B1%9E%E5%92%8CT9+%E7%A8%B3%E5%AE%9A+%E9%80%9A%E8%AF%9D%E5%BD%95%E9%9F%B3%E7%AD%89.zip"
"http://shmain.fcloud.store.qq.com/store_raw_download?buid=17021&uuid=41442&key=DFFB6218F5BCA3F29EDF49890B0D0FF4575D791E912DA9914C48CB97BBC466BD&fsname=MOTO+XT925+CM11+V7.0+L%E4%B8%BB%E9%A2%98+%E5%BD%92%E5%B1%9E%E5%92%8CT9+%E7%8A%B6%E6%80%81%E6%A0%8F%E5%8F%98%E8%89%B2+%E9%80%9A%E8%AF%9D%E5%BD%95%E9%9F%B3.zip"
"http://shmain.fcloud.store.qq.com/store_raw_download?buid=17021&uuid=43278&key=9D728080D789F31342F0D99A40CB64AB132D5F86C0F0FBF97A5CFFC67DD582FF&fsname=Moto+XT925+Pacman4.4+RC3+V5.1+%E5%BD%92%E5%B1%9E%E5%92%8CT9+o3%E4%BC%98%E5%8C%96+%E9%80%9A%E8%AF%9D%E5%BD%95%E9%9F%B3+%E7%8A%B6%E6%80%81%E6%A0%8F%E5%8F%98%E8%89%B2%E7%AD%89.zip"
"http://shmain.fcloud.store.qq.com/store_raw_download?buid=17021&uuid=54688&key=D1BD2248FA69274BFA3B4E0341F5D331385F6BCFCAF9D281B9B80F218B252F71&fsname=Moto+X%E5%9B%BD%E8%A1%8CXT1085+CM12.1%E5%A2%9E%E5%BC%BA%E7%89%88+%E5%AE%89%E5%8D%935.1.1+Beta4.0+%E5%BD%92%E5%B1%9E%E5%9C%B0%E5%92%8CT9+%E9%80%9A%E8%AF%9D%E5%BD%95%E9%9F%B3%E7%AD%89.zip"
"http://shmain.fcloud.store.qq.com/store_raw_download?buid=17021&uuid=55435&key=DF99169075710719B52BE377126ACFC0AF0E3C8D89BB51FC66FA0530C1C3AC4F&fsname=Moto+G%E5%9B%BD%E8%A1%8C%E9%80%9A%E5%88%B7+Remix5.4.4+%E5%AE%89%E5%8D%935.1.1+%E5%BD%92%E5%B1%9E%E5%9C%B0%E5%92%8CT9+%E6%9C%AC%E5%9C%B0%E5%A2%9E%E5%BC%BA+%E9%80%9A%E8%AF%9D%E5%BD%95%E9%9F%B3%E7%AD%89.zip"
"http://shmain.fcloud.store.qq.com/store_raw_download?buid=17021&uuid=39560&key=83F9FBA8782496D01658625EB88617B80949300382C09D4C0EA9B14D39B3365D&fsname=MOTO+XT925+PA4.4+v3.0+%E6%9D%A5%E5%8E%BB%E7%94%B5%E7%9F%AD%E4%BF%A1%E5%BD%92%E5%B1%9E%E5%92%8CT9+%E9%80%9A%E8%AF%9D%E5%BD%95%E9%9F%B3+%E7%8A%B6%E6%80%81%E6%A0%8F%E5%8F%98%E8%89%B2%E9%BE%99%E7%AD%89.zip"
"http://shmain.fcloud.store.qq.com/store_raw_download?buid=17021&uuid=55009&key=3ADA22AD048DDD377F546559E714B7FF4FEE2EB58B08652816D60CE767172666&fsname=Moto+G%E5%9B%BD%E8%A1%8C%E9%80%9A%E5%88%B7+Temasek+%E5%AE%89%E5%8D%935.1.1+V11.2+%E5%BD%92%E5%B1%9E%E5%9C%B0%E5%92%8CT9+%E6%9C%AC%E5%9C%B0%E5%A2%9E%E5%BC%BA+%E9%80%9A%E8%AF%9D%E5%BD%95%E9%9F%B3%E7%AD%89.zip"
"http://oss.reflected.net/jenkins/40563/cm-10.1.3-RC2-targa.zip"
"http://shmain.fcloud.store.qq.com/store_raw_download?buid=17021&uuid=54734&key=6BD30B15ED7B90BE7607FCF3825574230919FDA5A6F6ACE0254097B4A39F58FF&fsname=Moto+G%E5%9B%BD%E8%A1%8C%E9%80%9A%E5%88%B7+Temasek+%E5%AE%89%E5%8D%935.1.1+V11.1+%E5%BD%92%E5%B1%9E%E5%9C%B0%E5%92%8CT9+%E6%9C%AC%E5%9C%B0%E5%A2%9E%E5%BC%BA+%E9%80%9A%E8%AF%9D%E5%BD%95%E9%9F%B3%E7%AD%89.zip"
"http://shmain.fcloud.store.qq.com/store_raw_download?buid=17021&uuid=49697&key=EE31AD3D067109965CC42DCECE1B4F0265E3C41E3C8E56105019637C6326479A&fsname=MOTO+Defy+Defy%2B+%E7%99%BE%E5%BA%A6%E4%BA%91OS.zip"
"http://shmain.fcloud.store.qq.com/store_raw_download?buid=17021&uuid=54729&key=CC4AD67E70CBA1F2CDA0BC0D170F2E889C218F086B2D59927D9308D31AF9B21E&fsname=Moto+G%E5%9B%BD%E8%A1%8C%E9%80%9A%E5%88%B7+CM12.1%E5%A2%9E%E5%BC%BA%E7%89%88+%E5%AE%89%E5%8D%935.1.1+Beta4.0+%E5%BD%92%E5%B1%9E%E5%9C%B0%E5%92%8CT9+%E9%80%9A%E8%AF%9D%E5%BD%95%E9%9F%B3%E7%AD%89.zip"
"http://shmain.fcloud.store.qq.com/store_raw_download?buid=17021&uuid=47684&key=33AA430005F8414D9C31AA6138F8C14041855D1EC52DFE96C0A434999E6D714A&fsname=MOTO+XT925+CrDroid+%E5%AE%89%E5%8D%935.0.2+Beta4.0+%E7%94%B5%E8%AF%9D%E7%9F%AD%E4%BF%A1%E5%BD%92%E5%B1%9E%E5%92%8CT9+%E5%86%9C%E5%8E%86+%E5%A4%9A%E5%8A%9F%E8%83%BD+%E7%A8%B3%E5%AE%9A%E5%AE%9E%E7%94%A8.zip"
"http://shmain.fcloud.store.qq.com/store_raw_download?buid=17021&uuid=34211&key=24003A213C7CD843024D7AEDB3FD60066C0560B99D6DB794D48009899A778FDA&fsname=MOTO+DEFY+ME525+ROM%E5%88%B7%E6%9C%BA%E5%8C%85+%E5%9F%BA%E4%BA%8E%E6%9C%80%E6%96%B04.1.2+%E4%BB%BFiOS7+%E6%9E%81%E9%80%9F%E4%BC%98%E5%8C%96+%E6%9E%81%E8%87%B4%E7%BB%86%E8%85%BB+%E7%89%B9%E6%BC%82%E4%BA%AE.zip"
"http://shmain.fcloud.store.qq.com/store_raw_download?buid=17021&uuid=28500&key=C786E10464D2E446E8D020630FBACF4C6EEE00B09194ED06410861503F4F201C&fsname=%5B%E5%AE%89%E6%9E%81ROM%E5%A4%A7%E8%B5%9B%2B078%5D+MOTO+Defy+ROOT%E7%B2%BE%E7%81%B5%E7%89%B9%E7%BA%A6+%E7%BB%88%E7%BB%93%E7%89%88+.zip"
"http://shmain.fcloud.store.qq.com/store_raw_download?buid=17021&uuid=33249&key=23FAC83FABE3CE483A984CCCD9B29E30DF25D2C32352AD1776CBF3FF96965625&fsname=MOTO+DEFY+2.3.7+%E7%AE%80%E6%B4%81%E6%A0%BC%E8%B0%83+%E5%BF%AB%E9%80%9F+%E7%9C%81%E7%94%B5%E5%AE%8C%E7%BE%8E.zip"
"http://static1.lewatek.com/yun/umts_jordan_plus/LeWa_Defy_plus_ROM_13.12.13_5849b.zip"
"http://shmain.fcloud.store.qq.com/store_raw_download?buid=17021&uuid=31871&key=A55E0E19EFD1C1051F4000F9FB25FE8A5D7571D785838525079AA690AF3B74CD&fsname=MOTO+DEFY+MIUI+%E6%B5%81%E7%95%85%E5%B7%85%E5%B3%B0+%E6%9E%81%E9%80%9F+%E9%A3%8E%E9%9B%85+%E7%9C%81%E7%94%B5+%E5%AE%8C%E7%BE%8E%E4%B9%8B%E4%BD%9C.zip"
"http://shmain.fcloud.store.qq.com/store_raw_download?buid=17021&uuid=38267&key=011D0B66D848B716CCF84E1C861A222D4B47D812452A3D9295EC0452003F53A8&fsname=MOTO+Defy+ME525%2B++%E5%88%B7%E6%9C%BA%E5%8C%85+%E7%B2%BE%E7%AE%80%E4%BC%98%E5%8C%96+%E8%B6%85%E6%B5%81%E7%95%85+%E7%B2%BE%E4%BB%BFv6%E4%BD%93%E9%AA%8C%E7%89%88+%E5%8A%A0%E5%85%A5v6%E7%89%B9%E6%95%88+%E5%8D%8E%E4%B8%BD%E9%AB%98%E7%AB%AF.zip"
"http://shmain.fcloud.store.qq.com/store_raw_download?buid=17021&uuid=39011&key=9FEB7DAA3CD9A9CE0A2C3402BC632FFE5C80951F167B94AE379FEAB98DCEBD37&fsname=MOTO+DEFY%2B+MIUI2.3.7%E6%9E%81%E9%80%9F%E7%B2%BE%E7%AE%80+%E7%BA%AF%E5%87%80%E7%BE%8E%E5%8C%96.zip"
"http://shmain.fcloud.store.qq.com/store_raw_download?buid=17021&uuid=17706&key=99646E53705D6593EEE8CD6839D1EBAEA11C771FFEC691343783E3B6E61E8F66&fsname=MOTO+DEFY%2B+%E5%AE%8C%E7%BE%8E720P+MIUI+%E6%BB%A1%E7%94%B5+%E7%A8%B3%E5%AE%9A+%E6%B5%81%E7%95%85+%E6%8B%8D%E7%85%A7%E8%B4%A8%E9%87%8F%E9%AB%98.zip"
"http://shmain.fcloud.store.qq.com/store_raw_download?buid=17021&uuid=34097&key=3355B9E583459F86BF3AAF3D5451658B736C977FCE134D7E5F86657E054026AB&fsname=MOTO+Defy++ME525++ROM%E5%88%B7%E6%9C%BA%E5%8C%85+%E7%B2%BE%E7%AE%80%E4%BC%98%E5%8C%96+%E7%BE%8E%E5%8C%96+ios7%E9%A3%8E%E6%A0%BC.zip"
"http://shmain.fcloud.store.qq.com/store_raw_download?buid=17021&uuid=7938&key=BEB8E6A1DA7010587F14B13CBE2311F1CC32CBF64A6DDCB92DDA6B61CCAEC50B&fsname=MOTO+DEFY%2B+2.3%E5%86%85%E6%A0%B8BL7%E5%8F%AF%E7%94%A8+MIUI2.3.7%E6%9E%81%E9%80%9F%E7%B2%BE%E7%AE%80%E7%89%88+%E6%9C%AC%E6%AC%A1%E4%B8%BB%E6%89%93%E6%B5%81%E7%95%85%E7%A8%B3%E5%AE%9A%E7%9C%81%E7%94%B5.zip"
"http://shmain.fcloud.store.qq.com/store_raw_download?buid=17021&uuid=28349&key=75F2C423399CBB210B5B9A622D5AD1C1AA00341EAD393CDED5F05D2FF94DB649&fsname=%5B%E5%AE%89%E6%9E%81ROM%E5%A4%A7%E8%B5%9B%5D+MOTO+DEFY+%E5%9B%BD%E8%A1%8CBLUR+2.3.6+032.zip"
"http://shmain.fcloud.store.qq.com/store_raw_download?buid=17021&uuid=10737&key=C2B82A533EE4091ECCDCFF1F8F0A9894A8D248F077E624FD05AD822416DDEF22&fsname=MOTO+DEFY+C.M.7+%E6%9C%80%E6%96%B0%E7%89%88-For-Defy+2.2JB+%E6%80%A5%E9%80%9F%E7%89%88+%E4%B8%BB%E9%A2%98%E7%A8%B3%E5%AE%9A+%E5%86%85%E6%A0%B8%E7%89%88.zip"
"http://shmain.fcloud.store.qq.com/store_raw_download?buid=17021&uuid=15120&key=862D357BF0F572F58DC212CCBB2095C8C8AEC7BFA27331FAE45A08B376566668&fsname=MOTO+DEFY+MIUIv4%E7%BA%AF%E5%87%80%E7%BE%8E%E5%8C%96%E7%89%88.zip"
"http://shmain.fcloud.store.qq.com/store_raw_download?buid=17021&uuid=40797&key=DE045CA189416930842F947FCF6085495967479A56DDE8B69C89DC419C554688&fsname=MOTO+XT925+CrDroid+V4.0+%E5%BD%92%E5%B1%9E%E5%9C%B0%E5%92%8CT9+%E9%80%9A%E8%AF%9D%E5%BD%95%E9%9F%B3+%E7%8A%B6%E6%80%81%E6%A0%8F%E5%8F%98%E8%89%B2%E9%BE%99+%E7%A8%B3%E5%AE%9A.zip"
"http://shmain.fcloud.store.qq.com/store_raw_download?buid=17021&uuid=13624&key=0A581B289E05E1D96423EB69AC66643FAE4630C2F1FDA0FF951FDA998F5CE927&fsname=+MOTO+DEFY+45.1.25-ChinaRetail.HK_V1+%E6%B8%AF%E8%A1%8C%E5%AE%98%E6%96%B92.3.6+%E7%BB%BF%E5%A4%B4%E7%89%88.zip"
"http://shmain.fcloud.store.qq.com/store_raw_download?buid=17021&uuid=5923&key=57AA0FE786A97A7611F1B0FF19DCE805349BE974582B619DF58017C7A8A216ED&fsname=MOTO+DEFY+CM9-2.2%E5%86%85%E6%A0%B8%E7%A8%B3%E5%AE%9A%E7%89%88+Stable-V2-Defy+%E6%B5%81%E7%95%85+%E7%9C%81%E7%94%B5+%E5%AE%8C%E7%BE%8E%E7%89%88.zip"
"http://shmain.fcloud.store.qq.com/store_raw_download?buid=17021&uuid=45814&key=25843A933202C5BE10B74E6AE09F7B678A0F6D3E8A65BDA6F358F17BC55592E0&fsname=MOTO+XT925+CM12+%E5%AE%89%E5%8D%935.0.2+Beta3.1+%E7%94%B5%E8%AF%9D%E7%9F%AD%E4%BF%A1%E5%BD%92%E5%B1%9E+T9%E6%8B%A8%E5%8F%B7+%E5%AE%8C%E6%95%B4%E4%B8%AD%E6%96%87.zip"
"http://miuirom.xiaomi.com/rom/u46551682/3.11.22/miui_defy_dreamteam_3.11.22_e77e613b82_4.1.zip"
"http://shmain.fcloud.store.qq.com/store_raw_download?buid=17021&uuid=13627&key=A0061A4E35D21B54226C70A37A32DC9299F16F1170CFB66496F3F361EAE3187F&fsname=MOTO+DEFY+%E5%AE%98%E6%96%B9%E5%9B%BD%E8%A1%8C+Version.45.1.17.ME525+%E7%BB%BF%E5%A4%B4%E7%89%88+%E7%BA%AF%E6%AD%A3%E5%AE%98%E6%96%B9+%E6%9E%81%E9%80%9F%E7%89%88.zip"
"http://shmain.fcloud.store.qq.com/store_raw_download?buid=17021&uuid=5771&key=0237C310DC3ECC9F3E7F0B728A17D47F17AB1A0C11775A27823E4B00E7CC6F13&fsname=MOTO+DEFY-DEFY%2B+MIUI2.3+%E7%BE%8E%E5%8C%963%E7%89%88+%E7%A8%B3%E5%AE%9A%E6%B5%81%E7%95%85%E7%9C%81%E7%94%B5%E4%BF%B1%E4%BD%B3+%E9%AD%94%E9%9F%B3%E4%B8%BD%E9%9F%B3%E5%9B%BE%E5%83%8F%E9%94%90%E5%8C%96.zip"
"http://shmain.fcloud.store.qq.com/store_raw_download?buid=17021&uuid=54182&key=F9698C83F9B96541242C3C3BFECB6CB407073C8117587408D8CB97F4D4F06BCE&fsname=Moto+G+%E9%80%9A%E5%88%B7+BlissPop+%E5%AE%89%E5%8D%935.1.1+V3.2%E6%94%B9%E8%89%AF%E7%89%88+%E5%BD%92%E5%B1%9E%E5%9C%B0%E5%92%8CT9+%E6%9C%AC%E5%9C%B0%E5%A2%9E%E5%BC%BA+%E9%80%9A%E8%AF%9D%E5%BD%95%E9%9F%B3%E7%AD%89.zip"
"http://shmain.fcloud.store.qq.com/store_raw_download?buid=17021&uuid=42525&key=221100D19C2384B9CA89023B7AA4C240DD7AC9B5AC53924A1442154673BA262B&fsname=MOTO+Defy%2B%E5%88%B7%E6%9C%BA%E5%8C%85+MIUI%E7%BE%8E%E5%8C%96%E7%89%88iOS6%E9%A3%8E%E6%A0%BC+%E7%A8%B3%E5%AE%9A%E6%B5%81%E7%95%85%E7%B2%BE%E7%AE%80+wifi%E5%A2%9E%E5%BC%BA.zip"
"http://shmain.fcloud.store.qq.com/store_raw_download?buid=17021&uuid=28206&key=ECC9C5566A7150DE5EB8D20A09151BDCE6A0D308CF8EB6E44566D7CDDB7ED7FF&fsname=%5B%E5%AE%89%E6%9E%81ROM%E5%A4%A7%E8%B5%9B%2B067%5DDefy+CM11+%E7%8A%B6%E6%80%81%E6%A0%8F%E7%BD%91%E9%80%9F%E9%80%8F%E6%98%8E%EF%BC%8C%E8%99%9A%E6%8B%9F%E5%86%85%E5%AD%98%EF%BC%8C%E6%9D%A5%E7%94%B5%E7%9F%AD%E4%BF%A1%E5%BD%92%E5%B1%9E%EF%BC%8C%E7%A8%B3%E5%AE%9A%E7%9C%81%E7%94%B5.zip"
"http://shmain.fcloud.store.qq.com/store_raw_download?buid=17021&uuid=54733&key=F3F0C4A05C0E854CEC1CBBAFD864C18742AB63D5296C891B196A8B434850F6B2&fsname=Moto+X%E5%9B%BD%E8%A1%8CXT1085+Temasek+%E5%AE%89%E5%8D%935.1.1+V11.1+%E5%BD%92%E5%B1%9E%E5%9C%B0%E5%92%8CT9+%E6%9C%AC%E5%9C%B0%E5%A2%9E%E5%BC%BA+%E9%80%9A%E8%AF%9D%E5%BD%95%E9%9F%B3%E7%AD%89.zip"
"http://shmain.fcloud.store.qq.com/store_raw_download?buid=17021&uuid=37871&key=B899DDAF4D07DC2327CF63D135A93FD98DE872930A486E4F02264B61371669BB&fsname=Moto+G%E9%80%9A%E5%88%B7+CM11+V6.0+CM11S%E9%94%81%E5%B1%8F+L%E4%B8%BB%E9%A2%98+%E5%AE%8C%E7%BE%8E%E5%BD%92%E5%B1%9E+%E9%80%9A%E8%AF%9D%E5%BD%95%E9%9F%B3+%E7%A8%B3%E5%AE%9A.zip"
"http://shmain.fcloud.store.qq.com/store_raw_download?buid=17021&uuid=46284&key=9DB937FEF721E1DAAE33BF2459F4337788504D92A6E984E826F0F9654DB7EF6E&fsname=JasonOS+FOR+%E6%88%B4%E5%A6%83+%E5%BC%BA%E5%8A%BF%E6%94%AF%E6%8C%81Moto+ME525%2B+%E6%B5%81%E7%95%85%E7%9C%81%E7%94%B5%E7%A8%B3%E5%AE%9A+%E5%A4%A7%E5%86%85%E5%AD%98.zip"
"http://shmain.fcloud.store.qq.com/store_raw_download?buid=17021&uuid=50420&key=FE48A54E0E8F3F549E75E3F640B3E34E2575D114624253015072410D69FBFA81&fsname=Moto+G%E5%8D%95%E5%8D%A1+Remix5.0.2+V5.3.8+%E5%BD%92%E5%B1%9E%E5%9C%B0%E5%92%8CT9+%E6%9C%AC%E5%9C%B0%E5%A2%9E%E5%BC%BA%E7%89%88+%E9%80%9A%E8%AF%9D%E5%BD%95%E9%9F%B3+%E5%A4%9A%E5%8A%9F%E8%83%BD%E7%AD%89.zip"
"http://shmain.fcloud.store.qq.com/store_raw_download?buid=17021&uuid=34803&key=69334F7740C9CFCCC4C4696896C44D370CB06DBFB9B7A6B29BCE44F2F8D24316&fsname=MOTO+G++XT1032+4.4.4%E7%9C%81%E7%94%B5%E7%A8%B3%E5%AE%9A%E6%B5%81%E7%95%85flourui.zip"
"http://oss.reflected.net/jenkins/110513/cm-12.1-20150515-NIGHTLY-falcon.zip"
"http://shmain.fcloud.store.qq.com/store_raw_download?buid=17021&uuid=48783&key=65EE1334561C7E7CC1F8DFB36B79FFC83AC6244B8F025048BEB29F5B6AA51282&fsname=Moto+G%E5%8D%95%E5%8D%A1%E7%89%88+Pacman5.0.2+V3.1+%E7%94%B5%E8%AF%9D%E7%9F%AD%E4%BF%A1%E5%BD%92%E5%B1%9E%E5%92%8CT9+%E6%9C%AC%E5%9C%B0%E5%A2%9E%E5%BC%BA%E7%89%88+%E7%A8%B3%E5%AE%9A%E5%AE%9E%E7%94%A8.zip"
"http://shmain.fcloud.store.qq.com/store_raw_download?buid=17021&uuid=41112&key=1EC7FBA28B4FBF0DC4D429C758309828214C0BDDEBBD185069C789FB0EB0749A&fsname=Moto+G%E9%80%9A%E5%88%B7+CrDroid4.4+V4.0+%E5%BD%92%E5%B1%9E%E5%9C%B0%E5%92%8CT9+%E9%80%9A%E8%AF%9D%E5%BD%95%E9%9F%B3+%E7%8A%B6%E6%80%81%E6%A0%8F%E5%8F%98%E8%89%B2%E9%BE%99+%E7%A8%B3%E5%AE%9A.zip"
"http://shmain.fcloud.store.qq.com/store_raw_download?buid=17021&uuid=27357&key=763907EB9AFB65785A3B088AD0BA139DB0326AA78A217A70CC4E1F1AD65E3256&fsname=MOTO+G+%28XT1032%29+%E6%9C%80%E6%96%B0%E5%AE%98%E6%96%B9ROM+%E5%8D%A1%E5%88%B7%E5%8C%85.zip"
"http://shmain.fcloud.store.qq.com/store_raw_download?buid=17021&uuid=48140&key=95ADF506225DE900C7D7A829A6A94D7017724F4691121988DE9AD4B61735E014&fsname=MOTO+Droid+Maxx+BlissPop+%E5%AE%89%E5%8D%935.0.2+V1.9%E6%AD%A3%E5%BC%8F%E7%A8%B3%E5%AE%9A%E7%89%88+%E5%BD%92%E5%B1%9E%E5%9C%B0%E5%92%8CT9+%E6%9C%AC%E5%9C%B0%E5%A2%9E%E5%BC%BA.zip"
"http://shmain.fcloud.store.qq.com/store_raw_download?buid=17021&uuid=53602&key=2EC88094D6D19CA5C4E56668DF422A6106458570CF12F0BF133C3CC44FDAF276&fsname=Moto+G+%E9%80%9A%E5%88%B7+BlissPop+%E5%AE%89%E5%8D%935.1+V3.1+%E5%BD%92%E5%B1%9E%E5%9C%B0%E5%92%8CT9+%E6%9C%AC%E5%9C%B0%E5%A2%9E%E5%BC%BA+%E9%80%9A%E8%AF%9D%E5%BD%95%E9%9F%B3%E7%AD%89.zip"
"http://shmain.fcloud.store.qq.com/store_raw_download?buid=17021&uuid=51370&key=5EF74CF1637BFB7E82E9D06B4CA1081F34632E1B3CC5A824A4D009BB76278B22&fsname=Moto+Droid+Maxx+Remix5.0.2+V5.3.9+%E5%BD%92%E5%B1%9E%E5%9C%B0%E5%92%8CT9+%E6%9C%AC%E5%9C%B0%E5%A2%9E%E5%BC%BA%E7%89%88+%E9%80%9A%E8%AF%9D%E5%BD%95%E9%9F%B3+%E5%A3%B0%E9%9F%B3%E5%AE%8C%E7%BE%8E.zip"
"http://shmain.fcloud.store.qq.com/store_raw_download?buid=17021&uuid=18741&key=9619CE56CAAEDE0257D47867DD5543567F20712F3F022D64FD74790B09D55356&fsname=%5BMK51.1+%E6%AD%A3%E5%BC%8F%E7%89%88%5D+Mokee+Opensource+for+MOTO+RAZR+%28XT910%29.zip"
"http://shmain.fcloud.store.qq.com/store_raw_download?buid=17021&uuid=43316&key=1CE32519C6764D4925AFD040519924A9DF0043E7533CBA08E96FE078214CBE46&fsname=Moto+XT910+Pacman4.4+RC3+V5.1+%E5%BD%92%E5%B1%9E%E5%92%8CT9+o3%E4%BC%98%E5%8C%96+%E9%80%9A%E8%AF%9D%E5%BD%95%E9%9F%B3+%E7%8A%B6%E6%80%81%E6%A0%8F%E5%8F%98%E8%89%B2%E7%AD%89.zip"
"http://shmain.fcloud.store.qq.com/store_raw_download?buid=17021&uuid=47907&key=0C4D278EE2B7DDE05FACE2C5A2E3315DFADD21A76B9B9653CD6822566688C06E&fsname=MOTO+Droid+Maxx+CrDroid+%E5%AE%89%E5%8D%935.0.2+Beta4.0+%E7%94%B5%E8%AF%9D%E7%9F%AD%E4%BF%A1%E5%BD%92%E5%B1%9E%E5%92%8CT9+%E5%86%9C%E5%8E%86+%E5%A4%9A%E5%8A%9F%E8%83%BD+%E7%A8%B3%E5%AE%9A%E5%AE%9E%E7%94%A8.zip"
"http://shmain.fcloud.store.qq.com/store_raw_download?buid=17021&uuid=38777&key=7C505366727B89EBAF51DBDA1D4AFB8E895DFA2907FFCECA8EC963B85A914B74&fsname=Moto+XT910+CrDroid4.4+V3.0+%E5%BD%92%E5%B1%9E%E5%9C%B0%E5%92%8CT9+%E7%BD%91%E9%80%9F+%E9%94%81%E5%B1%8F%E9%80%9A%E7%9F%A5%E7%AD%89+%E7%A8%B3%E5%AE%9A%E7%9C%81%E7%94%B5.zip"
"http://shmain.fcloud.store.qq.com/store_raw_download?buid=17021&uuid=53981&key=0368F291BB1624E1ABCEE889594E673D91A3F729AA2C0A221A21032B44E8E894&fsname=Moto+XT910+Temasek+%E5%AE%89%E5%8D%935.1.1+V10.3+%E5%BD%92%E5%B1%9E%E5%9C%B0%E5%92%8CT9+%E6%9C%AC%E5%9C%B0%E5%A2%9E%E5%BC%BA+%E9%80%9A%E8%AF%9D%E5%BD%95%E9%9F%B3%E7%AD%89.zip"
"http://shmain.fcloud.store.qq.com/store_raw_download?buid=17021&uuid=50804&key=2809CF51A1D0B5A63209144C4E2BFEB6496AB455B253639BCC6F96727C8F1D16&fsname=Moto+G+%E5%8D%95%E5%8D%A1+BlissPop+%E5%AE%89%E5%8D%935.0.2+V2.2%E7%A8%B3%E5%AE%9A%E7%89%88+%E5%BD%92%E5%B1%9E%E5%9C%B0%E5%92%8CT9+%E6%9C%AC%E5%9C%B0%E5%A2%9E%E5%BC%BA+%E9%80%9A%E8%AF%9D%E5%BD%95%E9%9F%B3%E7%AD%89.zip"
"http://shmain.fcloud.store.qq.com/store_raw_download?buid=17021&uuid=53066&key=1B9C9EF980F3459D70D796272FB601B664EBA2D35E209410245151F550EB9DA7&fsname=Moto+XT910+RemixV5.4.1+%E5%AE%89%E5%8D%935.1+%E5%BD%92%E5%B1%9E%E5%9C%B0%E5%92%8CT9+%E6%9C%AC%E5%9C%B0%E5%A2%9E%E5%BC%BA%E7%89%88+%E9%80%9A%E8%AF%9D%E5%BD%95%E9%9F%B3+%E5%A4%9A%E5%8A%9F%E8%83%BD%E7%AD%89.zip"
"http://shmain.fcloud.store.qq.com/store_raw_download?buid=17021&uuid=51088&key=B45B5F9A2C86DC3D8DE94A2B6AF55F44C172EBE4DC258FDE6E692C31ACAF96D1&fsname=Moto+XT910+CrDroid+%E5%AE%89%E5%8D%935.0.2+Beta5.0+%E5%BD%92%E5%B1%9E%E5%9C%B0%E5%92%8CT9+%E5%AE%9E%E7%94%A8%E7%A8%B3%E5%AE%9A+%E9%80%9A%E8%AF%9D%E5%BD%95%E9%9F%B3%E7%AD%89.zip"
"http://shmain.fcloud.store.qq.com/store_raw_download?buid=17021&uuid=50339&key=5270391E35870E290AE722CC4E64B775E0B6AAC71208BE1D32C50B045787BEB3&fsname=Moto+XT910+Pacman5.0.2+Beta1.0-1+%E5%BD%92%E5%B1%9E%E5%9C%B0%E5%92%8CT9+%E6%9C%AC%E5%9C%B0%E5%A2%9E%E5%BC%BA%E7%89%88+%E9%80%9A%E8%AF%9D%E5%BD%95%E9%9F%B3%E7%AD%89.zip"
"http://shmain.fcloud.store.qq.com/store_raw_download?buid=17021&uuid=50148&key=D8EC350093A379569AA9B21F3B7E99D46F74C362BD16DDA3DF0579859A2F9BFC&fsname=Moto+XT910+CM12+%E5%AE%89%E5%8D%935.0.2+Beta5.1+%E7%94%B5%E8%AF%9D%E7%9F%AD%E4%BF%A1%E5%BD%92%E5%B1%9E%E5%92%8CT9%E6%8B%A8%E5%8F%B7+%E5%A2%9E%E5%BC%BA%E7%89%88+%E9%80%9A%E8%AF%9D%E5%BD%95%E9%9F%B3.zip"
"http://shmain.fcloud.store.qq.com/store_raw_download?buid=17021&uuid=50125&key=F7F76A5DA13B6850D39280E7FB05FE8A432B4F1A518926C0C5C55F0EF9CABC70&fsname=Moto+G+CM12+%E5%AE%89%E5%8D%935.0.2+Beta5.1+%E7%94%B5%E8%AF%9D%E7%9F%AD%E4%BF%A1%E5%BD%92%E5%B1%9E%E5%92%8CT9%E6%8B%A8%E5%8F%B7+%E5%A2%9E%E5%BC%BA%E7%89%88+%E9%80%9A%E8%AF%9D%E5%BD%95%E9%9F%B3.zip"
"http://shmain.fcloud.store.qq.com/store_raw_download?buid=17021&uuid=37980&key=9178E574F5366808C184832E7E93F3C61F31EDFDC25CB4057F70F1E6A4A10ED1&fsname=Moto+XT910+CM11+V6.0+L%E4%B8%BB%E9%A2%98+%E5%AE%8C%E7%BE%8E%E5%BD%92%E5%B1%9E%E5%92%8CT9+%E9%80%9A%E8%AF%9D%E5%BD%95%E9%9F%B3+%E7%A8%B3%E5%AE%9A%E7%9C%81%E7%94%B5.zip"
"http://shmain.fcloud.store.qq.com/store_raw_download?buid=17021&uuid=46621&key=12165B31A664C35D7DD5A4BEF0AAF4CD5E916D118B09BC684F8D9149B00731C9&fsname=Moto+XT910+BlissPop+%E5%AE%89%E5%8D%935.0.2+V1.7+%E7%94%B5%E8%AF%9D%E7%9F%AD%E4%BF%A1%E5%BD%92%E5%B1%9E%E5%92%8CT9%E6%8B%A8%E5%8F%B7+%E4%BC%97%E5%A4%9A%E5%8A%9F%E8%83%BD+%E5%AE%8C%E6%95%B4%E4%B8%AD%E6%96%87.zip"
"http://shmain.fcloud.store.qq.com/store_raw_download?buid=17021&uuid=42960&key=E8E4D4EE55654D8A15FC0D4A13E9C77AD51F2D013EE353F954D2BDED0D52BA50&fsname=%E6%91%A9%E6%89%98%E7%BD%97%E6%8B%89Droid+Bionic+xt875+targa+%E7%99%BE%E5%BA%A6%E4%BA%91OS.zip"
"http://shmain.fcloud.store.qq.com/store_raw_download?buid=17021&uuid=41110&key=58C45817F534F9DB1429D5D05CDA9877F27B31A0826B9FF1814F662D28A70A5A&fsname=Moto+XT875+CrDroid4.4+V4.0+%E5%BD%92%E5%B1%9E%E5%9C%B0%E5%92%8CT9+%E9%80%9A%E8%AF%9D%E5%BD%95%E9%9F%B3+%E7%8A%B6%E6%80%81%E6%A0%8F%E5%8F%98%E8%89%B2%E9%BE%99+%E7%A8%B3%E5%AE%9A.zip"
"http://shmain.fcloud.store.qq.com/store_raw_download?buid=17021&uuid=37064&key=B194B095E4F3907510D5E1775E3709ACB2028BFAD06E7AAC5983E1F8CE5BB820&fsname=Moto+G%E9%80%9A%E5%88%B7+N5X+R9.2+%E5%AE%89%E5%8D%934.4.4+%E5%AE%8C%E7%BE%8E%E5%BD%92%E5%B1%9E%E5%9C%B0+%E7%A8%B3%E5%AE%9A%E7%9C%81%E7%94%B5+%E9%80%9A%E8%AF%9D%E5%BD%95%E9%9F%B3+%E5%8F%8C%E5%87%BB%E5%94%A4%E9%86%92.zip"
"http://shmain.fcloud.store.qq.com/store_raw_download?buid=17021&uuid=51096&key=518A57710F1FEBEF291E8B412CADA5A41135E2C5ACA1AE9DBC3BEEE827966281&fsname=Moto+XT875+CrDroid+%E5%AE%89%E5%8D%935.0.2+Beta5.0+%E5%BD%92%E5%B1%9E%E5%9C%B0%E5%92%8CT9+%E5%AE%9E%E7%94%A8%E7%A8%B3%E5%AE%9A%E7%AD%89.zip"
"http://shmain.fcloud.store.qq.com/store_raw_download?buid=17021&uuid=50340&key=259B761F19FCB03D5778DA70FC300F8FCFE0D9378C5B2EDD3EA6456A78D95EB4&fsname=Moto+XT875+%E5%88%B7%E6%9C%BA%E5%8C%85+Pacman5.0.2+Beta1.0-1+%E5%BD%92%E5%B1%9E%E5%9C%B0%E5%92%8CT9+%E6%9C%AC%E5%9C%B0%E5%A2%9E%E5%BC%BA%E7%89%88+%E7%A8%B3%E5%AE%9A%E5%AE%9E%E7%94%A8.zip"
"http://shmain.fcloud.store.qq.com/store_raw_download?buid=17021&uuid=50149&key=6FF3EC4238253A3F17413557E0EF11F33831F78D570E46ABF60E4F7348553C76&fsname=Moto+XT875+CM12+%E5%AE%89%E5%8D%935.0.2+Beta5.1+%E7%94%B5%E8%AF%9D%E7%9F%AD%E4%BF%A1%E5%BD%92%E5%B1%9E%E5%92%8CT9%E6%8B%A8%E5%8F%B7+%E7%A8%B3%E5%AE%9A%E5%A2%9E%E5%BC%BA%E7%89%88.zip"
"http://shmain.fcloud.store.qq.com/store_raw_download?buid=17021&uuid=5919&key=8A707E955FC4B3DABFA2AC1C080730C45C5741402230BF504E13E69A3F8F60E1&fsname=MOTO+DEFY+CM10+120818-NIGHTLY-Defy-2.2%E5%86%85%E6%A0%B8%E7%89%88+%E5%85%A8%E5%8A%9F%E8%83%BD%E4%BC%98%E5%8C%96%E7%89%88.zip"
"http://shmain.fcloud.store.qq.com/store_raw_download?buid=17021&uuid=37981&key=1EFA0E23158148724DA180D5CF2234A7EDD688270C36C42CE08044D510291E65&fsname=Moto+XT875+CM11+V6.0+Android+L%E4%B8%BB%E9%A2%98+%E5%AE%8C%E7%BE%8E%E5%BD%92%E5%B1%9E%E5%92%8CT9+%E7%A8%B3%E5%AE%9A%E7%9C%81%E7%94%B5.zip"
"http://shmain.fcloud.store.qq.com/store_raw_download?buid=17021&uuid=37060&key=203AC2C4B78885380ECACFDBBACC9AB639B82B950FD6ED1860623269990755AA&fsname=Moto+XT875+N5X+R9.2+%E5%AE%89%E5%8D%934.4.4+%E5%AE%8C%E7%BE%8E%E5%BD%92%E5%B1%9E%E5%9C%B0+%E7%A8%B3%E5%AE%9A%E7%9C%81%E7%94%B5+%E4%B8%AD%E6%96%87%E7%89%88.zip"
"http://shmain.fcloud.store.qq.com/store_raw_download?buid=17021&uuid=54833&key=9EC207090180BB7D0343D675D242C3BF33D7F99919DB14AEA1A0C118CA0D9D58&fsname=Moto+XT910+Temasek+%E5%AE%89%E5%8D%935.1.1+V11.1+%E5%BD%92%E5%B1%9E%E5%9C%B0%E5%92%8CT9+%E6%9C%AC%E5%9C%B0%E5%A2%9E%E5%BC%BA+%E9%80%9A%E8%AF%9D%E5%BD%95%E9%9F%B3%E7%AD%89.zip"
"http://download.cyanogenmod.com/get/jenkins/21362/cm-7-20130301-NIGHTLY-sholes.zip"
"http://shmain.fcloud.store.qq.com/store_raw_download?buid=17021&uuid=40499&key=3F0D8251936006B52F2D4F916A059DB93C3756EC673B9D4D11C3DE8CFF853E4B&fsname=Moto+XT875+Pacman4.4+RC3+V4.0+%E5%BD%92%E5%B1%9E%E5%92%8CT9+o3%E4%BC%98%E5%8C%96+%E9%80%9A%E8%AF%9D%E5%BD%95%E9%9F%B3+%E7%8A%B6%E6%80%81%E6%A0%8F%E5%8F%98%E8%89%B2%E9%BE%99.zip"
"http://shmain.fcloud.store.qq.com/store_raw_download?buid=17021&uuid=35702&key=165AA47D34D503DBF386D10BA51872566C99619F2BD770DED4825E8EA828B7A2&fsname=Moto+XT875+CM11+AndroidL%E9%A3%8E+CM11S%E9%94%81%E5%B1%8F+%E7%AC%AC%E4%BA%8C%E7%89%88+%E5%AE%8C%E7%BE%8E%E5%BD%92%E5%B1%9E%E5%9C%B0%E5%92%8CT9%E7%AD%89.zip"
"http://shmain.fcloud.store.qq.com/store_raw_download?buid=17021&uuid=52911&key=E7392BA0DE999D2EF2BD040B321AB3D5F39191BCC42C836462483830AD833100&fsname=Moto+XT912+RemixV5.4.1+%E5%AE%89%E5%8D%935.1+%E5%BD%92%E5%B1%9E%E5%9C%B0%E5%92%8CT9+%E6%9C%AC%E5%9C%B0%E5%A2%9E%E5%BC%BA%E7%89%88+%E9%80%9A%E8%AF%9D%E5%BD%95%E9%9F%B3+%E5%A4%9A%E5%8A%9F%E8%83%BD%E7%AD%89.zip"
"http://shmain.fcloud.store.qq.com/store_raw_download?buid=17021&uuid=50124&key=963ECEB3621672FE7CADAAD4BB44D630582FB8CC1A28848EF1D8A862918823E6&fsname=Moto+XT912+CM12+%E5%AE%89%E5%8D%935.0.2+Beta5.1+%E7%94%B5%E8%AF%9D%E7%9F%AD%E4%BF%A1%E5%BD%92%E5%B1%9E%E5%92%8CT9%E6%8B%A8%E5%8F%B7+%E5%A2%9E%E5%BC%BA%E7%89%88+%E9%80%9A%E8%AF%9D%E5%BD%95%E9%9F%B3.zip"
"http://shmain.fcloud.store.qq.com/store_raw_download?buid=17021&uuid=7939&key=804515A6134AFE2F878C5916A03B7224F7BABFF2F15566FF3139B0237E07C547&fsname=MOTO+DEFY+2.2%E5%86%85%E6%A0%B8MIUI%E6%9E%81%E9%80%9F%E7%B2%BE%E7%AE%80%E7%89%88+%E4%B8%BB%E6%89%93%E6%B5%81%E7%95%85%E7%A8%B3%E5%AE%9A%E7%9C%81%E7%94%B5.zip"
"http://shmain.fcloud.store.qq.com/store_raw_download?buid=17021&uuid=43995&key=4303C730925D834644DBB40380087ED59E7599C271553BA794217AE89EFE0736&fsname=MOTO+XT912+LP5.0%E6%9D%A5%E8%A2%AD+%E6%B0%B8%E4%B9%85Root+%E5%BD%92%E5%B1%9E%E5%9C%B0+100%25%E5%AE%8C%E7%BE%8E%E5%B7%A5%E4%BD%9CROM%E4%B9%8B%E5%AE%B6%E9%A6%96%E5%8F%91.zip"
"http://shmain.fcloud.store.qq.com/store_raw_download?buid=17021&uuid=54831&key=00BC2CB9EE99A98C156710DFB9359CB1419485EFEF5E576A298868BE85BDB37C&fsname=Moto+XT912+Temasek+%E5%AE%89%E5%8D%935.1.1+V11.1+%E5%BD%92%E5%B1%9E%E5%9C%B0%E5%92%8CT9+%E6%9C%AC%E5%9C%B0%E5%A2%9E%E5%BC%BA+%E9%80%9A%E8%AF%9D%E5%BD%95%E9%9F%B3%E7%AD%89.zip"
"http://shmain.fcloud.store.qq.com/store_raw_download?buid=17021&uuid=35147&key=DC136A42893722DD855F082CD79E1F594D2DA8DDA3994CF382AA86CA37A13276&fsname=Moto+XT875+N5X+%E5%AE%89%E5%8D%934.4.4+V1.0+%E5%AE%8C%E7%BE%8E%E5%BD%92%E5%B1%9E%E5%92%8CT9+%E4%B8%AD%E6%96%87%E5%8C%96+%E7%A8%B3%E5%AE%9A%E7%9C%81%E7%94%B5.zip"
"http://shmain.fcloud.store.qq.com/store_raw_download?buid=17021&uuid=51410&key=993DEA0E3EAB09116E757B3A3FD3DA25880B72C42B8F74C22667AD1AF553EC00&fsname=Moto+XT910+Remix5.0.2+V5.3.9+%E5%BD%92%E5%B1%9E%E5%9C%B0%E5%92%8CT9+%E6%9C%AC%E5%9C%B0%E5%A2%9E%E5%BC%BA%E7%89%88+%E9%80%9A%E8%AF%9D%E5%BD%95%E9%9F%B3+%E5%A4%9A%E5%8A%9F%E8%83%BD%E7%AD%89.zip"
"http://shmain.fcloud.store.qq.com/store_raw_download?buid=17021&uuid=51409&key=FC2D77AF1F3D5C2365DCFA6912CAF92AA26F90F9F5C18C99ED16FC6449E6893E&fsname=Moto+XT912+Remix5.0.2+V5.3.9+%E5%BD%92%E5%B1%9E%E5%9C%B0%E5%92%8CT9+%E6%9C%AC%E5%9C%B0%E5%A2%9E%E5%BC%BA%E7%89%88+%E9%80%9A%E8%AF%9D%E5%BD%95%E9%9F%B3+%E5%A4%9A%E5%8A%9F%E8%83%BD%E7%AD%89.zip"
"http://shmain.fcloud.store.qq.com/store_raw_download?buid=17021&uuid=38776&key=8ED7CD644B4B50EE5FC595E8EE4846FEAF95E8AF3E05E4C2D851B11B8BA56A84&fsname=Moto+XT912+CrDroid4.4+V3.0+%E5%BD%92%E5%B1%9E%E5%9C%B0%E5%92%8CT9+%E7%BD%91%E9%80%9F+%E9%94%81%E5%B1%8F%E9%80%9A%E7%9F%A5%E7%AD%89+%E7%A8%B3%E5%AE%9A%E7%9C%81%E7%94%B5.zip"
"http://shmain.fcloud.store.qq.com/store_raw_download?buid=17021&uuid=51406&key=F05695260EB4A80B7CDB3B4CDC7CF3F947A9D0500A5B600B2C1F47708DFCD613&fsname=Moto+XT875+Remix5.0.2+V5.3.9+%E5%BD%92%E5%B1%9E%E5%9C%B0%E5%92%8CT9+%E6%9C%AC%E5%9C%B0%E5%A2%9E%E5%BC%BA%E7%89%88+%E9%80%9A%E8%AF%9D%E5%BD%95%E9%9F%B3+%E5%A4%9A%E5%8A%9F%E8%83%BD%E7%AD%89.zip"
"http://shmain.fcloud.store.qq.com/store_raw_download?buid=17021&uuid=39709&key=19C609BA3A4F9744041846318D8DBD5AC5EA31B04A5A864510F74766F3F32F78&fsname=Moto+XT912+PA4.4+V3.0+%E6%9D%A5%E5%8E%BB%E7%94%B5%E7%9F%AD%E4%BF%A1%E5%BD%92%E5%B1%9E%E5%92%8CT9+%E9%80%9A%E8%AF%9D%E5%BD%95%E9%9F%B3+%E7%8A%B6%E6%80%81%E6%A0%8F%E5%8F%98%E8%89%B2%E9%BE%99.zip"
"http://shmain.fcloud.store.qq.com/store_raw_download?buid=17021&uuid=6105&key=0B9FAFE3366E2CB84A048A9C999614BB875594F2E033150C33F52CF2B8274B44&fsname=MOTO+ME860+2.3.5+Miui+v1.0.0+%E6%8E%A8%E8%8D%90%E4%BD%BF%E7%94%A8.zip"
"http://shmain.fcloud.store.qq.com/store_raw_download?buid=17021&uuid=51095&key=BCC621EFE5256549CD16EB74480DF656000D5D2DD68951D60E19BFE8F25D249A&fsname=Moto+XT912+CrDroid+%E5%AE%89%E5%8D%935.0.2+Beta5.0+%E5%BD%92%E5%B1%9E%E5%9C%B0%E5%92%8CT9+%E5%AE%9E%E7%94%A8%E7%A8%B3%E5%AE%9A%E7%AD%89.zip"
"http://shmain.fcloud.store.qq.com/store_raw_download?buid=17021&uuid=43591&key=A6C7F8B8D6FE24ED0402340FD9139C2BB178C123EDEA062BBC614D1B1081C181&fsname=MOTO+Atrix+4G+ME860+MB860+%E5%88%B7%E6%9C%BA%E5%8C%85+ROM+%E7%B2%BE%E7%AE%80%E4%BC%98%E5%8C%96+%E7%BE%8E%E5%8C%96+ios7%E9%A3%8E%E6%A0%BC+%E9%AB%98%E7%AB%AF%E5%A4%A7%E6%B0%94%E4%B8%8A%E6%A1%A3%E6%AC%A1.zip"
"http://shmain.fcloud.store.qq.com/store_raw_download?buid=17021&uuid=18742&key=028DAAB16C355350E3DD11BC78ABD87B9C9348AA7C7BE66288756F99332F112B&fsname=%5BMK51.1+%E6%AD%A3%E5%BC%8F%E7%89%88%5D+Mokee+Opensource+for+MOTO+Droid+Razr+%28XT912%29.zip"
"http://shmain.fcloud.store.qq.com/store_raw_download?buid=17021&uuid=12716&key=1A195B5A97727393BF33EA64DC3934FB99935D8EADA8BF925B6D589FFADFA0EF&fsname=MOTO+Atrix+4G+ME860+NowWind+2.35%E6%9C%80%E6%96%B0%E7%89%88.zip"
"http://shmain.fcloud.store.qq.com/store_raw_download?buid=17021&uuid=6013&key=BEE26FBC0A18EFD5EB2F19F1452C9C829D7E8C5E6FE6935688FD657867AC0785&fsname=MOTO+Atrix+4G+ME860+2.35+JellyBean+v2.0.zip"
"http://shmain.fcloud.store.qq.com/store_raw_download?buid=17021&uuid=5783&key=A73407D1A1F2780F6DA989679D9E910E8A25B428D9D305F14EB89FF9523AE4DF&fsname=MOTO+Atrix+4G+MB860+CM10+4.1.2+%E6%9E%AB%E5%BD%B1%E7%A7%BB%E6%A4%8D%E7%BC%96%E8%AF%91+%E7%8E%A9%E5%AE%B6%E7%89%88.zip"
"http://shmain.fcloud.store.qq.com/store_raw_download?buid=17021&uuid=50341&key=AF87FDFAC0A0D65761358F02B6D6B41F5933890BE6840638E40ADCFE59A141B2&fsname=Moto+XT912+Pacman5.0.2+Beta1.0+%E5%BD%92%E5%B1%9E%E5%9C%B0%E5%92%8CT9+%E6%9C%AC%E5%9C%B0%E5%A2%9E%E5%BC%BA%E7%89%88+%E7%A8%B3%E5%AE%9A%E5%AE%9E%E7%94%A8.zip"
"http://shmain.fcloud.store.qq.com/store_raw_download?buid=17021&uuid=17033&key=AB99B756451E31AF9557E1048E5FA4D0177F31D860B2B1EC1CA0F3EFF7D8F4F8&fsname=MOTO+Atrix+4G+Miui%E7%9A%84ios7%E9%A3%8E+%E8%99%9A%E6%8B%9F%E5%86%85%E5%AD%98+swap+v4%E9%9F%B3%E6%95%88+%E6%B5%81%E7%95%85%E7%A8%B3%E5%AE%9A.zip"
"http://oss.reflected.net/jenkins/110558/cm-12.1-20150515-NIGHTLY-spyder.zip"
"http://shmain.fcloud.store.qq.com/store_raw_download?buid=17021&uuid=4885&key=082D241E9E5204D77C138EE76A7E59BAD55E2F355CE433A3A675BDB68AFDCEDD&fsname=MOTO+Atrix+4G+ME860+CM10+Android+4.1.1%E4%BD%93%E9%AA%8C%E7%89%88%E5%8F%91%E5%B8%83.zip"
"http://shmain.fcloud.store.qq.com/store_raw_download?buid=17021&uuid=5931&key=2EF58ED3C3A6B7FC175107C32E16B72B96B3A019B6FA4C31672AB7D4E16A32AA&fsname=MOTO+Atrix+4G+CM10+firmware+for+Moto+Atrix+by+Emerson+Pinter_120922.zip"
"http://shmain.fcloud.store.qq.com/store_raw_download?buid=17021&uuid=45981&key=78352AE1AF0F580B08358250BC098381533A66115D1A3247E32FE2B0DD5C0AA9&fsname=MOTO+ME865+%E5%9B%9E%E5%BD%92%E5%AE%98%E6%96%B9+%E6%B5%81%E7%95%85%E7%89%88%E6%9C%AC+%E4%BF%A1%E5%8F%B7%E5%BC%BA+%E7%A8%B3%E5%AE%9A%E5%B7%B2%E6%B5%8B%E8%AF%95.zip"
"http://shmain.fcloud.store.qq.com/store_raw_download?buid=17021&uuid=18738&key=57E5E71107E674563FE3BDE5C9D60B74AEC52DA415129EEEBB15DFEF77382F9C&fsname=%5BMK44.4+%E6%AD%A3%E5%BC%8F%E7%89%88%5D+Mokee+Opensource+for+MOTO+ATRIX+2+%28ME865%29.zip"
"http://shmain.fcloud.store.qq.com/store_raw_download?buid=17021&uuid=17613&key=1E74321150F3520F57FA4728739BC7F79B09242D426576DC8F72882A4539FD83&fsname=MOTO+ME865+miui+V5+%E6%B5%81%E7%95%85%E7%A8%B3%E5%AE%9A%E5%AE%8C%E7%BE%8E%E6%97%A5%E7%94%A8%E7%89%88+8.13%E6%9B%B4%E6%96%B0.zip"
"http://shmain.fcloud.store.qq.com/store_raw_download?buid=17021&uuid=53061&key=12F74A7E03784CB90A07F55A770031D755057FB50A9CC22D951024A6F508323C&fsname=Moto+XT875+RemixV5.4.1+%E5%AE%89%E5%8D%935.1+%E5%BD%92%E5%B1%9E%E5%9C%B0%E5%92%8CT9+%E6%9C%AC%E5%9C%B0%E5%A2%9E%E5%BC%BA%E7%89%88+%E9%80%9A%E8%AF%9D%E5%BD%95%E9%9F%B3+%E5%A4%9A%E5%8A%9F%E8%83%BD%E7%AD%89.zip"
"http://shmain.fcloud.store.qq.com/store_raw_download?buid=17021&uuid=7031&key=D5229C0DF450CEBF519E96B096593D73407770735566D6B130234B3DF08D01C5&fsname=MOTO+ME865+MIUI%E4%BC%98%E5%8C%96%E7%AC%AC%E4%B8%89%E7%89%88+%E7%A0%B4%E8%A7%A3%E4%B8%BB%E9%A2%98%E6%94%B6%E8%B4%B9.zip"
"http://bigota.d.miui.com/3.2.22/miui_ME865_3.2.22_0e587fdc8d_4.0.zip"
"http://shmain.fcloud.store.qq.com/store_raw_download?buid=17021&uuid=19395&key=ED39E27AB1F6A5F2BD6A59049CEBC7BAD7A574A6FE2C8DFE5053060103EB6310&fsname=MOTO+ME865+%E6%B7%B1%E5%BA%A6OS+0719+%E6%9C%80%E7%BB%88%E7%89%88.zip"
"http://shmain.fcloud.store.qq.com/store_raw_download?buid=17021&uuid=18692&key=8963DC91D785D321F41FC0D63838C917B5DAE7768FE34BF5AC04EFFF7599D13A&fsname=MOTO+ME865+Slimbean+Rom+4.3+v1.2+%E6%B1%89%E5%8C%96%E7%A8%B3%E5%AE%9A%E6%B5%81%E7%95%85%E7%89%88.zip"
"http://shmain.fcloud.store.qq.com/store_raw_download?buid=17021&uuid=11735&key=FFED9C6962E59260E3ADC2F35AA89DB9B25E4B44135D95EFFB9DD090B3492AA5&fsname=MOTO_ME865_CN_Q2%E7%AC%AC%E5%85%AD%E7%89%88%E4%BC%98%E5%8C%96+%E6%8E%A8%E8%8D%90%E4%BD%BF%E7%94%A8.zip"
"http://bigota.d.miui.com/2.10.19/miui_ME865_2.10.19_0a15714176_4.0.zip"
"http://miuirom.xiaomi.com/rom/u3350008/4.9.12/miui_me865_santajin_4.9.12_e2bdfd9701_4.4.zip"
"http://shmain.fcloud.store.qq.com/store_raw_download?buid=17021&uuid=7007&key=40FF635EC37F3D7922D6F189D10340160A2EB29BA7E3F817F66F47F85E35E9E2&fsname=Motorola+Atrix+4G+Jelly+Bean+4.1.2+AOKP+for+Atrix+Milestone-1.zip"
"http://shmain.fcloud.store.qq.com/store_raw_download?buid=17021&uuid=2444&key=5EF016791017634CA0290DB7CCF650F4BFB78601C7E449CD8A4517730EFB171F&fsname=%5B10%E6%9C%889%E6%97%A5%E6%9B%B4%E6%96%B0%5D+XT800W+MIUI1.10.7+%E7%BA%AF%E5%87%80%E5%AE%98%E6%96%B9%E4%B8%AD%E6%96%87%E7%A8%B3%E5%AE%9A%E7%89%88.zip"
"http://shmain.fcloud.store.qq.com/store_raw_download?buid=17021&uuid=2160&key=050DF4D8350A746DF34C2D44EA5E7D654DF48B07BD5605B8DA2453F08C806462&fsname=MOTO+XT800+2.2.2+MIUI+%E9%A3%8E%E6%A0%BC%E5%91%8A%E5%88%AB%E7%89%88.zip"
"http://shmain.fcloud.store.qq.com/store_raw_download?buid=17021&uuid=53063&key=9761F189EE1B7480CFAE06816C1A4D832F0D4BFB31C8E43A80147904F1B0E418&fsname=Moto+XT926+RemixV5.4.1+%E5%AE%89%E5%8D%935.1+%E5%BD%92%E5%B1%9E%E5%9C%B0%E5%92%8CT9+%E6%9C%AC%E5%9C%B0%E5%A2%9E%E5%BC%BA%E7%89%88+%E9%80%9A%E8%AF%9D%E5%BD%95%E9%9F%B3+%E5%A4%9A%E5%8A%9F%E8%83%BD%E7%AD%89.zip"
"http://shmain.fcloud.store.qq.com/store_raw_download?buid=17021&uuid=51404&key=13834233F397C4297FB4AEDB1D45227FA5C5B92044E01E9C65D1BAAB5E5C108A&fsname=Moto+XT926+Remix5.0.2+V5.3.9+%E5%BD%92%E5%B1%9E%E5%9C%B0%E5%92%8CT9+%E6%9C%AC%E5%9C%B0%E5%A2%9E%E5%BC%BA%E7%89%88+%E9%80%9A%E8%AF%9D%E5%BD%95%E9%9F%B3+%E5%A4%9A%E5%8A%9F%E8%83%BD%E7%AD%89.zip"
"http://shmain.fcloud.store.qq.com/store_raw_download?buid=17021&uuid=50782&key=95AFE263A04094CACF449B5D73212DABC35A4023D1D436A12D015AEA6AE6707C&fsname=Moto+XT926+BlissPop+%E5%AE%89%E5%8D%935.0.2+V2.2%E7%A8%B3%E5%AE%9A%E7%89%88+%E5%BD%92%E5%B1%9E%E5%9C%B0%E5%92%8CT9+%E6%9C%AC%E5%9C%B0%E5%A2%9E%E5%BC%BA+%E9%80%9A%E8%AF%9D%E5%BD%95%E9%9F%B3.zip"
"http://shmain.fcloud.store.qq.com/store_raw_download?buid=17021&uuid=50425&key=51696D16961DBA79F79C5D3DCB0F315CFB2E803B3B93EB286C8F36DC940AA7B5&fsname=Moto+XT926+Remix5.0.2+V5.3.8+%E5%BD%92%E5%B1%9E%E5%9C%B0%E5%92%8CT9+%E6%9C%AC%E5%9C%B0%E5%A2%9E%E5%BC%BA%E7%89%88+%E9%80%9A%E8%AF%9D%E5%BD%95%E9%9F%B3+%E5%A4%9A%E5%8A%9F%E8%83%BD%E7%AD%89+.zip"
"http://shmain.fcloud.store.qq.com/store_raw_download?buid=17021&uuid=50188&key=1715A6DF6680223C1047466EE28566DCA2150860321A342E05D14668C13E965C&fsname=Moto+XT926+CM12+%E5%AE%89%E5%8D%935.0.2+Beta5.1+%E7%94%B5%E8%AF%9D%E7%9F%AD%E4%BF%A1%E5%BD%92%E5%B1%9E%E5%92%8CT9%E6%8B%A8%E5%8F%B7+%E5%A2%9E%E5%BC%BA%E7%89%88+%E9%80%9A%E8%AF%9D%E5%BD%95%E9%9F%B3.zip"
"http://shmain.fcloud.store.qq.com/store_raw_download?buid=17021&uuid=48770&key=70E2712682F62C2505FE689695C01B91E87F168CD2C0C2525851219155C4CD13&fsname=MOTO+XT926+Pacman5.0.2+V3.1+%E7%94%B5%E8%AF%9D%E7%9F%AD%E4%BF%A1%E5%BD%92%E5%B1%9E%E5%92%8CT9+%E6%9C%AC%E5%9C%B0%E5%A2%9E%E5%BC%BA%E7%89%88.zip"
"http://shmain.fcloud.store.qq.com/store_raw_download?buid=17021&uuid=47683&key=60E89740EE0D8E6A27C7BB95CBB4858D8DF76296102DA9B3F2FCA54E85E458E2&fsname=MOTO+XT926+CrDroid+%E5%AE%89%E5%8D%935.0.2+Beta4.0+%E7%94%B5%E8%AF%9D%E7%9F%AD%E4%BF%A1%E5%BD%92%E5%B1%9E%E5%92%8CT9+%E5%86%9C%E5%8E%86+%E5%A4%9A%E5%8A%9F%E8%83%BD+%E7%A8%B3%E5%AE%9A%E5%AE%9E%E7%94%A8.zip"
"http://shmain.fcloud.store.qq.com/store_raw_download?buid=17021&uuid=38672&key=0D0953BFC809143E77CC5696F3DA8F3D9F0D41540863FEA3D926384233DC5DCB&fsname=MOTO+XT926+CrDroid+V3.0+%E5%AE%8C%E7%BE%8E%E5%BD%92%E5%B1%9E%E5%92%8CT9+%E7%BD%91%E9%80%9F+%E9%94%81%E5%B1%8F%E9%80%9A%E7%9F%A5%E7%AD%89+%E7%A8%B3%E5%AE%9A%E7%9C%81%E7%94%B5.zip"
"http://shmain.fcloud.store.qq.com/store_raw_download?buid=17021&uuid=43276&key=4225945264AF9EF3202A587E4DC8068F2A9F788AC9A55E7E131CB680CC67C624&fsname=MOTO+XT926+Pacman4.4+RC3+V5.1+%E5%BD%92%E5%B1%9E%E5%92%8CT9+o3%E4%BC%98%E5%8C%96+%E9%80%9A%E8%AF%9D%E5%BD%95%E9%9F%B3+%E7%8A%B6%E6%80%81%E6%A0%8F%E5%8F%98%E8%89%B2%E7%AD%89.zip"
"http://shmain.fcloud.store.qq.com/store_raw_download?buid=17021&uuid=37979&key=B56A742BFA46768FE1D03F89F4133A92D6FE203CD58E13610F9AAF2CC0396B4D&fsname=Moto+XT912+CM11+V6.0+Android+L%E4%B8%BB%E9%A2%98+%E5%AE%8C%E7%BE%8E%E5%BD%92%E5%B1%9E%E5%92%8CT9+%E7%A8%B3%E5%AE%9A%E7%9C%81%E7%94%B5.zip"
"http://shmain.fcloud.store.qq.com/store_raw_download?buid=17021&uuid=38129&key=321BE6747E50BB107E66D704D17BD3289AEBD9285ADA82241FCEE4C6647FAB19&fsname=Moto+XT926+Carbon4.4+V6.0+o3%E4%BC%98%E5%8C%96+%E5%AE%8C%E7%BE%8E%E5%BD%92%E5%B1%9E%E5%92%8CT9+%E7%A8%B3%E5%AE%9A+%E9%80%9A%E8%AF%9D%E5%BD%95%E9%9F%B3%E7%AD%89.zip"
"http://shmain.fcloud.store.qq.com/store_raw_download?buid=17021&uuid=19412&key=66500736A9EB3899EEF8103E3FDB8D9C6A3514B7A14E89614B64908A0251D827&fsname=MOTO+ME865+%E5%AE%98%E6%96%B9%E5%92%8Cmiui%E6%9D%82%E4%BA%A4%E7%89%88.zip"
"http://shmain.fcloud.store.qq.com/store_raw_download?buid=17021&uuid=52653&key=49C27ABAAF6E064FB4435E13010BCDB0D217FE3D4E82EBA562A51B0399DF340A&fsname=Moto+X%E4%B8%80%E4%BB%A3%E9%80%9A%E5%88%B7+CM12.1%E5%A2%9E%E5%BC%BA%E7%89%88+%E5%AE%89%E5%8D%935.1+Beta1.0+%E5%BD%92%E5%B1%9E%E5%9C%B0%E5%92%8CT9%E6%8B%A8%E5%8F%B7+%E9%80%9A%E8%AF%9D%E5%BD%95%E9%9F%B3+%E5%86%9C%E5%8E%86%E7%AD%89.zip"
"http://shmain.fcloud.store.qq.com/store_raw_download?buid=17021&uuid=48314&key=6B7B17061EF490F75F0D2E0884810A9B444E36D1EAAB3B4E79BAEEC816F85C54&fsname=Moto+X%E9%80%9A%E5%88%B7+BlissPop+%E5%AE%89%E5%8D%935.0.2+V1.91%E6%AD%A3%E5%BC%8F%E7%A8%B3%E5%AE%9A%E7%89%88+%E5%BD%92%E5%B1%9E%E5%9C%B0%E5%92%8CT9+%E6%9C%AC%E5%9C%B0%E5%A2%9E%E5%BC%BA.zip"
"http://shmain.fcloud.store.qq.com/store_raw_download?buid=17021&uuid=40798&key=E4FC10D7249433DCA21082D1AA31CBCBED24B8C616286026507B6FCC5CAD620C&fsname=MOTO+XT926+CrDroid+V4.0+%E5%BD%92%E5%B1%9E%E5%9C%B0%E5%92%8CT9+%E9%80%9A%E8%AF%9D%E5%BD%95%E9%9F%B3+%E7%8A%B6%E6%80%81%E6%A0%8F%E5%8F%98%E8%89%B2%E9%BE%99+%E7%A8%B3%E5%AE%9A.zip"
"http://shmain.fcloud.store.qq.com/store_raw_download?buid=17021&uuid=49926&key=0DEBE473A34657CA48209C40F20E2DBBB914D3FF649D14A3FE4A747CA46D6DD6&fsname=Moto+X%E9%80%9A%E5%88%B7+CM12+%E5%AE%89%E5%8D%935.0.2+Beta5.1+%E7%94%B5%E8%AF%9D%E7%9F%AD%E4%BF%A1%E5%BD%92%E5%B1%9E%E5%92%8CT9%E6%8B%A8%E5%8F%B7+%E5%A2%9E%E5%BC%BA%E7%89%88+%E9%80%9A%E8%AF%9D%E5%BD%95%E9%9F%B3.zip"
"http://shmain.fcloud.store.qq.com/store_raw_download?buid=17021&uuid=51869&key=9B390439858AE8FD46D89501BEE3B699D2B791428014A10607A7F0FE9D6653B6&fsname=Moto+X%E4%B8%80%E4%BB%A3%E9%80%9A%E5%88%B7+CM12%E5%A2%9E%E5%BC%BA%E7%89%88+%E5%AE%89%E5%8D%935.0.2+RC1+%E5%BD%92%E5%B1%9E%E5%9C%B0%E5%92%8CT9%E6%8B%A8%E5%8F%B7+%E9%80%9A%E8%AF%9D%E5%BD%95%E9%9F%B3.zip"
"http://shmain.fcloud.store.qq.com/store_raw_download?buid=17021&uuid=39100&key=1273C800DC264CD68FBAD199494BA13587B30E98E4DD7AECFA532C530A2040A7&fsname=Moto+X%E9%80%9A%E5%88%B7+Pacman4.4+RC2+V3.0+%E5%BD%92%E5%B1%9E%E5%92%8CT9+o3%E4%BC%98%E5%8C%96+%E7%A8%B3%E5%AE%9A+%E9%80%9A%E8%AF%9D%E5%BD%95%E9%9F%B3.zip"
"http://shmain.fcloud.store.qq.com/store_raw_download?buid=17021&uuid=41441&key=539E9B5C5D8C96584CF8A60A08FE3B5AF7B87B6A98E8A734A7AD5BFF2132929F&fsname=MOTO+XT926+CM11+V7.0+L%E4%B8%BB%E9%A2%98+%E5%BD%92%E5%B1%9E%E5%92%8CT9+%E7%8A%B6%E6%80%81%E6%A0%8F%E5%8F%98%E8%89%B2+%E9%80%9A%E8%AF%9D%E5%BD%95%E9%9F%B3.zip"
"http://shmain.fcloud.store.qq.com/store_raw_download?buid=17021&uuid=48584&key=1F882CBBB93249A436443D7BF77A6A8356CADEB17EB803E5C61767F28D7725A9&fsname=Moto+X%E9%80%9A%E5%88%B7+Pacman5.0.2+V3.1+%E7%94%B5%E8%AF%9D%E7%9F%AD%E4%BF%A1%E5%BD%92%E5%B1%9E%E5%92%8CT9+%E6%9C%AC%E5%9C%B0%E5%A2%9E%E5%BC%BA%E7%89%88.zip"
"http://shmain.fcloud.store.qq.com/store_raw_download?buid=17021&uuid=46632&key=D9BC25332FF798957726632797B9894A93962C25FE615D8B31D004FD904A0DD1&fsname=Moto+X%E9%80%9A%E5%88%B7+BlissPop+%E5%AE%89%E5%8D%935.0.2+V1.7+%E7%94%B5%E8%AF%9D%E7%9F%AD%E4%BF%A1%E5%BD%92%E5%B1%9E%E5%92%8CT9%E6%8B%A8%E5%8F%B7+%E5%A4%9A%E5%8A%9F%E8%83%BD+%E4%B8%AD%E6%96%87.zip"
"http://shmain.fcloud.store.qq.com/store_raw_download?buid=17021&uuid=38773&key=DE8A469A28A42BE252605A6FC477FA9CAC061E67284ADBA4CA1065FBCC3DB9D1&fsname=Moto+X+%E9%80%9A%E5%88%B7+CrDroid4.4+V3.0+%E5%BD%92%E5%B1%9E%E5%9C%B0%E5%92%8CT9+%E7%BD%91%E9%80%9F+%E9%94%81%E5%B1%8F%E9%80%9A%E7%9F%A5%E7%AD%89+%E7%A8%B3%E5%AE%9A%E7%9C%81%E7%94%B5.zip"
"http://shmain.fcloud.store.qq.com/store_raw_download?buid=17021&uuid=38125&key=181837494558D0BF0249E9607F74980988ACE3C1CE8C35780856A0D2D1FC43A3&fsname=Moto+X%E9%80%9A%E5%88%B7+Carbon4.4+V6.0+o3%E4%BC%98%E5%8C%96+%E5%AE%8C%E7%BE%8E%E5%BD%92%E5%B1%9E%E5%92%8CT9+%E7%A8%B3%E5%AE%9A+%E9%80%9A%E8%AF%9D%E5%BD%95%E9%9F%B3%E7%AD%89.zip"
"http://shmain.fcloud.store.qq.com/store_raw_download?buid=17021&uuid=38830&key=22B1645D0A7555DF67B72D85F086567BC5391B47030A710DBB2E2B9B948367C3&fsname=MOTO+Atrix+4G+%E7%B2%BE%E7%AE%80%E4%BC%98%E5%8C%96+%E8%B6%85%E6%B5%81%E7%95%85+%E7%B2%BE%E4%BB%BFv6%E4%BD%93%E9%AA%8C%E7%89%88+%E5%8A%A0%E5%85%A5v6%E7%89%B9%E6%95%88+%E5%8D%8E%E4%B8%BD%E9%AB%98%E7%AB%AF.zip"
"http://shmain.fcloud.store.qq.com/store_raw_download?buid=17021&uuid=51366&key=B4BFCF80372A5AE4B9616F79D8B75DA2C6730FA3480D31703F9EA17EDF09597E&fsname=Moto+X%E4%B8%80%E4%BB%A3%E9%80%9A%E5%88%B7+Remix5.0.2+V5.3.9+%E5%BD%92%E5%B1%9E%E5%9C%B0%E5%92%8CT9+%E6%9C%AC%E5%9C%B0%E5%A2%9E%E5%BC%BA%E7%89%88+%E9%80%9A%E8%AF%9D%E5%BD%95%E9%9F%B3+%E5%A3%B0%E9%9F%B3%E5%AE%8C%E7%BE%8E.zip"
"http://shmain.fcloud.store.qq.com/store_raw_download?buid=17021&uuid=10499&key=6289B438DC9BD8F22B9AAD0392A87B2EE83E8C7C20544231648879DE116B9D85&fsname=MOTO+XT531+%28Domino%2B%29+%E4%BB%BF4.0rom+v2%E7%89%88%E8%87%AA%E5%B8%A6%E7%8A%B6%E6%80%81%E6%A0%8F%E5%BF%AB%E6%8D%B7%E9%94%AE+2%E6%9C%884%E6%97%A5%E6%9B%B4%E6%96%B0.zip"
"http://shmain.fcloud.store.qq.com/store_raw_download?buid=17021&uuid=37978&key=3400654AC6679745655A5CDFB69311012894393C4996B9046F2CF5FD89C34899&fsname=Moto+X%E9%80%9A%E5%88%B7+CM11+V6.0+CM11S%E9%94%81%E5%B1%8F+L%E4%B8%BB%E9%A2%98+%E5%AE%8C%E7%BE%8E%E5%BD%92%E5%B1%9E%E5%92%8CT9+%E9%80%9A%E8%AF%9D%E5%BD%95%E9%9F%B3+%E7%A8%B3%E5%AE%9A%E7%9C%81%E7%94%B5.zip"
"http://shmain.fcloud.store.qq.com/store_raw_download?buid=17021&uuid=14649&key=7C3FC6583AD89D1D3396C96ADC30D8A6207491FF73C163EBB9EBE56559F7AA27&fsname=MOTO+MB855+Jellybean+4.1.1+%E8%BD%AF%E7%B3%96+AOKP+for+Photon+Beta%E7%89%88.zip"
"http://shmain.fcloud.store.qq.com/store_raw_download?buid=17021&uuid=8797&key=D78A91BD543B64D8D850C630886385CC06E727B5F6DB06FD632427556EBD0E4A&fsname=MOTO+MB855+Jellybean+4.1.2+v4.1-U1+LiGux+for+Sunfire+%E7%A7%BB%E6%A4%8D%E7%89%88.zip"
"http://shmain.fcloud.store.qq.com/store_raw_download?buid=17021&uuid=8462&key=BFED6769438E5F6FF0A7085C402409081B235392D7A5C0887E29DA7E857EF0CA&fsname=MOTO+MB855+Jellybean+4.1.1+%E8%BD%AF%E7%B3%96+CM10+for+Photon.zip"
"http://shmain.fcloud.store.qq.com/store_raw_download?buid=17021&uuid=10073&key=060E7AB3F3CEAAADA65D62A0B5643D675A3DBC48866C9C9F4348502CAEF880A9&fsname=MOTO+MB855+Jellybean+4.2.1+%E8%BD%AF%E7%B3%96+CM10.1+for+Sunfire.zip"
"http://shmain.fcloud.store.qq.com/store_raw_download?buid=17021&uuid=8798&key=2543534979259CFB984A95A816090A9D3B77E1EB1D800E1C6879929C0EED8F7C&fsname=MOTO+MB855+Jellybean+4.1.2+Beta1.9a-X-UI+for+Sunfire.zip"
"http://shmain.fcloud.store.qq.com/store_raw_download?buid=17021&uuid=14945&key=4F47096641524E39E76FFF6C462A9BC678762478B4A7FD61F16F8F7A6B524714&fsname=MOTO+MB855+Jellybean+4..1.2+%E7%B1%B3%E6%9F%9A+MIUI+for+Sunfire.zip"
"http://miuirom.xiaomi.com/rom/u3350008/4.9.5/miui_me860_santajin_4.9.5_85de63ae14_4.2.zip"
"http://shmain.fcloud.store.qq.com/store_raw_download?buid=17021&uuid=13574&key=824FFB78EC14B8FE8BD6B3C5B850D3710865B1A3F48E86DA4361D2812D666336&fsname=+MOTO+MB855+Jellybean+4.1.2%E7%B1%B3%E6%9F%9AMIUIV5++for+Sunfire+.zip"
"http://shmain.fcloud.store.qq.com/store_raw_download?buid=17021&uuid=47686&key=030B8DA84EB7ACD0F103BA8E2305BD4409780FEDD5657B0CC77AD449FD75C11E&fsname=Moto+X%E9%80%9A%E5%88%B7+CrDroid+%E5%AE%89%E5%8D%935.0.2+Beta4.0+%E7%94%B5%E8%AF%9D%E7%9F%AD%E4%BF%A1%E5%BD%92%E5%B1%9E%E5%92%8CT9+%E5%86%9C%E5%8E%86+%E5%A4%9A%E5%8A%9F%E8%83%BD+%E7%A8%B3%E5%AE%9A%E5%AE%9E%E7%94%A8.zip"
"http://shmain.fcloud.store.qq.com/store_raw_download?buid=17021&uuid=2376&key=96B72BE30287B1AE85BBB37CAE92C693D29B1F9D90AAD413E8766EFA9E6D235A&fsname=MOTO+MB855+MIUI+V4+%E7%BE%8E%E7%89%88+3.30+Just+for+CDMA.zip"
"http://shmain.fcloud.store.qq.com/store_raw_download?buid=17021&uuid=20733&key=3A1911E0606FD1F64C95C15C7A88322576B2CCCCDE227A58A058C9BEE0A74EB0&fsname=MOTO+ME865+Lewa+OS5+for+MB865+%E7%A8%B3%E5%AE%9A%E7%89%88.zip"
"http://shmain.fcloud.store.qq.com/store_raw_download?buid=17021&uuid=7050&key=AE45316A66AB871A55DE9B50BA52078DDE2311E1D09511F02660BE9E2AE3C4D3&fsname=MOTO+Atrix+4G+ME860+2.37+mokeeos+v2.0.zip"
