NX601J
1
3.4.0-perf-g7626e1e-00538-g5b496a4
4.4.2
msm8974
vivo X710L PD1302
1
3.4.0-perf
4.3
msm8974
vivo Y11t PD1224BT
1
3.4.5
4.2.2
MT6572
vivo S7t NONE
1
3.0.13
4.0.4
MT6575
H5500
1
3.0.13
4.0.3
MT75_H932_ICS
vivo X5L PD1401L
1
3.4.67
4.4.2
MT6592
M811
1
3.4.0-g4efc803
4.3
msm8226
vivo Y13 PD1304B
1
3.4.5
4.2.2
MT6582
ZP950H
1
3.4.5
4.1.2
MT89_V6
vivo X3L PD1227L
1
3.4.0
4.3
msm8226
vivo Y18L PD1402
1
3.4.0
4.3
msm8226
vivo S7 PD1207W2
1
3.4.0
4.1.2
MT6575
K-Touch Tou ch 2
1
3.4.0-gdf2ce8e-00192-g0ffd3de
4.3
msm8226
K-Touch Tou ch3
1
3.4.0-gdf2ce8e-00146-gb609332
4.3
msm8226
vivo Y11i T PD1224CT
1
3.4.5
4.2.2
MT6582
LA4-S
1
3.10.28-gbba12dc-00010-g35bb690-dirty
4.4.4
msm8916
MC003
1
3.10.48+
4.4.4
MT6752_H318
UMI X1
1
3.0.13
4.0.4
MT77_H958_ICS
deovo V5
1
2.6.39.4
4.0.3
tegra
ZP800H
1
3.4.5
4.1.2
MT89_V6
S-F16
1
3.0.21-00003-OMAP-Android
4.0.4
omap4
AMOI N820
1
3.0.13
4.0.4
MT6577
Dream X
1
3.0.13
4.0.4
MT77_H958_ICS
DAKELE MC001
1
3.0.13
4.0.4
MT6577
DAKELE MC001
1
3.0.13
4.0.4
MT6577
U1203
1
3.0.21-perf
4.0.4
msm7627a
GN858
1
3.0.13
4.0.4
MT6577
innos D9C
1
3.0.21-perf
4.0.4
msm7627a
GO M3
1
3.0.21-perf
4.0.4
msm7627a
GOOPHONEi5
1
3.0.13
6.0.1
MT6577
bee 1
1
3.0.21-perf-g9faba6f
4.0.4
msm7627a
BF A16
1
2.6.35.7
2.3.7
MT15M_X300C_V3
Firefly III-V57
1
3.4.5
4.2.1
MT6589
W1
1
3.4.5
4.2.1
MT6589
NEO_N002
1
3.0.13
4.0.4
MT6577
LA-M1
1
3.4.0-perf+
4.1.2
msm7627a
bee 2
1
3.4.5
4.2.1
MT6589
IUNI U810
1
3.4.0-svn88288
4.4.2
msm8974
W960
1
3.4.0
4.1.1
MT6577
ZOPO C2
1
3.4.5
2.0.0-R-20130424.0036
MT89_C2
VOW V5
1
3.4.5
4.2.1
MT6589
UMI X2
1
3.4.5
4.2.1
MT89_V6
GOOPHONE X1
1
3.4.5
4.2.1
MT6589
BigBig
1
3.4.5
4.2.1
MT6589
MC002
1
3.4.5
4.2.1
MT6589
neken N3
1
3.4.5
4.1.2
MT6589
JY-G4
1
3.4.5
4.2.1
MT89_V8
HYUNDAI X7
1
3.4.5
4.2.2
MT6589
U3
1
3.4.0-svn75984
4.4.4
msm8974
ZP980
1
3.4.5
4.2.1
MT89_V7
G9
1
3.4.5
4.1.2
MT89_V6
K-Touch U86
1
3.4.0-perf-g717a55c
4.1.2
msm7627a
neken N5
1
3.4.5
4.2.1
MT6589
AMOI N850
1
3.4.5
2.0.0-R-20130405.2104
MT6589
UBTEL U6
1
3.4.5
4.2.1
MT6589
callbar T5
1
3.4.5
4.2.1
MT6589
F1
1
3.4.0-perf
4.1.2
msm7627a
vivo S7i(t) PD1207CT
1
3.4.5
4.2.2
MT6572
Faea HY509
1
3.4.5
4.2.1
MT6589
D10C
1
3.4.0-perf
4.1.2
msm7627a
vivo Xplay PD1225
1
3.4.0
4.2.2
msm8960
C3
1
3.4.5
4.2.1
MT6589
Newman K1
1
3.4.5
4.2.1
MT6589
ThL W8
1
3.4.5
4.2.1
MT6589
ThL W11
1
3.4.5
4.2.1
MT6589
ThL T3
1
3.4.5
4.2.1
MT6589
Newman K2
1
3.4.5
4.2.1
MT6589
vivo X3t PD1227T
1
3.4.5
4.2.1
MT6589
vivo X1St PD1216T
1
3.4.5
4.2.1
MT6589
VOTO X2
1
3.4.5
4.2.1
MT89_V6
LA-M1-1
1
3.4.5
4.2.1
MT6589
UBTEL U8
1
3.4.5
4.2.2
MT6589
GO N1
1
3.4.5
4.2.2
MT6589
vivo Xplay PD1225
1
3.4.0
4.2.2
msm8960
K5
1
3.4.5
4.2.1
MT6589
UMI C1
1
3.4.5
4.2.1
MT89_G6
N1
1
3.4.0
4.1.1
MT6577
AMOI N828
1
3.4.5
4.2.1
MT6589
W806
1
2.6.36.3
2.3.4
tegra
vivo X1S PD1216B
1
3.4.5
4.2.1
MT6589
ubtel u9
1
3.4.5
4.2.1
MT6589
GALAPAD_S6
1
3.4.5
4.2.2
mt6589
U1
1
3.4.5
4.2.1
MT6589
JY-G2F
1
3.4.5
4.2.2
MT6582
Nokia_X
1
3.4.0-perf
4.1.2
msm7627a
vivo X3S W PD1227B
1
3.4.39
4.2.2
MT6592
G2S
1
3.4.0
4.1.2
MT77_H929
vivo Xplay3S PD1303
1
3.4.0-perf
4.3
msm8974
ETON I6
1
3.4.5
4.2.2
MT6582
Nibiru H1
1
3.4.39
4.2.2
MT6592
