HTC ChaCha
1
2.6.35.10-gddefdf4
2.3.4
msm7k
SM-A5000
1
3.10.28-4396188A
4.4.4
msm8916
HTC Pyramid
1
3.0.16-g31a4fc7
4.0.3
msm8660
SM-G5308W
1
3.10.28-240828A
4.4.4
msm8916
PRO_DS
1
3.0.16-g6cec91a-dirty
4.0.3
msm7k
PRO_DD
1
3.0.16-gb87757c-dirty
4.0.3
msm7k
GT-I9003
1
2.6.35.7-CL1175949
2.3.6
omap3
HTC ProtoTD
1
3.0.8+-gd04305a
4.1.1
prototd
GT-S5830i
1
2.6.35.7
2.3.6
bcm21553
GT-N7108
1
3.0.31-1283703
4.1.2
exynos4
X515e
1
3.4.0-g6383ec1
4.1.2
msm7627a
X515e
1
3.4.0-g609a65f
4.1.2
msm7627a
PRO_TD
1
3.0.16-gddb75d7
4.0.3
msm7x30
X515e
1
3.4.0-g0ee874d
4.1.1
msm7627a
HTC CP2DCG
1
3.0.8+-g036a32f
4.1.1
cp2dcg
GT-S7572
1
3.4.0-912245
4.1.2
msm7627a
HTC CP2DTG
1
3.0.8+-g036a32f
4.1.1
cp2dtg
SCH-I739
1
3.4.0-1283033
4.1.2
msm7627a
GT-I9300
1
3.0.31-2222515
4.3
exynos4
GT-I8268
1
3.4.5-1114026
4.1.2
mrvl
HTC One mini
1
2.6.35.7-CL1175949
4.4.2
msm8960
HTC CP2DUG
1
3.0.8+-g82499d7
4.1.1
cp2dug
GT-I9103
1
3.1.10-1143597
4.0.4
tegra
HTC Pydtd
1
2.6.35.7-g6a0fa91
2.3.7
pydtd
GT-I8262D
1
3.4.0-1443813
4.1.2
msm7627a
HTC 802t 16GB
1
3.4.10-gf22c859
4.4.2
msm8960
SCH-I699
1
2.6.38.6
2.3.6
msm7k
GT-I9082i
1
3.0.31-1535682
4.1.2
capri
GT-I9128
1
3.0.31-1355346
4.1.2
capri
HTC M8t
1
3.4.0-g456a624
4.4.2
msm8974
SCH-I879
1
3.4.0-1345404
4.1.2
msm7627a
SM-G7106
1
3.4.0-2275398
4.3
msm8226
SCH-I869
1
3.4.0-1527941
4.1.2
msm7627a
SM-G7109
1
3.4.0-2717296
4.3
msm8226
SCH-N719
1
3.0.31-999893
4.1.2
exynos4
SM-G3502I
1
3.4.0-2309486
4.3
msm8610
HTC M8Sw
1
3.4.0-g16b6c92
4.4.2
msm8974
GT-S7278
1
3.0.8
4.1.2
sc8810i
SCH-I829
1
3.4.0-1066924
4.1.2
msm7627a
SM-G3858
1
3.4.5-2628277
4.2.2
mrvl
GT-S7562C
1
3.4.5-1533138-user
4.1.2
hawaii
SCH-P709
1
3.4.0-2669384
4.2.2
msm8960
SM-G3586V
1
3.4.0-2734005
4.3
msm8226
SM-G3588V
1
3.4.0-2720389
4.3
msm8226
GT-S7568I
1
3.0.8-1389278-user
4.1.2
sc8810i
HTC Incredible S
1
3.0.16-gfa98030
4.0.4
msm7x30
SM-G3556D
1
3.4.0-1773555
4.4.2
msm8610
HTC M8Sd
1
3.4.0-g75baed5
4.4.2
msm8974
SM-G3812
1
3.4.5-2728862
4.2.2
mrvl
GT-I9158P
1
3.4.0-2704925
4.3
msm8226
GT-I8558
1
3.4.5-1699723
4.2.2
mrvl
GT-I9305
1
3.0.31-2377771
4.3
exynos4
PRO_TD
1
3.0.16-g8cedd08
4.0.3
msm7x30
HTC Desire
1
2.6.35.10-g3f43272
2.3.3
qsd8k
HTC ChaCha
1
2.6.32.21-g528e873
2.3.5
msm7k
SM-G3508I
1
3.0.8
4.1.2
sc8825
EndeavorU
1
2.6.39.4-gc9932b1
4.0.3
tegra
SM-G3818
1
3.4.5-2258295
4.2.2
mrvl
HTC 802w
1
3.4.10-g67fedd3
4.2.2
msm8960
SCH-i929
1
2.6.35.11
2.3.6
msm8660
SM-G900H
1
3.10.9-2712167
4.4.2
exynos5
GT-I9158
1
3.4.0-2701085
4.2.2
msm8960
HTC Holiday
1
3.0.16-g2db6a71
4.0.3
msm8660
HTC Desire S
1
3.0.16-g62a67df
4.0.4
msm7x30
ONE V
1
3.0.16-g42caf24
4.0.3
msm7x30
HTC D820u
1
3.10.28-g090104e
4.4.4
msm8916
GT-I9308
1
3.0.31-1362146
4.1.2
exynos4
GT-I9001
1
2.6.35.7-1212434
2.3.6
msm7k
GT-I8552
1
3.4.0-1427744
4.1.2
msm7627a
GT-S7568
1
3.0.8
4.0.4
sc8810
SCH-I959
1
3.4.5-1362568
4.2.2
exynos5
GT-N7102
1
3.0.31-1041847
4.1.2
exynos4
HTC Pyramid
1
3.0.16-g31a4fc7
4.0.3
msm8660
Desire HD
1
2.6.35.10-g931a37e
2.3.5
msm7x30
GT-I8150
1
2.6.35.7-1216307
2.3.6
msm7k
